<?xml version="1.0" encoding="UTF-8"?>
<testsuite name="tetris.MovementTests" tests="4" skipped="0" failures="4" errors="0" timestamp="2024-09-30T13:18:10" hostname="thinkpad" time="0.311">
  <properties/>
  <testcase name="testMovement" classname="tetris.MovementTests" time="0.018">
    <failure message="org.scalatest.exceptions.TestFailedException: didPass was false&#10;Hint: Moving left, right and down should work as expected&#10;--------------------------------------------------------------------------------&#10;This is what went wrong:&#10;&#10;step=0, rand=4, actions=&lt;&gt;&#10;Want   | Got ✗ &#10;---------------&#10;..SS.. | ......&#10;.SS... | .SS...&#10;...... | ..SS..&#10;...... | ......&#10;&#10;step=1, rand=4, actions=&lt;Left&gt;&#10;Want   | Got ✗ &#10;---------------&#10;.SS... | ......&#10;SS.... | .SS...&#10;...... | ..SS..&#10;...... | ......&#10;&#10;step=2, rand=4, actions=&lt;Right&gt;&#10;Want   | Got ✗ &#10;---------------&#10;..SS.. | ......&#10;.SS... | .SS...&#10;...... | ..SS..&#10;...... | ......&#10;&#10;step=3, rand=4, actions=&lt;Right&gt;&#10;Want   | Got ✗ &#10;---------------&#10;...SS. | ......&#10;..SS.. | .SS...&#10;...... | ..SS..&#10;...... | ......&#10;&#10;step=4, rand=4, actions=&lt;Right&gt;&#10;Want   | Got ✗ &#10;---------------&#10;....SS | ......&#10;...SS. | .SS...&#10;...... | ..SS..&#10;...... | ......&#10;&#10;step=5, rand=4, actions=&lt;Down&gt;&#10;Want   | Got ✗ &#10;---------------&#10;...... | ......&#10;....SS | ......&#10;...SS. | .SS...&#10;...... | ..SS..&#10;&#10;step=6, rand=4, actions=&lt;Left&gt;&#10;Want   | Got ✗ &#10;---------------&#10;...... | ......&#10;...SS. | ......&#10;..SS.. | .SS...&#10;...... | ..SS..&#10;&#10;step=7, rand=4, actions=&lt;Left&gt;&#10;Want   | Got ✗ &#10;---------------&#10;...... | ......&#10;..SS.. | ......&#10;.SS... | .SS...&#10;...... | ..SS..&#10;&#10;step=8, rand=4, actions=&lt;Left&gt;&#10;Want   | Got ✗ &#10;---------------&#10;...... | ......&#10;.SS... | ......&#10;SS.... | .SS...&#10;...... | ..SS..&#10;&#10;step=9, rand=4, actions=&lt;Down&gt;&#10;Want   | Got ✗ &#10;---------------&#10;...... | ......&#10;...... | ......&#10;.SS... | ......&#10;SS.... | .SS...&#10;&#10;step=10, rand=4, actions=&lt;Right&gt;&#10;Want   | Got ✗ &#10;---------------&#10;...... | ......&#10;...... | ......&#10;..SS.. | ......&#10;.SS... | .SS...&#10;&#10;step=11, rand=4, actions=&lt;Right&gt;&#10;Want   | Got ✗ &#10;---------------&#10;...... | ......&#10;...... | ......&#10;...SS. | ......&#10;..SS.. | .SS...&#10;&#10;step=12, rand=4, actions=&lt;Right&gt;&#10;Want   | Got ✗ &#10;---------------&#10;...... | ......&#10;...... | ......&#10;....SS | ......&#10;...SS. | .SS...&#10;&#10;" type="org.scalatest.exceptions.TestFailedException">org.scalatest.exceptions.TestFailedException: didPass was false
Hint: Moving left, right and down should work as expected
--------------------------------------------------------------------------------
This is what went wrong:

step=0, rand=4, actions=&lt;&gt;
Want   | Got ✗ 
---------------
..SS.. | ......
.SS... | .SS...
...... | ..SS..
...... | ......

step=1, rand=4, actions=&lt;Left&gt;
Want   | Got ✗ 
---------------
.SS... | ......
SS.... | .SS...
...... | ..SS..
...... | ......

step=2, rand=4, actions=&lt;Right&gt;
Want   | Got ✗ 
---------------
..SS.. | ......
.SS... | .SS...
...... | ..SS..
...... | ......

step=3, rand=4, actions=&lt;Right&gt;
Want   | Got ✗ 
---------------
...SS. | ......
..SS.. | .SS...
...... | ..SS..
...... | ......

step=4, rand=4, actions=&lt;Right&gt;
Want   | Got ✗ 
---------------
....SS | ......
...SS. | .SS...
...... | ..SS..
...... | ......

step=5, rand=4, actions=&lt;Down&gt;
Want   | Got ✗ 
---------------
...... | ......
....SS | ......
...SS. | .SS...
...... | ..SS..

step=6, rand=4, actions=&lt;Left&gt;
Want   | Got ✗ 
---------------
...... | ......
...SS. | ......
..SS.. | .SS...
...... | ..SS..

step=7, rand=4, actions=&lt;Left&gt;
Want   | Got ✗ 
---------------
...... | ......
..SS.. | ......
.SS... | .SS...
...... | ..SS..

step=8, rand=4, actions=&lt;Left&gt;
Want   | Got ✗ 
---------------
...... | ......
.SS... | ......
SS.... | .SS...
...... | ..SS..

step=9, rand=4, actions=&lt;Down&gt;
Want   | Got ✗ 
---------------
...... | ......
...... | ......
.SS... | ......
SS.... | .SS...

step=10, rand=4, actions=&lt;Right&gt;
Want   | Got ✗ 
---------------
...... | ......
...... | ......
..SS.. | ......
.SS... | .SS...

step=11, rand=4, actions=&lt;Right&gt;
Want   | Got ✗ 
---------------
...... | ......
...... | ......
...SS. | ......
..SS.. | .SS...

step=12, rand=4, actions=&lt;Right&gt;
Want   | Got ✗ 
---------------
...... | ......
...... | ......
....SS | ......
...SS. | .SS...


	at app//org.scalatest.Assertions.newAssertionFailedException(Assertions.scala:530)
	at app//org.scalatest.Assertions.newAssertionFailedException$(Assertions.scala:529)
	at app//org.scalatest.FunSuite.newAssertionFailedException(FunSuite.scala:1560)
	at app//org.scalatest.Assertions$AssertionsHelper.macroAssert(Assertions.scala:503)
	at app//generic.GameTestSuite.checkGame(GameTestSuite.scala:298)
	at app//tetris.TetrisTestSuiteBase.checkGame(TetrisTestSuiteBase.scala:103)
	at app//tetris.MovementTests.$anonfun$new$1(MovementTests.scala:71)
	at app//scala.runtime.java8.JFunction0$mcV$sp.apply(JFunction0$mcV$sp.scala:18)
	at app//infrastructure.TestBase.$anonfun$test$1(TestBase.scala:36)
	at app//org.scalatest.OutcomeOf.outcomeOf(OutcomeOf.scala:85)
	at app//org.scalatest.OutcomeOf.outcomeOf$(OutcomeOf.scala:83)
	at app//org.scalatest.OutcomeOf$.outcomeOf(OutcomeOf.scala:104)
	at app//org.scalatest.Transformer.apply(Transformer.scala:22)
	at app//org.scalatest.Transformer.apply(Transformer.scala:20)
	at app//org.scalatest.FunSuiteLike$$anon$1.apply(FunSuiteLike.scala:186)
	at app//org.scalatest.TestSuite.withFixture(TestSuite.scala:196)
	at app//org.scalatest.TestSuite.withFixture$(TestSuite.scala:195)
	at app//infrastructure.TestBase.org$scalatest$concurrent$TimeLimitedTests$$super$withFixture(TestBase.scala:9)
	at app//org.scalatest.concurrent.TimeLimitedTests.$anonfun$withFixture$3(TimeLimitedTests.scala:154)
	at app//org.scalatest.enablers.Timed$$anon$1.timeoutAfter(Timed.scala:127)
	at app//org.scalatest.concurrent.TimeLimits.failAfterImpl(TimeLimits.scala:239)
	at app//org.scalatest.concurrent.TimeLimits.failAfterImpl$(TimeLimits.scala:233)
	at app//org.scalatest.concurrent.TimeLimits$.failAfterImpl(TimeLimits.scala:305)
	at app//org.scalatest.concurrent.TimeLimitedTests.withFixture(TimeLimitedTests.scala:153)
	at app//org.scalatest.concurrent.TimeLimitedTests.withFixture$(TimeLimitedTests.scala:150)
	at app//infrastructure.TestBase.withFixture(TestBase.scala:9)
	at app//org.scalatest.FunSuiteLike.invokeWithFixture$1(FunSuiteLike.scala:184)
	at app//org.scalatest.FunSuiteLike.$anonfun$runTest$1(FunSuiteLike.scala:196)
	at app//org.scalatest.SuperEngine.runTestImpl(Engine.scala:286)
	at app//org.scalatest.FunSuiteLike.runTest(FunSuiteLike.scala:196)
	at app//org.scalatest.FunSuiteLike.runTest$(FunSuiteLike.scala:178)
	at app//org.scalatest.FunSuite.runTest(FunSuite.scala:1560)
	at app//org.scalatest.FunSuiteLike.$anonfun$runTests$1(FunSuiteLike.scala:229)
	at app//org.scalatest.SuperEngine.$anonfun$runTestsInBranch$1(Engine.scala:393)
	at app//scala.collection.immutable.List.foreach(List.scala:334)
	at app//org.scalatest.SuperEngine.traverseSubNodes$1(Engine.scala:381)
	at app//org.scalatest.SuperEngine.runTestsInBranch(Engine.scala:376)
	at app//org.scalatest.SuperEngine.runTestsImpl(Engine.scala:458)
	at app//org.scalatest.FunSuiteLike.runTests(FunSuiteLike.scala:229)
	at app//org.scalatest.FunSuiteLike.runTests$(FunSuiteLike.scala:228)
	at app//org.scalatest.FunSuite.runTests(FunSuite.scala:1560)
	at app//org.scalatest.Suite.run(Suite.scala:1124)
	at app//org.scalatest.Suite.run$(Suite.scala:1106)
	at app//org.scalatest.FunSuite.org$scalatest$FunSuiteLike$$super$run(FunSuite.scala:1560)
	at app//org.scalatest.FunSuiteLike.$anonfun$run$1(FunSuiteLike.scala:233)
	at app//org.scalatest.SuperEngine.runImpl(Engine.scala:518)
	at app//org.scalatest.FunSuiteLike.run(FunSuiteLike.scala:233)
	at app//org.scalatest.FunSuiteLike.run$(FunSuiteLike.scala:232)
	at app//infrastructure.TestBase.run(TestBase.scala:26)
	at app//org.scalatest.Suite.callExecuteOnSuite$1(Suite.scala:1187)
	at app//org.scalatest.Suite.$anonfun$runNestedSuites$1(Suite.scala:1234)
	at app//scala.collection.ArrayOps$.foreach$extension(ArrayOps.scala:1323)
	at app//org.scalatest.Suite.runNestedSuites(Suite.scala:1232)
	at app//org.scalatest.Suite.runNestedSuites$(Suite.scala:1166)
	at app//org.scalatest.Suites.runNestedSuites(Suites.scala:56)
	at app//org.scalatest.Suite.run(Suite.scala:1121)
	at app//org.scalatest.Suite.run$(Suite.scala:1106)
	at app//tetris.TetrisTestSuitesBase.runDirect(TetrisTestSuitesBase.scala:20)
	at app//tetris.TetrisTestSuitesBase.runWithScoreCounter(TetrisTestSuitesBase.scala:14)
	at app//tetris.TetrisTestSuite3_1.run(TetrisTestSuite3_1.scala:17)
	at app//org.scalatestplus.junit.JUnitRunner.run(JUnitRunner.scala:99)
	at org.gradle.api.internal.tasks.testing.junit.JUnitTestClassExecutor.runTestClass(JUnitTestClassExecutor.java:112)
	at org.gradle.api.internal.tasks.testing.junit.JUnitTestClassExecutor.execute(JUnitTestClassExecutor.java:58)
	at org.gradle.api.internal.tasks.testing.junit.JUnitTestClassExecutor.execute(JUnitTestClassExecutor.java:40)
	at org.gradle.api.internal.tasks.testing.junit.AbstractJUnitTestClassProcessor.processTestClass(AbstractJUnitTestClassProcessor.java:54)
	at org.gradle.api.internal.tasks.testing.SuiteTestClassProcessor.processTestClass(SuiteTestClassProcessor.java:53)
	at java.base@17.0.12/jdk.internal.reflect.NativeMethodAccessorImpl.invoke0(Native Method)
	at java.base@17.0.12/jdk.internal.reflect.NativeMethodAccessorImpl.invoke(Unknown Source)
	at java.base@17.0.12/jdk.internal.reflect.DelegatingMethodAccessorImpl.invoke(Unknown Source)
	at java.base@17.0.12/java.lang.reflect.Method.invoke(Unknown Source)
	at org.gradle.internal.dispatch.ReflectionDispatch.dispatch(ReflectionDispatch.java:36)
	at org.gradle.internal.dispatch.ReflectionDispatch.dispatch(ReflectionDispatch.java:24)
	at org.gradle.internal.dispatch.ContextClassLoaderDispatch.dispatch(ContextClassLoaderDispatch.java:33)
	at org.gradle.internal.dispatch.ProxyDispatchAdapter$DispatchingInvocationHandler.invoke(ProxyDispatchAdapter.java:92)
	at jdk.proxy1/jdk.proxy1.$Proxy4.processTestClass(Unknown Source)
	at org.gradle.api.internal.tasks.testing.worker.TestWorker$2.run(TestWorker.java:183)
	at org.gradle.api.internal.tasks.testing.worker.TestWorker.executeAndMaintainThreadName(TestWorker.java:132)
	at org.gradle.api.internal.tasks.testing.worker.TestWorker.execute(TestWorker.java:103)
	at org.gradle.api.internal.tasks.testing.worker.TestWorker.execute(TestWorker.java:63)
	at org.gradle.process.internal.worker.child.ActionExecutionWorker.execute(ActionExecutionWorker.java:56)
	at org.gradle.process.internal.worker.child.SystemApplicationClassLoaderWorker.call(SystemApplicationClassLoaderWorker.java:121)
	at org.gradle.process.internal.worker.child.SystemApplicationClassLoaderWorker.call(SystemApplicationClassLoaderWorker.java:71)
	at app//worker.org.gradle.process.internal.worker.GradleWorkerMain.run(GradleWorkerMain.java:69)
	at app//worker.org.gradle.process.internal.worker.GradleWorkerMain.main(GradleWorkerMain.java:74)
</failure>
  </testcase>
  <testcase name="testMovement2" classname="tetris.MovementTests" time="0.02">
    <failure message="org.scalatest.exceptions.TestFailedException: didPass was false&#10;Hint: Moving left, right and down should work as expected&#10;--------------------------------------------------------------------------------&#10;This is what went wrong:&#10;&#10;step=0, rand=5, actions=&lt;&gt;&#10;Want    | Got ✗  &#10;-----------------&#10;...T... | .......&#10;..TTT.. | .TTT...&#10;....... | ..T....&#10;....... | .......&#10;&#10;step=1, rand=5, actions=&lt;Left&gt;&#10;Want    | Got ✗  &#10;-----------------&#10;..T.... | .......&#10;.TTT... | .TTT...&#10;....... | ..T....&#10;....... | .......&#10;&#10;step=2, rand=5, actions=&lt;Left&gt;&#10;Want    | Got ✗  &#10;-----------------&#10;.T..... | .......&#10;TTT.... | .TTT...&#10;....... | ..T....&#10;....... | .......&#10;&#10;step=3, rand=5, actions=&lt;Down&gt;&#10;Want    | Got ✗  &#10;-----------------&#10;....... | .......&#10;.T..... | .......&#10;TTT.... | .TTT...&#10;....... | ..T....&#10;&#10;step=4, rand=5, actions=&lt;Right&gt;&#10;Want    | Got ✗  &#10;-----------------&#10;....... | .......&#10;..T.... | .......&#10;.TTT... | .TTT...&#10;....... | ..T....&#10;&#10;step=5, rand=5, actions=&lt;Right&gt;&#10;Want    | Got ✗  &#10;-----------------&#10;....... | .......&#10;...T... | .......&#10;..TTT.. | .TTT...&#10;....... | ..T....&#10;&#10;step=6, rand=5, actions=&lt;Right&gt;&#10;Want    | Got ✗  &#10;-----------------&#10;....... | .......&#10;....T.. | .......&#10;...TTT. | .TTT...&#10;....... | ..T....&#10;&#10;step=7, rand=5, actions=&lt;Right&gt;&#10;Want    | Got ✗  &#10;-----------------&#10;....... | .......&#10;.....T. | .......&#10;....TTT | .TTT...&#10;....... | ..T....&#10;&#10;step=8, rand=5, actions=&lt;Down&gt;&#10;Want    | Got ✗  &#10;-----------------&#10;....... | .......&#10;....... | .......&#10;.....T. | .......&#10;....TTT | .TTT...&#10;&#10;step=9, rand=5, actions=&lt;Left&gt;&#10;Want    | Got ✗  &#10;-----------------&#10;....... | .......&#10;....... | .......&#10;....T.. | .......&#10;...TTT. | .TTT...&#10;&#10;step=10, rand=5, actions=&lt;Left&gt;&#10;Want    | Got ✗  &#10;-----------------&#10;....... | .......&#10;....... | .......&#10;...T... | .......&#10;..TTT.. | .TTT...&#10;&#10;step=11, rand=5, actions=&lt;Left&gt;&#10;Want    | Got ✗  &#10;-----------------&#10;....... | .......&#10;....... | .......&#10;..T.... | .......&#10;.TTT... | .TTT...&#10;&#10;step=12, rand=5, actions=&lt;Left&gt;&#10;Want    | Got ✗  &#10;-----------------&#10;....... | .......&#10;....... | .......&#10;.T..... | .......&#10;TTT.... | .TTT...&#10;&#10;" type="org.scalatest.exceptions.TestFailedException">org.scalatest.exceptions.TestFailedException: didPass was false
Hint: Moving left, right and down should work as expected
--------------------------------------------------------------------------------
This is what went wrong:

step=0, rand=5, actions=&lt;&gt;
Want    | Got ✗  
-----------------
...T... | .......
..TTT.. | .TTT...
....... | ..T....
....... | .......

step=1, rand=5, actions=&lt;Left&gt;
Want    | Got ✗  
-----------------
..T.... | .......
.TTT... | .TTT...
....... | ..T....
....... | .......

step=2, rand=5, actions=&lt;Left&gt;
Want    | Got ✗  
-----------------
.T..... | .......
TTT.... | .TTT...
....... | ..T....
....... | .......

step=3, rand=5, actions=&lt;Down&gt;
Want    | Got ✗  
-----------------
....... | .......
.T..... | .......
TTT.... | .TTT...
....... | ..T....

step=4, rand=5, actions=&lt;Right&gt;
Want    | Got ✗  
-----------------
....... | .......
..T.... | .......
.TTT... | .TTT...
....... | ..T....

step=5, rand=5, actions=&lt;Right&gt;
Want    | Got ✗  
-----------------
....... | .......
...T... | .......
..TTT.. | .TTT...
....... | ..T....

step=6, rand=5, actions=&lt;Right&gt;
Want    | Got ✗  
-----------------
....... | .......
....T.. | .......
...TTT. | .TTT...
....... | ..T....

step=7, rand=5, actions=&lt;Right&gt;
Want    | Got ✗  
-----------------
....... | .......
.....T. | .......
....TTT | .TTT...
....... | ..T....

step=8, rand=5, actions=&lt;Down&gt;
Want    | Got ✗  
-----------------
....... | .......
....... | .......
.....T. | .......
....TTT | .TTT...

step=9, rand=5, actions=&lt;Left&gt;
Want    | Got ✗  
-----------------
....... | .......
....... | .......
....T.. | .......
...TTT. | .TTT...

step=10, rand=5, actions=&lt;Left&gt;
Want    | Got ✗  
-----------------
....... | .......
....... | .......
...T... | .......
..TTT.. | .TTT...

step=11, rand=5, actions=&lt;Left&gt;
Want    | Got ✗  
-----------------
....... | .......
....... | .......
..T.... | .......
.TTT... | .TTT...

step=12, rand=5, actions=&lt;Left&gt;
Want    | Got ✗  
-----------------
....... | .......
....... | .......
.T..... | .......
TTT.... | .TTT...


	at app//org.scalatest.Assertions.newAssertionFailedException(Assertions.scala:530)
	at app//org.scalatest.Assertions.newAssertionFailedException$(Assertions.scala:529)
	at app//org.scalatest.FunSuite.newAssertionFailedException(FunSuite.scala:1560)
	at app//org.scalatest.Assertions$AssertionsHelper.macroAssert(Assertions.scala:503)
	at app//generic.GameTestSuite.checkGame(GameTestSuite.scala:298)
	at app//tetris.TetrisTestSuiteBase.checkGame(TetrisTestSuiteBase.scala:103)
	at app//tetris.MovementTests.$anonfun$new$2(MovementTests.scala:140)
	at app//scala.runtime.java8.JFunction0$mcV$sp.apply(JFunction0$mcV$sp.scala:18)
	at app//infrastructure.TestBase.$anonfun$test$1(TestBase.scala:36)
	at app//org.scalatest.OutcomeOf.outcomeOf(OutcomeOf.scala:85)
	at app//org.scalatest.OutcomeOf.outcomeOf$(OutcomeOf.scala:83)
	at app//org.scalatest.OutcomeOf$.outcomeOf(OutcomeOf.scala:104)
	at app//org.scalatest.Transformer.apply(Transformer.scala:22)
	at app//org.scalatest.Transformer.apply(Transformer.scala:20)
	at app//org.scalatest.FunSuiteLike$$anon$1.apply(FunSuiteLike.scala:186)
	at app//org.scalatest.TestSuite.withFixture(TestSuite.scala:196)
	at app//org.scalatest.TestSuite.withFixture$(TestSuite.scala:195)
	at app//infrastructure.TestBase.org$scalatest$concurrent$TimeLimitedTests$$super$withFixture(TestBase.scala:9)
	at app//org.scalatest.concurrent.TimeLimitedTests.$anonfun$withFixture$3(TimeLimitedTests.scala:154)
	at app//org.scalatest.enablers.Timed$$anon$1.timeoutAfter(Timed.scala:127)
	at app//org.scalatest.concurrent.TimeLimits.failAfterImpl(TimeLimits.scala:239)
	at app//org.scalatest.concurrent.TimeLimits.failAfterImpl$(TimeLimits.scala:233)
	at app//org.scalatest.concurrent.TimeLimits$.failAfterImpl(TimeLimits.scala:305)
	at app//org.scalatest.concurrent.TimeLimitedTests.withFixture(TimeLimitedTests.scala:153)
	at app//org.scalatest.concurrent.TimeLimitedTests.withFixture$(TimeLimitedTests.scala:150)
	at app//infrastructure.TestBase.withFixture(TestBase.scala:9)
	at app//org.scalatest.FunSuiteLike.invokeWithFixture$1(FunSuiteLike.scala:184)
	at app//org.scalatest.FunSuiteLike.$anonfun$runTest$1(FunSuiteLike.scala:196)
	at app//org.scalatest.SuperEngine.runTestImpl(Engine.scala:286)
	at app//org.scalatest.FunSuiteLike.runTest(FunSuiteLike.scala:196)
	at app//org.scalatest.FunSuiteLike.runTest$(FunSuiteLike.scala:178)
	at app//org.scalatest.FunSuite.runTest(FunSuite.scala:1560)
	at app//org.scalatest.FunSuiteLike.$anonfun$runTests$1(FunSuiteLike.scala:229)
	at app//org.scalatest.SuperEngine.$anonfun$runTestsInBranch$1(Engine.scala:393)
	at app//scala.collection.immutable.List.foreach(List.scala:334)
	at app//org.scalatest.SuperEngine.traverseSubNodes$1(Engine.scala:381)
	at app//org.scalatest.SuperEngine.runTestsInBranch(Engine.scala:376)
	at app//org.scalatest.SuperEngine.runTestsImpl(Engine.scala:458)
	at app//org.scalatest.FunSuiteLike.runTests(FunSuiteLike.scala:229)
	at app//org.scalatest.FunSuiteLike.runTests$(FunSuiteLike.scala:228)
	at app//org.scalatest.FunSuite.runTests(FunSuite.scala:1560)
	at app//org.scalatest.Suite.run(Suite.scala:1124)
	at app//org.scalatest.Suite.run$(Suite.scala:1106)
	at app//org.scalatest.FunSuite.org$scalatest$FunSuiteLike$$super$run(FunSuite.scala:1560)
	at app//org.scalatest.FunSuiteLike.$anonfun$run$1(FunSuiteLike.scala:233)
	at app//org.scalatest.SuperEngine.runImpl(Engine.scala:518)
	at app//org.scalatest.FunSuiteLike.run(FunSuiteLike.scala:233)
	at app//org.scalatest.FunSuiteLike.run$(FunSuiteLike.scala:232)
	at app//infrastructure.TestBase.run(TestBase.scala:26)
	at app//org.scalatest.Suite.callExecuteOnSuite$1(Suite.scala:1187)
	at app//org.scalatest.Suite.$anonfun$runNestedSuites$1(Suite.scala:1234)
	at app//scala.collection.ArrayOps$.foreach$extension(ArrayOps.scala:1323)
	at app//org.scalatest.Suite.runNestedSuites(Suite.scala:1232)
	at app//org.scalatest.Suite.runNestedSuites$(Suite.scala:1166)
	at app//org.scalatest.Suites.runNestedSuites(Suites.scala:56)
	at app//org.scalatest.Suite.run(Suite.scala:1121)
	at app//org.scalatest.Suite.run$(Suite.scala:1106)
	at app//tetris.TetrisTestSuitesBase.runDirect(TetrisTestSuitesBase.scala:20)
	at app//tetris.TetrisTestSuitesBase.runWithScoreCounter(TetrisTestSuitesBase.scala:14)
	at app//tetris.TetrisTestSuite3_1.run(TetrisTestSuite3_1.scala:17)
	at app//org.scalatestplus.junit.JUnitRunner.run(JUnitRunner.scala:99)
	at org.gradle.api.internal.tasks.testing.junit.JUnitTestClassExecutor.runTestClass(JUnitTestClassExecutor.java:112)
	at org.gradle.api.internal.tasks.testing.junit.JUnitTestClassExecutor.execute(JUnitTestClassExecutor.java:58)
	at org.gradle.api.internal.tasks.testing.junit.JUnitTestClassExecutor.execute(JUnitTestClassExecutor.java:40)
	at org.gradle.api.internal.tasks.testing.junit.AbstractJUnitTestClassProcessor.processTestClass(AbstractJUnitTestClassProcessor.java:54)
	at org.gradle.api.internal.tasks.testing.SuiteTestClassProcessor.processTestClass(SuiteTestClassProcessor.java:53)
	at java.base@17.0.12/jdk.internal.reflect.NativeMethodAccessorImpl.invoke0(Native Method)
	at java.base@17.0.12/jdk.internal.reflect.NativeMethodAccessorImpl.invoke(Unknown Source)
	at java.base@17.0.12/jdk.internal.reflect.DelegatingMethodAccessorImpl.invoke(Unknown Source)
	at java.base@17.0.12/java.lang.reflect.Method.invoke(Unknown Source)
	at org.gradle.internal.dispatch.ReflectionDispatch.dispatch(ReflectionDispatch.java:36)
	at org.gradle.internal.dispatch.ReflectionDispatch.dispatch(ReflectionDispatch.java:24)
	at org.gradle.internal.dispatch.ContextClassLoaderDispatch.dispatch(ContextClassLoaderDispatch.java:33)
	at org.gradle.internal.dispatch.ProxyDispatchAdapter$DispatchingInvocationHandler.invoke(ProxyDispatchAdapter.java:92)
	at jdk.proxy1/jdk.proxy1.$Proxy4.processTestClass(Unknown Source)
	at org.gradle.api.internal.tasks.testing.worker.TestWorker$2.run(TestWorker.java:183)
	at org.gradle.api.internal.tasks.testing.worker.TestWorker.executeAndMaintainThreadName(TestWorker.java:132)
	at org.gradle.api.internal.tasks.testing.worker.TestWorker.execute(TestWorker.java:103)
	at org.gradle.api.internal.tasks.testing.worker.TestWorker.execute(TestWorker.java:63)
	at org.gradle.process.internal.worker.child.ActionExecutionWorker.execute(ActionExecutionWorker.java:56)
	at org.gradle.process.internal.worker.child.SystemApplicationClassLoaderWorker.call(SystemApplicationClassLoaderWorker.java:121)
	at org.gradle.process.internal.worker.child.SystemApplicationClassLoaderWorker.call(SystemApplicationClassLoaderWorker.java:71)
	at app//worker.org.gradle.process.internal.worker.GradleWorkerMain.run(GradleWorkerMain.java:69)
	at app//worker.org.gradle.process.internal.worker.GradleWorkerMain.main(GradleWorkerMain.java:74)
</failure>
  </testcase>
  <testcase name="testMovement" classname="tetris.MovementTests" time="0.009">
    <failure message="org.scalatest.exceptions.TestFailedException: didPass was false&#10;Hint: Moving left, right and down should work as expected&#10;--------------------------------------------------------------------------------&#10;This is what went wrong:&#10;&#10;step=0, rand=4, actions=&lt;&gt;&#10;Want   | Got ✗ &#10;---------------&#10;..SS.. | ......&#10;.SS... | .SS...&#10;...... | ..SS..&#10;...... | ......&#10;&#10;step=1, rand=4, actions=&lt;Left&gt;&#10;Want   | Got ✗ &#10;---------------&#10;.SS... | ......&#10;SS.... | .SS...&#10;...... | ..SS..&#10;...... | ......&#10;&#10;step=2, rand=4, actions=&lt;Right&gt;&#10;Want   | Got ✗ &#10;---------------&#10;..SS.. | ......&#10;.SS... | .SS...&#10;...... | ..SS..&#10;...... | ......&#10;&#10;step=3, rand=4, actions=&lt;Right&gt;&#10;Want   | Got ✗ &#10;---------------&#10;...SS. | ......&#10;..SS.. | .SS...&#10;...... | ..SS..&#10;...... | ......&#10;&#10;step=4, rand=4, actions=&lt;Right&gt;&#10;Want   | Got ✗ &#10;---------------&#10;....SS | ......&#10;...SS. | .SS...&#10;...... | ..SS..&#10;...... | ......&#10;&#10;step=5, rand=4, actions=&lt;Down&gt;&#10;Want   | Got ✗ &#10;---------------&#10;...... | ......&#10;....SS | ......&#10;...SS. | .SS...&#10;...... | ..SS..&#10;&#10;step=6, rand=4, actions=&lt;Left&gt;&#10;Want   | Got ✗ &#10;---------------&#10;...... | ......&#10;...SS. | ......&#10;..SS.. | .SS...&#10;...... | ..SS..&#10;&#10;step=7, rand=4, actions=&lt;Left&gt;&#10;Want   | Got ✗ &#10;---------------&#10;...... | ......&#10;..SS.. | ......&#10;.SS... | .SS...&#10;...... | ..SS..&#10;&#10;step=8, rand=4, actions=&lt;Left&gt;&#10;Want   | Got ✗ &#10;---------------&#10;...... | ......&#10;.SS... | ......&#10;SS.... | .SS...&#10;...... | ..SS..&#10;&#10;step=9, rand=4, actions=&lt;Down&gt;&#10;Want   | Got ✗ &#10;---------------&#10;...... | ......&#10;...... | ......&#10;.SS... | ......&#10;SS.... | .SS...&#10;&#10;step=10, rand=4, actions=&lt;Right&gt;&#10;Want   | Got ✗ &#10;---------------&#10;...... | ......&#10;...... | ......&#10;..SS.. | ......&#10;.SS... | .SS...&#10;&#10;step=11, rand=4, actions=&lt;Right&gt;&#10;Want   | Got ✗ &#10;---------------&#10;...... | ......&#10;...... | ......&#10;...SS. | ......&#10;..SS.. | .SS...&#10;&#10;step=12, rand=4, actions=&lt;Right&gt;&#10;Want   | Got ✗ &#10;---------------&#10;...... | ......&#10;...... | ......&#10;....SS | ......&#10;...SS. | .SS...&#10;&#10;" type="org.scalatest.exceptions.TestFailedException">org.scalatest.exceptions.TestFailedException: didPass was false
Hint: Moving left, right and down should work as expected
--------------------------------------------------------------------------------
This is what went wrong:

step=0, rand=4, actions=&lt;&gt;
Want   | Got ✗ 
---------------
..SS.. | ......
.SS... | .SS...
...... | ..SS..
...... | ......

step=1, rand=4, actions=&lt;Left&gt;
Want   | Got ✗ 
---------------
.SS... | ......
SS.... | .SS...
...... | ..SS..
...... | ......

step=2, rand=4, actions=&lt;Right&gt;
Want   | Got ✗ 
---------------
..SS.. | ......
.SS... | .SS...
...... | ..SS..
...... | ......

step=3, rand=4, actions=&lt;Right&gt;
Want   | Got ✗ 
---------------
...SS. | ......
..SS.. | .SS...
...... | ..SS..
...... | ......

step=4, rand=4, actions=&lt;Right&gt;
Want   | Got ✗ 
---------------
....SS | ......
...SS. | .SS...
...... | ..SS..
...... | ......

step=5, rand=4, actions=&lt;Down&gt;
Want   | Got ✗ 
---------------
...... | ......
....SS | ......
...SS. | .SS...
...... | ..SS..

step=6, rand=4, actions=&lt;Left&gt;
Want   | Got ✗ 
---------------
...... | ......
...SS. | ......
..SS.. | .SS...
...... | ..SS..

step=7, rand=4, actions=&lt;Left&gt;
Want   | Got ✗ 
---------------
...... | ......
..SS.. | ......
.SS... | .SS...
...... | ..SS..

step=8, rand=4, actions=&lt;Left&gt;
Want   | Got ✗ 
---------------
...... | ......
.SS... | ......
SS.... | .SS...
...... | ..SS..

step=9, rand=4, actions=&lt;Down&gt;
Want   | Got ✗ 
---------------
...... | ......
...... | ......
.SS... | ......
SS.... | .SS...

step=10, rand=4, actions=&lt;Right&gt;
Want   | Got ✗ 
---------------
...... | ......
...... | ......
..SS.. | ......
.SS... | .SS...

step=11, rand=4, actions=&lt;Right&gt;
Want   | Got ✗ 
---------------
...... | ......
...... | ......
...SS. | ......
..SS.. | .SS...

step=12, rand=4, actions=&lt;Right&gt;
Want   | Got ✗ 
---------------
...... | ......
...... | ......
....SS | ......
...SS. | .SS...


	at app//org.scalatest.Assertions.newAssertionFailedException(Assertions.scala:530)
	at app//org.scalatest.Assertions.newAssertionFailedException$(Assertions.scala:529)
	at app//org.scalatest.FunSuite.newAssertionFailedException(FunSuite.scala:1560)
	at app//org.scalatest.Assertions$AssertionsHelper.macroAssert(Assertions.scala:503)
	at app//generic.GameTestSuite.checkGame(GameTestSuite.scala:298)
	at app//tetris.TetrisTestSuiteBase.checkGame(TetrisTestSuiteBase.scala:103)
	at app//tetris.MovementTests.$anonfun$new$1(MovementTests.scala:71)
	at app//scala.runtime.java8.JFunction0$mcV$sp.apply(JFunction0$mcV$sp.scala:18)
	at app//infrastructure.TestBase.$anonfun$test$1(TestBase.scala:36)
	at app//org.scalatest.OutcomeOf.outcomeOf(OutcomeOf.scala:85)
	at app//org.scalatest.OutcomeOf.outcomeOf$(OutcomeOf.scala:83)
	at app//org.scalatest.OutcomeOf$.outcomeOf(OutcomeOf.scala:104)
	at app//org.scalatest.Transformer.apply(Transformer.scala:22)
	at app//org.scalatest.Transformer.apply(Transformer.scala:20)
	at app//org.scalatest.FunSuiteLike$$anon$1.apply(FunSuiteLike.scala:186)
	at app//org.scalatest.TestSuite.withFixture(TestSuite.scala:196)
	at app//org.scalatest.TestSuite.withFixture$(TestSuite.scala:195)
	at app//infrastructure.TestBase.org$scalatest$concurrent$TimeLimitedTests$$super$withFixture(TestBase.scala:9)
	at app//org.scalatest.concurrent.TimeLimitedTests.$anonfun$withFixture$3(TimeLimitedTests.scala:154)
	at app//org.scalatest.enablers.Timed$$anon$1.timeoutAfter(Timed.scala:127)
	at app//org.scalatest.concurrent.TimeLimits.failAfterImpl(TimeLimits.scala:239)
	at app//org.scalatest.concurrent.TimeLimits.failAfterImpl$(TimeLimits.scala:233)
	at app//org.scalatest.concurrent.TimeLimits$.failAfterImpl(TimeLimits.scala:305)
	at app//org.scalatest.concurrent.TimeLimitedTests.withFixture(TimeLimitedTests.scala:153)
	at app//org.scalatest.concurrent.TimeLimitedTests.withFixture$(TimeLimitedTests.scala:150)
	at app//infrastructure.TestBase.withFixture(TestBase.scala:9)
	at app//org.scalatest.FunSuiteLike.invokeWithFixture$1(FunSuiteLike.scala:184)
	at app//org.scalatest.FunSuiteLike.$anonfun$runTest$1(FunSuiteLike.scala:196)
	at app//org.scalatest.SuperEngine.runTestImpl(Engine.scala:286)
	at app//org.scalatest.FunSuiteLike.runTest(FunSuiteLike.scala:196)
	at app//org.scalatest.FunSuiteLike.runTest$(FunSuiteLike.scala:178)
	at app//org.scalatest.FunSuite.runTest(FunSuite.scala:1560)
	at app//org.scalatest.FunSuiteLike.$anonfun$runTests$1(FunSuiteLike.scala:229)
	at app//org.scalatest.SuperEngine.$anonfun$runTestsInBranch$1(Engine.scala:393)
	at app//scala.collection.immutable.List.foreach(List.scala:334)
	at app//org.scalatest.SuperEngine.traverseSubNodes$1(Engine.scala:381)
	at app//org.scalatest.SuperEngine.runTestsInBranch(Engine.scala:376)
	at app//org.scalatest.SuperEngine.runTestsImpl(Engine.scala:458)
	at app//org.scalatest.FunSuiteLike.runTests(FunSuiteLike.scala:229)
	at app//org.scalatest.FunSuiteLike.runTests$(FunSuiteLike.scala:228)
	at app//org.scalatest.FunSuite.runTests(FunSuite.scala:1560)
	at app//org.scalatest.Suite.run(Suite.scala:1124)
	at app//org.scalatest.Suite.run$(Suite.scala:1106)
	at app//org.scalatest.FunSuite.org$scalatest$FunSuiteLike$$super$run(FunSuite.scala:1560)
	at app//org.scalatest.FunSuiteLike.$anonfun$run$1(FunSuiteLike.scala:233)
	at app//org.scalatest.SuperEngine.runImpl(Engine.scala:518)
	at app//org.scalatest.FunSuiteLike.run(FunSuiteLike.scala:233)
	at app//org.scalatest.FunSuiteLike.run$(FunSuiteLike.scala:232)
	at app//infrastructure.TestBase.run(TestBase.scala:26)
	at app//org.scalatest.Suite.callExecuteOnSuite$1(Suite.scala:1187)
	at app//org.scalatest.Suite.$anonfun$runNestedSuites$1(Suite.scala:1234)
	at app//scala.collection.ArrayOps$.foreach$extension(ArrayOps.scala:1323)
	at app//org.scalatest.Suite.runNestedSuites(Suite.scala:1232)
	at app//org.scalatest.Suite.runNestedSuites$(Suite.scala:1166)
	at app//org.scalatest.Suites.runNestedSuites(Suites.scala:56)
	at app//org.scalatest.Suite.run(Suite.scala:1121)
	at app//org.scalatest.Suite.run$(Suite.scala:1106)
	at app//tetris.TetrisTestSuitesBase.runDirect(TetrisTestSuitesBase.scala:20)
	at app//tetris.TetrisTestSuitesBase.runWithScoreCounter(TetrisTestSuitesBase.scala:14)
	at app//tetris.TetrisTestSuite3_2.run(TetrisTestSuite3_2.scala:25)
	at app//org.scalatestplus.junit.JUnitRunner.run(JUnitRunner.scala:99)
	at org.gradle.api.internal.tasks.testing.junit.JUnitTestClassExecutor.runTestClass(JUnitTestClassExecutor.java:112)
	at org.gradle.api.internal.tasks.testing.junit.JUnitTestClassExecutor.execute(JUnitTestClassExecutor.java:58)
	at org.gradle.api.internal.tasks.testing.junit.JUnitTestClassExecutor.execute(JUnitTestClassExecutor.java:40)
	at org.gradle.api.internal.tasks.testing.junit.AbstractJUnitTestClassProcessor.processTestClass(AbstractJUnitTestClassProcessor.java:54)
	at org.gradle.api.internal.tasks.testing.SuiteTestClassProcessor.processTestClass(SuiteTestClassProcessor.java:53)
	at java.base@17.0.12/jdk.internal.reflect.NativeMethodAccessorImpl.invoke0(Native Method)
	at java.base@17.0.12/jdk.internal.reflect.NativeMethodAccessorImpl.invoke(Unknown Source)
	at java.base@17.0.12/jdk.internal.reflect.DelegatingMethodAccessorImpl.invoke(Unknown Source)
	at java.base@17.0.12/java.lang.reflect.Method.invoke(Unknown Source)
	at org.gradle.internal.dispatch.ReflectionDispatch.dispatch(ReflectionDispatch.java:36)
	at org.gradle.internal.dispatch.ReflectionDispatch.dispatch(ReflectionDispatch.java:24)
	at org.gradle.internal.dispatch.ContextClassLoaderDispatch.dispatch(ContextClassLoaderDispatch.java:33)
	at org.gradle.internal.dispatch.ProxyDispatchAdapter$DispatchingInvocationHandler.invoke(ProxyDispatchAdapter.java:92)
	at jdk.proxy1/jdk.proxy1.$Proxy4.processTestClass(Unknown Source)
	at org.gradle.api.internal.tasks.testing.worker.TestWorker$2.run(TestWorker.java:183)
	at org.gradle.api.internal.tasks.testing.worker.TestWorker.executeAndMaintainThreadName(TestWorker.java:132)
	at org.gradle.api.internal.tasks.testing.worker.TestWorker.execute(TestWorker.java:103)
	at org.gradle.api.internal.tasks.testing.worker.TestWorker.execute(TestWorker.java:63)
	at org.gradle.process.internal.worker.child.ActionExecutionWorker.execute(ActionExecutionWorker.java:56)
	at org.gradle.process.internal.worker.child.SystemApplicationClassLoaderWorker.call(SystemApplicationClassLoaderWorker.java:121)
	at org.gradle.process.internal.worker.child.SystemApplicationClassLoaderWorker.call(SystemApplicationClassLoaderWorker.java:71)
	at app//worker.org.gradle.process.internal.worker.GradleWorkerMain.run(GradleWorkerMain.java:69)
	at app//worker.org.gradle.process.internal.worker.GradleWorkerMain.main(GradleWorkerMain.java:74)
</failure>
  </testcase>
  <testcase name="testMovement2" classname="tetris.MovementTests" time="0.009">
    <failure message="org.scalatest.exceptions.TestFailedException: didPass was false&#10;Hint: Moving left, right and down should work as expected&#10;--------------------------------------------------------------------------------&#10;This is what went wrong:&#10;&#10;step=0, rand=5, actions=&lt;&gt;&#10;Want    | Got ✗  &#10;-----------------&#10;...T... | .......&#10;..TTT.. | .TTT...&#10;....... | ..T....&#10;....... | .......&#10;&#10;step=1, rand=5, actions=&lt;Left&gt;&#10;Want    | Got ✗  &#10;-----------------&#10;..T.... | .......&#10;.TTT... | .TTT...&#10;....... | ..T....&#10;....... | .......&#10;&#10;step=2, rand=5, actions=&lt;Left&gt;&#10;Want    | Got ✗  &#10;-----------------&#10;.T..... | .......&#10;TTT.... | .TTT...&#10;....... | ..T....&#10;....... | .......&#10;&#10;step=3, rand=5, actions=&lt;Down&gt;&#10;Want    | Got ✗  &#10;-----------------&#10;....... | .......&#10;.T..... | .......&#10;TTT.... | .TTT...&#10;....... | ..T....&#10;&#10;step=4, rand=5, actions=&lt;Right&gt;&#10;Want    | Got ✗  &#10;-----------------&#10;....... | .......&#10;..T.... | .......&#10;.TTT... | .TTT...&#10;....... | ..T....&#10;&#10;step=5, rand=5, actions=&lt;Right&gt;&#10;Want    | Got ✗  &#10;-----------------&#10;....... | .......&#10;...T... | .......&#10;..TTT.. | .TTT...&#10;....... | ..T....&#10;&#10;step=6, rand=5, actions=&lt;Right&gt;&#10;Want    | Got ✗  &#10;-----------------&#10;....... | .......&#10;....T.. | .......&#10;...TTT. | .TTT...&#10;....... | ..T....&#10;&#10;step=7, rand=5, actions=&lt;Right&gt;&#10;Want    | Got ✗  &#10;-----------------&#10;....... | .......&#10;.....T. | .......&#10;....TTT | .TTT...&#10;....... | ..T....&#10;&#10;step=8, rand=5, actions=&lt;Down&gt;&#10;Want    | Got ✗  &#10;-----------------&#10;....... | .......&#10;....... | .......&#10;.....T. | .......&#10;....TTT | .TTT...&#10;&#10;step=9, rand=5, actions=&lt;Left&gt;&#10;Want    | Got ✗  &#10;-----------------&#10;....... | .......&#10;....... | .......&#10;....T.. | .......&#10;...TTT. | .TTT...&#10;&#10;step=10, rand=5, actions=&lt;Left&gt;&#10;Want    | Got ✗  &#10;-----------------&#10;....... | .......&#10;....... | .......&#10;...T... | .......&#10;..TTT.. | .TTT...&#10;&#10;step=11, rand=5, actions=&lt;Left&gt;&#10;Want    | Got ✗  &#10;-----------------&#10;....... | .......&#10;....... | .......&#10;..T.... | .......&#10;.TTT... | .TTT...&#10;&#10;step=12, rand=5, actions=&lt;Left&gt;&#10;Want    | Got ✗  &#10;-----------------&#10;....... | .......&#10;....... | .......&#10;.T..... | .......&#10;TTT.... | .TTT...&#10;&#10;" type="org.scalatest.exceptions.TestFailedException">org.scalatest.exceptions.TestFailedException: didPass was false
Hint: Moving left, right and down should work as expected
--------------------------------------------------------------------------------
This is what went wrong:

step=0, rand=5, actions=&lt;&gt;
Want    | Got ✗  
-----------------
...T... | .......
..TTT.. | .TTT...
....... | ..T....
....... | .......

step=1, rand=5, actions=&lt;Left&gt;
Want    | Got ✗  
-----------------
..T.... | .......
.TTT... | .TTT...
....... | ..T....
....... | .......

step=2, rand=5, actions=&lt;Left&gt;
Want    | Got ✗  
-----------------
.T..... | .......
TTT.... | .TTT...
....... | ..T....
....... | .......

step=3, rand=5, actions=&lt;Down&gt;
Want    | Got ✗  
-----------------
....... | .......
.T..... | .......
TTT.... | .TTT...
....... | ..T....

step=4, rand=5, actions=&lt;Right&gt;
Want    | Got ✗  
-----------------
....... | .......
..T.... | .......
.TTT... | .TTT...
....... | ..T....

step=5, rand=5, actions=&lt;Right&gt;
Want    | Got ✗  
-----------------
....... | .......
...T... | .......
..TTT.. | .TTT...
....... | ..T....

step=6, rand=5, actions=&lt;Right&gt;
Want    | Got ✗  
-----------------
....... | .......
....T.. | .......
...TTT. | .TTT...
....... | ..T....

step=7, rand=5, actions=&lt;Right&gt;
Want    | Got ✗  
-----------------
....... | .......
.....T. | .......
....TTT | .TTT...
....... | ..T....

step=8, rand=5, actions=&lt;Down&gt;
Want    | Got ✗  
-----------------
....... | .......
....... | .......
.....T. | .......
....TTT | .TTT...

step=9, rand=5, actions=&lt;Left&gt;
Want    | Got ✗  
-----------------
....... | .......
....... | .......
....T.. | .......
...TTT. | .TTT...

step=10, rand=5, actions=&lt;Left&gt;
Want    | Got ✗  
-----------------
....... | .......
....... | .......
...T... | .......
..TTT.. | .TTT...

step=11, rand=5, actions=&lt;Left&gt;
Want    | Got ✗  
-----------------
....... | .......
....... | .......
..T.... | .......
.TTT... | .TTT...

step=12, rand=5, actions=&lt;Left&gt;
Want    | Got ✗  
-----------------
....... | .......
....... | .......
.T..... | .......
TTT.... | .TTT...


	at app//org.scalatest.Assertions.newAssertionFailedException(Assertions.scala:530)
	at app//org.scalatest.Assertions.newAssertionFailedException$(Assertions.scala:529)
	at app//org.scalatest.FunSuite.newAssertionFailedException(FunSuite.scala:1560)
	at app//org.scalatest.Assertions$AssertionsHelper.macroAssert(Assertions.scala:503)
	at app//generic.GameTestSuite.checkGame(GameTestSuite.scala:298)
	at app//tetris.TetrisTestSuiteBase.checkGame(TetrisTestSuiteBase.scala:103)
	at app//tetris.MovementTests.$anonfun$new$2(MovementTests.scala:140)
	at app//scala.runtime.java8.JFunction0$mcV$sp.apply(JFunction0$mcV$sp.scala:18)
	at app//infrastructure.TestBase.$anonfun$test$1(TestBase.scala:36)
	at app//org.scalatest.OutcomeOf.outcomeOf(OutcomeOf.scala:85)
	at app//org.scalatest.OutcomeOf.outcomeOf$(OutcomeOf.scala:83)
	at app//org.scalatest.OutcomeOf$.outcomeOf(OutcomeOf.scala:104)
	at app//org.scalatest.Transformer.apply(Transformer.scala:22)
	at app//org.scalatest.Transformer.apply(Transformer.scala:20)
	at app//org.scalatest.FunSuiteLike$$anon$1.apply(FunSuiteLike.scala:186)
	at app//org.scalatest.TestSuite.withFixture(TestSuite.scala:196)
	at app//org.scalatest.TestSuite.withFixture$(TestSuite.scala:195)
	at app//infrastructure.TestBase.org$scalatest$concurrent$TimeLimitedTests$$super$withFixture(TestBase.scala:9)
	at app//org.scalatest.concurrent.TimeLimitedTests.$anonfun$withFixture$3(TimeLimitedTests.scala:154)
	at app//org.scalatest.enablers.Timed$$anon$1.timeoutAfter(Timed.scala:127)
	at app//org.scalatest.concurrent.TimeLimits.failAfterImpl(TimeLimits.scala:239)
	at app//org.scalatest.concurrent.TimeLimits.failAfterImpl$(TimeLimits.scala:233)
	at app//org.scalatest.concurrent.TimeLimits$.failAfterImpl(TimeLimits.scala:305)
	at app//org.scalatest.concurrent.TimeLimitedTests.withFixture(TimeLimitedTests.scala:153)
	at app//org.scalatest.concurrent.TimeLimitedTests.withFixture$(TimeLimitedTests.scala:150)
	at app//infrastructure.TestBase.withFixture(TestBase.scala:9)
	at app//org.scalatest.FunSuiteLike.invokeWithFixture$1(FunSuiteLike.scala:184)
	at app//org.scalatest.FunSuiteLike.$anonfun$runTest$1(FunSuiteLike.scala:196)
	at app//org.scalatest.SuperEngine.runTestImpl(Engine.scala:286)
	at app//org.scalatest.FunSuiteLike.runTest(FunSuiteLike.scala:196)
	at app//org.scalatest.FunSuiteLike.runTest$(FunSuiteLike.scala:178)
	at app//org.scalatest.FunSuite.runTest(FunSuite.scala:1560)
	at app//org.scalatest.FunSuiteLike.$anonfun$runTests$1(FunSuiteLike.scala:229)
	at app//org.scalatest.SuperEngine.$anonfun$runTestsInBranch$1(Engine.scala:393)
	at app//scala.collection.immutable.List.foreach(List.scala:334)
	at app//org.scalatest.SuperEngine.traverseSubNodes$1(Engine.scala:381)
	at app//org.scalatest.SuperEngine.runTestsInBranch(Engine.scala:376)
	at app//org.scalatest.SuperEngine.runTestsImpl(Engine.scala:458)
	at app//org.scalatest.FunSuiteLike.runTests(FunSuiteLike.scala:229)
	at app//org.scalatest.FunSuiteLike.runTests$(FunSuiteLike.scala:228)
	at app//org.scalatest.FunSuite.runTests(FunSuite.scala:1560)
	at app//org.scalatest.Suite.run(Suite.scala:1124)
	at app//org.scalatest.Suite.run$(Suite.scala:1106)
	at app//org.scalatest.FunSuite.org$scalatest$FunSuiteLike$$super$run(FunSuite.scala:1560)
	at app//org.scalatest.FunSuiteLike.$anonfun$run$1(FunSuiteLike.scala:233)
	at app//org.scalatest.SuperEngine.runImpl(Engine.scala:518)
	at app//org.scalatest.FunSuiteLike.run(FunSuiteLike.scala:233)
	at app//org.scalatest.FunSuiteLike.run$(FunSuiteLike.scala:232)
	at app//infrastructure.TestBase.run(TestBase.scala:26)
	at app//org.scalatest.Suite.callExecuteOnSuite$1(Suite.scala:1187)
	at app//org.scalatest.Suite.$anonfun$runNestedSuites$1(Suite.scala:1234)
	at app//scala.collection.ArrayOps$.foreach$extension(ArrayOps.scala:1323)
	at app//org.scalatest.Suite.runNestedSuites(Suite.scala:1232)
	at app//org.scalatest.Suite.runNestedSuites$(Suite.scala:1166)
	at app//org.scalatest.Suites.runNestedSuites(Suites.scala:56)
	at app//org.scalatest.Suite.run(Suite.scala:1121)
	at app//org.scalatest.Suite.run$(Suite.scala:1106)
	at app//tetris.TetrisTestSuitesBase.runDirect(TetrisTestSuitesBase.scala:20)
	at app//tetris.TetrisTestSuitesBase.runWithScoreCounter(TetrisTestSuitesBase.scala:14)
	at app//tetris.TetrisTestSuite3_2.run(TetrisTestSuite3_2.scala:25)
	at app//org.scalatestplus.junit.JUnitRunner.run(JUnitRunner.scala:99)
	at org.gradle.api.internal.tasks.testing.junit.JUnitTestClassExecutor.runTestClass(JUnitTestClassExecutor.java:112)
	at org.gradle.api.internal.tasks.testing.junit.JUnitTestClassExecutor.execute(JUnitTestClassExecutor.java:58)
	at org.gradle.api.internal.tasks.testing.junit.JUnitTestClassExecutor.execute(JUnitTestClassExecutor.java:40)
	at org.gradle.api.internal.tasks.testing.junit.AbstractJUnitTestClassProcessor.processTestClass(AbstractJUnitTestClassProcessor.java:54)
	at org.gradle.api.internal.tasks.testing.SuiteTestClassProcessor.processTestClass(SuiteTestClassProcessor.java:53)
	at java.base@17.0.12/jdk.internal.reflect.NativeMethodAccessorImpl.invoke0(Native Method)
	at java.base@17.0.12/jdk.internal.reflect.NativeMethodAccessorImpl.invoke(Unknown Source)
	at java.base@17.0.12/jdk.internal.reflect.DelegatingMethodAccessorImpl.invoke(Unknown Source)
	at java.base@17.0.12/java.lang.reflect.Method.invoke(Unknown Source)
	at org.gradle.internal.dispatch.ReflectionDispatch.dispatch(ReflectionDispatch.java:36)
	at org.gradle.internal.dispatch.ReflectionDispatch.dispatch(ReflectionDispatch.java:24)
	at org.gradle.internal.dispatch.ContextClassLoaderDispatch.dispatch(ContextClassLoaderDispatch.java:33)
	at org.gradle.internal.dispatch.ProxyDispatchAdapter$DispatchingInvocationHandler.invoke(ProxyDispatchAdapter.java:92)
	at jdk.proxy1/jdk.proxy1.$Proxy4.processTestClass(Unknown Source)
	at org.gradle.api.internal.tasks.testing.worker.TestWorker$2.run(TestWorker.java:183)
	at org.gradle.api.internal.tasks.testing.worker.TestWorker.executeAndMaintainThreadName(TestWorker.java:132)
	at org.gradle.api.internal.tasks.testing.worker.TestWorker.execute(TestWorker.java:103)
	at org.gradle.api.internal.tasks.testing.worker.TestWorker.execute(TestWorker.java:63)
	at org.gradle.process.internal.worker.child.ActionExecutionWorker.execute(ActionExecutionWorker.java:56)
	at org.gradle.process.internal.worker.child.SystemApplicationClassLoaderWorker.call(SystemApplicationClassLoaderWorker.java:121)
	at org.gradle.process.internal.worker.child.SystemApplicationClassLoaderWorker.call(SystemApplicationClassLoaderWorker.java:71)
	at app//worker.org.gradle.process.internal.worker.GradleWorkerMain.run(GradleWorkerMain.java:69)
	at app//worker.org.gradle.process.internal.worker.GradleWorkerMain.main(GradleWorkerMain.java:74)
</failure>
  </testcase>
  <system-out><![CDATA[]]></system-out>
  <system-err><![CDATA[]]></system-err>
</testsuite>
