<?xml version="1.0" encoding="UTF-8"?>
<testsuite name="tetris.BlockedTests" tests="11" skipped="0" failures="0" errors="0" timestamp="2024-10-03T12:29:18" hostname="thinkpad" time="0.03">
  <properties/>
  <testcase name="testMoveOutLeft" classname="tetris.BlockedTests" time="0.003"/>
  <testcase name="testMoveOutRight" classname="tetris.BlockedTests" time="0.003"/>
  <testcase name="testBlockedByBlocksLeft" classname="tetris.BlockedTests" time="0.002"/>
  <testcase name="testBlockedByBlocksRight" classname="tetris.BlockedTests" time="0.002"/>
  <testcase name="testBlockedByBlocksRotateLeft" classname="tetris.BlockedTests" time="0.001"/>
  <testcase name="testBlockedByBlocksRotateRight" classname="tetris.BlockedTests" time="0.001"/>
  <testcase name="testRotateLeftOutRight" classname="tetris.BlockedTests" time="0.002"/>
  <testcase name="testRotateRightOutRight" classname="tetris.BlockedTests" time="0.003"/>
  <testcase name="testRotateLeftOutLeft" classname="tetris.BlockedTests" time="0.004"/>
  <testcase name="testRotateRightOutLeft" classname="tetris.BlockedTests" time="0.002"/>
  <testcase name="testRotateOutBottom" classname="tetris.BlockedTests" time="0.002"/>
  <system-out><![CDATA[]]></system-out>
  <system-err><![CDATA[]]></system-err>
</testsuite>
