<?xml version="1.0" encoding="UTF-8"?>
<testsuite name="tetris.FullGameTests" tests="5" skipped="0" failures="5" errors="0" timestamp="2024-10-01T00:22:04" hostname="thinkpad" time="0.192">
  <properties/>
  <testcase name="testGame5x9" classname="tetris.FullGameTests" time="0.041">
    <failure message="org.scalatest.exceptions.TestFailedException: didPass was false&#10;--------------------------------------------------------------------------------&#10;This is what went wrong:&#10;&#10;step=0, rand=0, actions=&lt;&gt;&#10;Want  | Got ✓&#10;-------------&#10;..... | .....&#10;.IIII | .IIII&#10;..... | .....&#10;..... | .....&#10;..... | .....&#10;..... | .....&#10;..... | .....&#10;..... | .....&#10;..... | .....&#10;&#10;step=1, rand=0, actions=&lt;RotateRight&gt;&#10;Want  | Got ✓&#10;-------------&#10;...I. | ...I.&#10;...I. | ...I.&#10;...I. | ...I.&#10;...I. | ...I.&#10;..... | .....&#10;..... | .....&#10;..... | .....&#10;..... | .....&#10;..... | .....&#10;&#10;step=2, rand=0, actions=&lt;Down&gt;&#10;Want  | Got ✓&#10;-------------&#10;..... | .....&#10;...I. | ...I.&#10;...I. | ...I.&#10;...I. | ...I.&#10;...I. | ...I.&#10;..... | .....&#10;..... | .....&#10;..... | .....&#10;..... | .....&#10;&#10;step=3, rand=0, actions=&lt;Down&gt;&#10;Want  | Got ✓&#10;-------------&#10;..... | .....&#10;..... | .....&#10;...I. | ...I.&#10;...I. | ...I.&#10;...I. | ...I.&#10;...I. | ...I.&#10;..... | .....&#10;..... | .....&#10;..... | .....&#10;&#10;step=4, rand=0, actions=&lt;Down&gt;&#10;Want  | Got ✓&#10;-------------&#10;..... | .....&#10;..... | .....&#10;..... | .....&#10;...I. | ...I.&#10;...I. | ...I.&#10;...I. | ...I.&#10;...I. | ...I.&#10;..... | .....&#10;..... | .....&#10;&#10;step=5, rand=0, actions=&lt;Down&gt;&#10;Want  | Got ✓&#10;-------------&#10;..... | .....&#10;..... | .....&#10;..... | .....&#10;..... | .....&#10;...I. | ...I.&#10;...I. | ...I.&#10;...I. | ...I.&#10;...I. | ...I.&#10;..... | .....&#10;&#10;step=6, rand=0, actions=&lt;Down&gt;&#10;Want  | Got ✓&#10;-------------&#10;..... | .....&#10;..... | .....&#10;..... | .....&#10;..... | .....&#10;..... | .....&#10;...I. | ...I.&#10;...I. | ...I.&#10;...I. | ...I.&#10;...I. | ...I.&#10;&#10;step=7, rand=0, actions=&lt;Down&gt;&#10;Want  | Got ✗&#10;-------------&#10;..... | .....&#10;.IIII | .....&#10;..... | .....&#10;..... | .....&#10;..... | .....&#10;...I. | .....&#10;...I. | ...I.&#10;...I. | ...I.&#10;...I. | ...I.&#10;&#10;step=8, rand=0, actions=&lt;RotateRight&gt;&#10;Want  | Got ✗&#10;-------------&#10;...I. | .....&#10;...I. | .....&#10;...I. | .....&#10;...I. | .....&#10;..... | .....&#10;...I. | .....&#10;...I. | .....&#10;...I. | .....&#10;...I. | .IIII&#10;&#10;step=9, rand=0, actions=&lt;Left&gt;&#10;Want  | Got ✗&#10;-------------&#10;..I.. | .....&#10;..I.. | .....&#10;..I.. | .....&#10;..I.. | .....&#10;..... | .....&#10;...I. | .....&#10;...I. | .....&#10;...I. | .....&#10;...I. | IIII.&#10;&#10;step=10, rand=0, actions=&lt;Down&gt;&#10;Want  | Got ✗&#10;-------------&#10;..... | .....&#10;..I.. | .....&#10;..I.. | .....&#10;..I.. | .....&#10;..I.. | .....&#10;...I. | .....&#10;...I. | .....&#10;...I. | .....&#10;...I. | .....&#10;&#10;step=11, rand=0, actions=&lt;Down&gt;&#10;Want  | Got ✗&#10;-------------&#10;..... | .....&#10;..... | .....&#10;..I.. | .....&#10;..I.. | .....&#10;..I.. | .....&#10;..II. | .....&#10;...I. | .....&#10;...I. | .....&#10;...I. | .....&#10;&#10;step=12, rand=0, actions=&lt;Down&gt;&#10;Want  | Got ✗&#10;-------------&#10;..... | .....&#10;..... | .....&#10;..... | .....&#10;..I.. | .....&#10;..I.. | .....&#10;..II. | .....&#10;..II. | .....&#10;...I. | .....&#10;...I. | .....&#10;&#10;step=13, rand=0, actions=&lt;Down&gt;&#10;Want  | Got ✗&#10;-------------&#10;..... | .....&#10;..... | .....&#10;..... | .....&#10;..... | .....&#10;..I.. | .....&#10;..II. | .....&#10;..II. | .....&#10;..II. | .....&#10;...I. | .....&#10;&#10;step=14, rand=0, actions=&lt;Down&gt;&#10;Want  | Got ✗&#10;-------------&#10;..... | .....&#10;..... | .....&#10;..... | .....&#10;..... | .....&#10;..... | .....&#10;..II. | .....&#10;..II. | .....&#10;..II. | .....&#10;..II. | .....&#10;&#10;step=15, rand=3, actions=&lt;Down&gt;&#10;Want  | Got ✗&#10;-------------&#10;..OO. | .....&#10;..OO. | .....&#10;..... | .....&#10;..... | .....&#10;..... | .....&#10;..II. | .....&#10;..II. | .....&#10;..II. | .....&#10;..II. | .....&#10;&#10;step=16, rand=3, actions=&lt;Left&gt;&#10;Want  | Got ✗&#10;-------------&#10;.OO.. | .....&#10;.OO.. | .....&#10;..... | .....&#10;..... | .....&#10;..... | .....&#10;..II. | .....&#10;..II. | .....&#10;..II. | .....&#10;..II. | .....&#10;&#10;step=17, rand=3, actions=&lt;Left&gt;&#10;Want  | Got ✗&#10;-------------&#10;OO... | .....&#10;OO... | .....&#10;..... | .....&#10;..... | .....&#10;..... | .....&#10;..II. | .....&#10;..II. | .....&#10;..II. | .....&#10;..II. | .....&#10;&#10;step=18, rand=3, actions=&lt;Down&gt;&#10;Want  | Got ✗&#10;-------------&#10;..... | .....&#10;OO... | .....&#10;OO... | .....&#10;..... | .....&#10;..... | .....&#10;..II. | .....&#10;..II. | .....&#10;..II. | .....&#10;..II. | .....&#10;&#10;step=19, rand=3, actions=&lt;Down&gt;&#10;Want  | Got ✗&#10;-------------&#10;..... | .....&#10;..... | .....&#10;OO... | .....&#10;OO... | .....&#10;..... | .....&#10;..II. | .....&#10;..II. | .....&#10;..II. | .....&#10;..II. | .....&#10;&#10;step=20, rand=3, actions=&lt;Down&gt;&#10;Want  | Got ✗&#10;-------------&#10;..... | .....&#10;..... | .....&#10;..... | .....&#10;OO... | .....&#10;OO... | .....&#10;..II. | .....&#10;..II. | .....&#10;..II. | .....&#10;..II. | .....&#10;&#10;step=21, rand=3, actions=&lt;Down&gt;&#10;Want  | Got ✗&#10;-------------&#10;..... | .....&#10;..... | .....&#10;..... | .....&#10;..... | .....&#10;OO... | .....&#10;OOII. | .....&#10;..II. | .....&#10;..II. | .....&#10;..II. | .....&#10;&#10;step=22, rand=3, actions=&lt;Down&gt;&#10;Want  | Got ✗&#10;-------------&#10;..... | .....&#10;..... | .....&#10;..... | .....&#10;..... | .....&#10;..... | .....&#10;OOII. | .....&#10;OOII. | .....&#10;..II. | .....&#10;..II. | .....&#10;&#10;step=23, rand=3, actions=&lt;Down&gt;&#10;Want  | Got ✗&#10;-------------&#10;..... | .....&#10;..... | .....&#10;..... | .....&#10;..... | .....&#10;..... | .....&#10;..II. | .....&#10;OOII. | .....&#10;OOII. | .....&#10;..II. | .....&#10;&#10;step=24, rand=3, actions=&lt;Down&gt;&#10;Want  | Got ✗&#10;-------------&#10;..... | .....&#10;..... | .....&#10;..... | .....&#10;..... | .....&#10;..... | .....&#10;..II. | .....&#10;..II. | .....&#10;OOII. | .....&#10;OOII. | .....&#10;&#10;step=25, rand=0, actions=&lt;Down&gt;&#10;Want  | Got ✗&#10;-------------&#10;..... | .....&#10;.IIII | .....&#10;..... | .....&#10;..... | .....&#10;..... | .....&#10;..II. | .....&#10;..II. | .....&#10;OOII. | .....&#10;OOII. | .....&#10;&#10;step=26, rand=0, actions=&lt;RotateRight&gt;&#10;Want  | Got ✗&#10;-------------&#10;...I. | .....&#10;...I. | .....&#10;...I. | .....&#10;...I. | .....&#10;..... | .....&#10;..II. | .....&#10;..II. | .....&#10;OOII. | .....&#10;OOII. | .....&#10;&#10;step=27, rand=0, actions=&lt;Left&gt;&#10;Want  | Got ✗&#10;-------------&#10;..I.. | .....&#10;..I.. | .....&#10;..I.. | .....&#10;..I.. | .....&#10;..... | .....&#10;..II. | .....&#10;..II. | .....&#10;OOII. | .....&#10;OOII. | .....&#10;&#10;step=28, rand=0, actions=&lt;Left&gt;&#10;Want  | Got ✗&#10;-------------&#10;.I... | .....&#10;.I... | .....&#10;.I... | .....&#10;.I... | .....&#10;..... | .....&#10;..II. | .....&#10;..II. | .....&#10;OOII. | .....&#10;OOII. | .....&#10;&#10;step=29, rand=0, actions=&lt;Left&gt;&#10;Want  | Got ✗&#10;-------------&#10;I.... | .....&#10;I.... | .....&#10;I.... | .....&#10;I.... | .....&#10;..... | .....&#10;..II. | .....&#10;..II. | .....&#10;OOII. | .....&#10;OOII. | .....&#10;&#10;step=30, rand=0, actions=&lt;Down&gt;&#10;Want  | Got ✗&#10;-------------&#10;..... | .....&#10;I.... | .....&#10;I.... | .....&#10;I.... | .....&#10;I.... | .....&#10;..II. | .....&#10;..II. | .....&#10;OOII. | .....&#10;OOII. | .....&#10;&#10;step=31, rand=0, actions=&lt;Down&gt;&#10;Want  | Got ✗&#10;-------------&#10;..... | .....&#10;..... | .....&#10;I.... | .....&#10;I.... | .....&#10;I.... | .....&#10;I.II. | .....&#10;..II. | .....&#10;OOII. | .....&#10;OOII. | .....&#10;&#10;step=32, rand=0, actions=&lt;Down&gt;&#10;Want  | Got ✗&#10;-------------&#10;..... | .....&#10;..... | .....&#10;..... | .....&#10;I.... | .....&#10;I.... | .....&#10;I.II. | .....&#10;I.II. | .....&#10;OOII. | .....&#10;OOII. | .....&#10;&#10;step=33, rand=1, actions=&lt;Down&gt;&#10;Want  | Got ✗&#10;-------------&#10;.J... | .....&#10;.JJJ. | .....&#10;..... | .....&#10;I.... | .....&#10;I.... | .....&#10;I.II. | .....&#10;I.II. | .....&#10;OOII. | .....&#10;OOII. | .....&#10;&#10;step=34, rand=1, actions=&lt;RotateRight&gt;&#10;Want  | Got ✗&#10;-------------&#10;..JJ. | .....&#10;..J.. | .....&#10;..J.. | .....&#10;I.... | .....&#10;I.... | .....&#10;I.II. | .....&#10;I.II. | .....&#10;OOII. | .....&#10;OOII. | .....&#10;&#10;step=35, rand=1, actions=&lt;Left&gt;&#10;Want  | Got ✗&#10;-------------&#10;.JJ.. | .....&#10;.J... | .....&#10;.J... | .....&#10;I.... | .....&#10;I.... | .....&#10;I.II. | .....&#10;I.II. | .....&#10;OOII. | .....&#10;OOII. | .....&#10;&#10;step=36, rand=1, actions=&lt;Down&gt;&#10;Want  | Got ✗&#10;-------------&#10;..... | .....&#10;.JJ.. | .....&#10;.J... | .....&#10;IJ... | .....&#10;I.... | .....&#10;I.II. | .....&#10;I.II. | .....&#10;OOII. | .....&#10;OOII. | .....&#10;&#10;step=37, rand=1, actions=&lt;Down&gt;&#10;Want  | Got ✗&#10;-------------&#10;..... | .....&#10;..... | .....&#10;.JJ.. | .....&#10;IJ... | .....&#10;IJ... | .....&#10;I.II. | .....&#10;I.II. | .....&#10;OOII. | .....&#10;OOII. | .....&#10;&#10;step=38, rand=1, actions=&lt;Down&gt;&#10;Want  | Got ✗&#10;-------------&#10;..... | .....&#10;..... | .....&#10;..... | .....&#10;IJJ.. | .....&#10;IJ... | .....&#10;IJII. | .....&#10;I.II. | .....&#10;OOII. | .....&#10;OOII. | .....&#10;&#10;step=39, rand=1, actions=&lt;Down&gt;&#10;Want  | Got ✗&#10;-------------&#10;..... | .....&#10;..... | .....&#10;..... | .....&#10;I.... | .....&#10;IJJ.. | .....&#10;IJII. | .....&#10;IJII. | .....&#10;OOII. | .....&#10;OOII. | .....&#10;&#10;step=40, rand=4, actions=&lt;Down&gt;&#10;Want  | Got ✗&#10;-------------&#10;..SS. | .....&#10;.SS.. | .....&#10;..... | .....&#10;I.... | .....&#10;IJJ.. | .....&#10;IJII. | .....&#10;IJII. | .....&#10;OOII. | .....&#10;OOII. | .....&#10;&#10;step=41, rand=4, actions=&lt;RotateRight&gt;&#10;Want  | Got ✗&#10;-------------&#10;..S.. | .....&#10;..SS. | .....&#10;...S. | .....&#10;I.... | .....&#10;IJJ.. | .....&#10;IJII. | .....&#10;IJII. | .....&#10;OOII. | .....&#10;OOII. | .....&#10;&#10;step=42, rand=4, actions=&lt;Right&gt;&#10;Want  | Got ✗&#10;-------------&#10;...S. | .....&#10;...SS | .....&#10;....S | .....&#10;I.... | .....&#10;IJJ.. | .....&#10;IJII. | .....&#10;IJII. | .....&#10;OOII. | .....&#10;OOII. | .....&#10;&#10;step=43, rand=4, actions=&lt;Down&gt;&#10;Want  | Got ✗&#10;-------------&#10;..... | .....&#10;...S. | .....&#10;...SS | .....&#10;I...S | .....&#10;IJJ.. | .....&#10;IJII. | .....&#10;IJII. | .....&#10;OOII. | .....&#10;OOII. | .....&#10;&#10;step=44, rand=4, actions=&lt;Down&gt;&#10;Want  | Got ✗&#10;-------------&#10;..... | .....&#10;..... | .....&#10;...S. | .....&#10;I..SS | .....&#10;IJJ.S | .....&#10;IJII. | .....&#10;IJII. | .....&#10;OOII. | .....&#10;OOII. | .....&#10;&#10;step=45, rand=4, actions=&lt;Down&gt;&#10;Want  | Got ✗&#10;-------------&#10;..... | .....&#10;..... | .....&#10;..... | .....&#10;I..S. | .....&#10;IJJSS | .....&#10;IJIIS | .....&#10;IJII. | .....&#10;OOII. | .....&#10;OOII. | .....&#10;&#10;step=46, rand=2, actions=&lt;Down&gt;&#10;Want  | Got ✗&#10;-------------&#10;...L. | .....&#10;.LLL. | .....&#10;..... | .....&#10;..... | .....&#10;..... | .....&#10;I..S. | .....&#10;IJII. | .....&#10;OOII. | .....&#10;OOII. | .....&#10;&#10;step=47, rand=2, actions=&lt;RotateRight&gt;&#10;Want  | Got ✗&#10;-------------&#10;..L.. | .....&#10;..L.. | .....&#10;..LL. | .....&#10;..... | .....&#10;..... | .....&#10;I..S. | .....&#10;IJII. | .....&#10;OOII. | .....&#10;OOII. | .....&#10;&#10;step=48, rand=2, actions=&lt;Left&gt;&#10;Want  | Got ✗&#10;-------------&#10;.L... | .....&#10;.L... | .....&#10;.LL.. | .....&#10;..... | .....&#10;..... | .....&#10;I..S. | .....&#10;IJII. | .....&#10;OOII. | .....&#10;OOII. | .....&#10;&#10;step=49, rand=2, actions=&lt;Down&gt;&#10;Want  | Got ✗&#10;-------------&#10;..... | .....&#10;.L... | .....&#10;.L... | .....&#10;.LL.. | .....&#10;..... | .....&#10;I..S. | .....&#10;IJII. | .....&#10;OOII. | .....&#10;OOII. | .....&#10;&#10;step=50, rand=2, actions=&lt;Down&gt;&#10;Want  | Got ✗&#10;-------------&#10;..... | .....&#10;..... | .....&#10;.L... | .....&#10;.L... | .....&#10;.LL.. | .....&#10;I..S. | .....&#10;IJII. | .....&#10;OOII. | .....&#10;OOII. | .....&#10;&#10;step=51, rand=2, actions=&lt;Down&gt;&#10;Want  | Got ✗&#10;-------------&#10;..... | .....&#10;..... | .....&#10;..... | .....&#10;.L... | .....&#10;.L... | .....&#10;ILLS. | .....&#10;IJII. | .....&#10;OOII. | .....&#10;OOII. | .....&#10;&#10;step=52, rand=1, actions=&lt;Down&gt;&#10;Want  | Got ✗&#10;-------------&#10;.J... | .....&#10;.JJJ. | .....&#10;..... | .....&#10;.L... | .....&#10;.L... | .....&#10;ILLS. | .....&#10;IJII. | .....&#10;OOII. | .....&#10;OOII. | .....&#10;&#10;step=53, rand=1, actions=&lt;RotateRight&gt;&#10;Want  | Got ✗&#10;-------------&#10;..JJ. | .....&#10;..J.. | .....&#10;..J.. | .....&#10;.L... | .....&#10;.L... | .....&#10;ILLS. | .....&#10;IJII. | .....&#10;OOII. | .....&#10;OOII. | .....&#10;&#10;step=54, rand=1, actions=&lt;Left&gt;&#10;Want  | Got ✗&#10;-------------&#10;.JJ.. | .....&#10;.J... | .....&#10;.J... | .....&#10;.L... | .....&#10;.L... | .....&#10;ILLS. | .....&#10;IJII. | .....&#10;OOII. | .....&#10;OOII. | .....&#10;&#10;step=55, rand=1, actions=&lt;Left&gt;&#10;Want  | Got ✗&#10;-------------&#10;JJ... | .....&#10;J.... | .....&#10;J.... | .....&#10;.L... | .....&#10;.L... | .....&#10;ILLS. | .....&#10;IJII. | .....&#10;OOII. | .....&#10;OOII. | .....&#10;&#10;step=56, rand=1, actions=&lt;Down&gt;&#10;Want  | Got ✗&#10;-------------&#10;..... | .....&#10;JJ... | .....&#10;J.... | .....&#10;JL... | .....&#10;.L... | .....&#10;ILLS. | .....&#10;IJII. | .....&#10;OOII. | .....&#10;OOII. | .....&#10;&#10;step=57, rand=1, actions=&lt;Down&gt;&#10;Want  | Got ✗&#10;-------------&#10;..... | .....&#10;..... | .....&#10;JJ... | .....&#10;JL... | .....&#10;JL... | .....&#10;ILLS. | .....&#10;IJII. | .....&#10;OOII. | .....&#10;OOII. | .....&#10;&#10;step=58, rand=4, actions=&lt;Down&gt;&#10;Want  | Got ✗&#10;-------------&#10;..SS. | .....&#10;.SS.. | .....&#10;JJ... | .....&#10;JL... | .....&#10;JL... | .....&#10;ILLS. | .....&#10;IJII. | .....&#10;OOII. | .....&#10;OOII. | .....&#10;&#10;step=59, rand=4, actions=&lt;Right&gt;&#10;Want  | Got ✗&#10;-------------&#10;...SS | .....&#10;..SS. | .....&#10;JJ... | .....&#10;JL... | .....&#10;JL... | .....&#10;ILLS. | .....&#10;IJII. | .....&#10;OOII. | .....&#10;OOII. | .....&#10;&#10;step=60, rand=4, actions=&lt;RotateRight&gt;&#10;Want  | Got ✗&#10;-------------&#10;...S. | .....&#10;...SS | .....&#10;JJ..S | .....&#10;JL... | .....&#10;JL... | .....&#10;ILLS. | .....&#10;IJII. | .....&#10;OOII. | .....&#10;OOII. | .....&#10;&#10;step=61, rand=4, actions=&lt;Right&gt;&#10;Want  | Got ✗&#10;-------------&#10;...S. | .....&#10;...SS | .....&#10;JJ..S | .....&#10;JL... | .....&#10;JL... | .....&#10;ILLS. | .....&#10;IJII. | .....&#10;OOII. | .....&#10;OOII. | .....&#10;&#10;step=62, rand=4, actions=&lt;Down&gt;&#10;Want  | Got ✗&#10;-------------&#10;..... | .....&#10;...S. | .....&#10;JJ.SS | .....&#10;JL..S | .....&#10;JL... | .....&#10;ILLS. | .....&#10;IJII. | .....&#10;OOII. | .....&#10;OOII. | .....&#10;&#10;step=63, rand=4, actions=&lt;Down&gt;&#10;Want  | Got ✗&#10;-------------&#10;..... | .....&#10;..... | .....&#10;JJ.S. | .....&#10;JL.SS | .....&#10;JL..S | .....&#10;ILLS. | .....&#10;IJII. | .....&#10;OOII. | .....&#10;OOII. | .....&#10;&#10;step=64, rand=4, actions=&lt;Down&gt;&#10;Want  | Got ✗&#10;-------------&#10;..... | .....&#10;..... | .....&#10;JJ... | .....&#10;JL.S. | .....&#10;JL.SS | .....&#10;ILLSS | .....&#10;IJII. | .....&#10;OOII. | .....&#10;OOII. | .....&#10;&#10;step=65, rand=6, actions=&lt;Down&gt;&#10;Want  | Got ✗&#10;-------------&#10;.ZZ.. | .....&#10;..ZZ. | .....&#10;..... | .....&#10;JJ... | .....&#10;JL.S. | .....&#10;JL.SS | .....&#10;IJII. | .....&#10;OOII. | .....&#10;OOII. | .....&#10;&#10;step=66, rand=6, actions=&lt;Right&gt;&#10;Want  | Got ✗&#10;-------------&#10;..ZZ. | .....&#10;...ZZ | .....&#10;..... | .....&#10;JJ... | .....&#10;JL.S. | .....&#10;JL.SS | .....&#10;IJII. | .....&#10;OOII. | .....&#10;OOII. | .....&#10;&#10;step=67, rand=6, actions=&lt;RotateRight&gt;&#10;Want  | Got ✗&#10;-------------&#10;....Z | .....&#10;...ZZ | .....&#10;...Z. | .....&#10;JJ... | .....&#10;JL.S. | .....&#10;JL.SS | .....&#10;IJII. | .....&#10;OOII. | .....&#10;OOII. | .....&#10;&#10;step=68, rand=6, actions=&lt;Left&gt;&#10;Want  | Got ✗&#10;-------------&#10;...Z. | .....&#10;..ZZ. | .....&#10;..Z.. | .....&#10;JJ... | .....&#10;JL.S. | .....&#10;JL.SS | .....&#10;IJII. | .....&#10;OOII. | .....&#10;OOII. | .....&#10;&#10;step=69, rand=6, actions=&lt;Down&gt;&#10;Want  | Got ✗&#10;-------------&#10;..... | .....&#10;...Z. | .....&#10;..ZZ. | .....&#10;JJZ.. | .....&#10;JL.S. | .....&#10;JL.SS | .....&#10;IJII. | .....&#10;OOII. | .....&#10;OOII. | .....&#10;&#10;step=70, rand=6, actions=&lt;Down&gt;&#10;Want  | Got ✗&#10;-------------&#10;..... | .....&#10;..... | .....&#10;...Z. | .....&#10;JJZZ. | .....&#10;JLZS. | .....&#10;JL.SS | .....&#10;IJII. | .....&#10;OOII. | .....&#10;OOII. | .....&#10;&#10;step=71, rand=3, actions=&lt;Down&gt;&#10;Want  | Got ✗&#10;-------------&#10;..OO. | .....&#10;..OO. | .....&#10;...Z. | .....&#10;JJZZ. | .....&#10;JLZS. | .....&#10;JL.SS | .....&#10;IJII. | .....&#10;OOII. | .....&#10;OOII. | .....&#10;&#10;step=72, rand=3, actions=&lt;Left&gt;&#10;Want  | Got ✗&#10;-------------&#10;.OO.. | .....&#10;.OO.. | .....&#10;...Z. | .....&#10;JJZZ. | .....&#10;JLZS. | .....&#10;JL.SS | .....&#10;IJII. | .....&#10;OOII. | .....&#10;OOII. | .....&#10;&#10;step=73, rand=3, actions=&lt;Down&gt;&#10;Want  | Got ✗&#10;-------------&#10;..... | .....&#10;.OO.. | .....&#10;.OOZ. | .....&#10;JJZZ. | .....&#10;JLZS. | .....&#10;JL.SS | .....&#10;IJII. | .....&#10;OOII. | .....&#10;OOII. | .....&#10;&#10;step=74, rand=1, actions=&lt;Down&gt;&#10;Want              | Got ✗&#10;-------------------------&#10;GameOverDisplay() | .....&#10;                  | .....&#10;                  | .....&#10;                  | .....&#10;                  | .....&#10;                  | .....&#10;                  | .....&#10;                  | .....&#10;                  | .....&#10;&#10;" type="org.scalatest.exceptions.TestFailedException">org.scalatest.exceptions.TestFailedException: didPass was false
--------------------------------------------------------------------------------
This is what went wrong:

step=0, rand=0, actions=&lt;&gt;
Want  | Got ✓
-------------
..... | .....
.IIII | .IIII
..... | .....
..... | .....
..... | .....
..... | .....
..... | .....
..... | .....
..... | .....

step=1, rand=0, actions=&lt;RotateRight&gt;
Want  | Got ✓
-------------
...I. | ...I.
...I. | ...I.
...I. | ...I.
...I. | ...I.
..... | .....
..... | .....
..... | .....
..... | .....
..... | .....

step=2, rand=0, actions=&lt;Down&gt;
Want  | Got ✓
-------------
..... | .....
...I. | ...I.
...I. | ...I.
...I. | ...I.
...I. | ...I.
..... | .....
..... | .....
..... | .....
..... | .....

step=3, rand=0, actions=&lt;Down&gt;
Want  | Got ✓
-------------
..... | .....
..... | .....
...I. | ...I.
...I. | ...I.
...I. | ...I.
...I. | ...I.
..... | .....
..... | .....
..... | .....

step=4, rand=0, actions=&lt;Down&gt;
Want  | Got ✓
-------------
..... | .....
..... | .....
..... | .....
...I. | ...I.
...I. | ...I.
...I. | ...I.
...I. | ...I.
..... | .....
..... | .....

step=5, rand=0, actions=&lt;Down&gt;
Want  | Got ✓
-------------
..... | .....
..... | .....
..... | .....
..... | .....
...I. | ...I.
...I. | ...I.
...I. | ...I.
...I. | ...I.
..... | .....

step=6, rand=0, actions=&lt;Down&gt;
Want  | Got ✓
-------------
..... | .....
..... | .....
..... | .....
..... | .....
..... | .....
...I. | ...I.
...I. | ...I.
...I. | ...I.
...I. | ...I.

step=7, rand=0, actions=&lt;Down&gt;
Want  | Got ✗
-------------
..... | .....
.IIII | .....
..... | .....
..... | .....
..... | .....
...I. | .....
...I. | ...I.
...I. | ...I.
...I. | ...I.

step=8, rand=0, actions=&lt;RotateRight&gt;
Want  | Got ✗
-------------
...I. | .....
...I. | .....
...I. | .....
...I. | .....
..... | .....
...I. | .....
...I. | .....
...I. | .....
...I. | .IIII

step=9, rand=0, actions=&lt;Left&gt;
Want  | Got ✗
-------------
..I.. | .....
..I.. | .....
..I.. | .....
..I.. | .....
..... | .....
...I. | .....
...I. | .....
...I. | .....
...I. | IIII.

step=10, rand=0, actions=&lt;Down&gt;
Want  | Got ✗
-------------
..... | .....
..I.. | .....
..I.. | .....
..I.. | .....
..I.. | .....
...I. | .....
...I. | .....
...I. | .....
...I. | .....

step=11, rand=0, actions=&lt;Down&gt;
Want  | Got ✗
-------------
..... | .....
..... | .....
..I.. | .....
..I.. | .....
..I.. | .....
..II. | .....
...I. | .....
...I. | .....
...I. | .....

step=12, rand=0, actions=&lt;Down&gt;
Want  | Got ✗
-------------
..... | .....
..... | .....
..... | .....
..I.. | .....
..I.. | .....
..II. | .....
..II. | .....
...I. | .....
...I. | .....

step=13, rand=0, actions=&lt;Down&gt;
Want  | Got ✗
-------------
..... | .....
..... | .....
..... | .....
..... | .....
..I.. | .....
..II. | .....
..II. | .....
..II. | .....
...I. | .....

step=14, rand=0, actions=&lt;Down&gt;
Want  | Got ✗
-------------
..... | .....
..... | .....
..... | .....
..... | .....
..... | .....
..II. | .....
..II. | .....
..II. | .....
..II. | .....

step=15, rand=3, actions=&lt;Down&gt;
Want  | Got ✗
-------------
..OO. | .....
..OO. | .....
..... | .....
..... | .....
..... | .....
..II. | .....
..II. | .....
..II. | .....
..II. | .....

step=16, rand=3, actions=&lt;Left&gt;
Want  | Got ✗
-------------
.OO.. | .....
.OO.. | .....
..... | .....
..... | .....
..... | .....
..II. | .....
..II. | .....
..II. | .....
..II. | .....

step=17, rand=3, actions=&lt;Left&gt;
Want  | Got ✗
-------------
OO... | .....
OO... | .....
..... | .....
..... | .....
..... | .....
..II. | .....
..II. | .....
..II. | .....
..II. | .....

step=18, rand=3, actions=&lt;Down&gt;
Want  | Got ✗
-------------
..... | .....
OO... | .....
OO... | .....
..... | .....
..... | .....
..II. | .....
..II. | .....
..II. | .....
..II. | .....

step=19, rand=3, actions=&lt;Down&gt;
Want  | Got ✗
-------------
..... | .....
..... | .....
OO... | .....
OO... | .....
..... | .....
..II. | .....
..II. | .....
..II. | .....
..II. | .....

step=20, rand=3, actions=&lt;Down&gt;
Want  | Got ✗
-------------
..... | .....
..... | .....
..... | .....
OO... | .....
OO... | .....
..II. | .....
..II. | .....
..II. | .....
..II. | .....

step=21, rand=3, actions=&lt;Down&gt;
Want  | Got ✗
-------------
..... | .....
..... | .....
..... | .....
..... | .....
OO... | .....
OOII. | .....
..II. | .....
..II. | .....
..II. | .....

step=22, rand=3, actions=&lt;Down&gt;
Want  | Got ✗
-------------
..... | .....
..... | .....
..... | .....
..... | .....
..... | .....
OOII. | .....
OOII. | .....
..II. | .....
..II. | .....

step=23, rand=3, actions=&lt;Down&gt;
Want  | Got ✗
-------------
..... | .....
..... | .....
..... | .....
..... | .....
..... | .....
..II. | .....
OOII. | .....
OOII. | .....
..II. | .....

step=24, rand=3, actions=&lt;Down&gt;
Want  | Got ✗
-------------
..... | .....
..... | .....
..... | .....
..... | .....
..... | .....
..II. | .....
..II. | .....
OOII. | .....
OOII. | .....

step=25, rand=0, actions=&lt;Down&gt;
Want  | Got ✗
-------------
..... | .....
.IIII | .....
..... | .....
..... | .....
..... | .....
..II. | .....
..II. | .....
OOII. | .....
OOII. | .....

step=26, rand=0, actions=&lt;RotateRight&gt;
Want  | Got ✗
-------------
...I. | .....
...I. | .....
...I. | .....
...I. | .....
..... | .....
..II. | .....
..II. | .....
OOII. | .....
OOII. | .....

step=27, rand=0, actions=&lt;Left&gt;
Want  | Got ✗
-------------
..I.. | .....
..I.. | .....
..I.. | .....
..I.. | .....
..... | .....
..II. | .....
..II. | .....
OOII. | .....
OOII. | .....

step=28, rand=0, actions=&lt;Left&gt;
Want  | Got ✗
-------------
.I... | .....
.I... | .....
.I... | .....
.I... | .....
..... | .....
..II. | .....
..II. | .....
OOII. | .....
OOII. | .....

step=29, rand=0, actions=&lt;Left&gt;
Want  | Got ✗
-------------
I.... | .....
I.... | .....
I.... | .....
I.... | .....
..... | .....
..II. | .....
..II. | .....
OOII. | .....
OOII. | .....

step=30, rand=0, actions=&lt;Down&gt;
Want  | Got ✗
-------------
..... | .....
I.... | .....
I.... | .....
I.... | .....
I.... | .....
..II. | .....
..II. | .....
OOII. | .....
OOII. | .....

step=31, rand=0, actions=&lt;Down&gt;
Want  | Got ✗
-------------
..... | .....
..... | .....
I.... | .....
I.... | .....
I.... | .....
I.II. | .....
..II. | .....
OOII. | .....
OOII. | .....

step=32, rand=0, actions=&lt;Down&gt;
Want  | Got ✗
-------------
..... | .....
..... | .....
..... | .....
I.... | .....
I.... | .....
I.II. | .....
I.II. | .....
OOII. | .....
OOII. | .....

step=33, rand=1, actions=&lt;Down&gt;
Want  | Got ✗
-------------
.J... | .....
.JJJ. | .....
..... | .....
I.... | .....
I.... | .....
I.II. | .....
I.II. | .....
OOII. | .....
OOII. | .....

step=34, rand=1, actions=&lt;RotateRight&gt;
Want  | Got ✗
-------------
..JJ. | .....
..J.. | .....
..J.. | .....
I.... | .....
I.... | .....
I.II. | .....
I.II. | .....
OOII. | .....
OOII. | .....

step=35, rand=1, actions=&lt;Left&gt;
Want  | Got ✗
-------------
.JJ.. | .....
.J... | .....
.J... | .....
I.... | .....
I.... | .....
I.II. | .....
I.II. | .....
OOII. | .....
OOII. | .....

step=36, rand=1, actions=&lt;Down&gt;
Want  | Got ✗
-------------
..... | .....
.JJ.. | .....
.J... | .....
IJ... | .....
I.... | .....
I.II. | .....
I.II. | .....
OOII. | .....
OOII. | .....

step=37, rand=1, actions=&lt;Down&gt;
Want  | Got ✗
-------------
..... | .....
..... | .....
.JJ.. | .....
IJ... | .....
IJ... | .....
I.II. | .....
I.II. | .....
OOII. | .....
OOII. | .....

step=38, rand=1, actions=&lt;Down&gt;
Want  | Got ✗
-------------
..... | .....
..... | .....
..... | .....
IJJ.. | .....
IJ... | .....
IJII. | .....
I.II. | .....
OOII. | .....
OOII. | .....

step=39, rand=1, actions=&lt;Down&gt;
Want  | Got ✗
-------------
..... | .....
..... | .....
..... | .....
I.... | .....
IJJ.. | .....
IJII. | .....
IJII. | .....
OOII. | .....
OOII. | .....

step=40, rand=4, actions=&lt;Down&gt;
Want  | Got ✗
-------------
..SS. | .....
.SS.. | .....
..... | .....
I.... | .....
IJJ.. | .....
IJII. | .....
IJII. | .....
OOII. | .....
OOII. | .....

step=41, rand=4, actions=&lt;RotateRight&gt;
Want  | Got ✗
-------------
..S.. | .....
..SS. | .....
...S. | .....
I.... | .....
IJJ.. | .....
IJII. | .....
IJII. | .....
OOII. | .....
OOII. | .....

step=42, rand=4, actions=&lt;Right&gt;
Want  | Got ✗
-------------
...S. | .....
...SS | .....
....S | .....
I.... | .....
IJJ.. | .....
IJII. | .....
IJII. | .....
OOII. | .....
OOII. | .....

step=43, rand=4, actions=&lt;Down&gt;
Want  | Got ✗
-------------
..... | .....
...S. | .....
...SS | .....
I...S | .....
IJJ.. | .....
IJII. | .....
IJII. | .....
OOII. | .....
OOII. | .....

step=44, rand=4, actions=&lt;Down&gt;
Want  | Got ✗
-------------
..... | .....
..... | .....
...S. | .....
I..SS | .....
IJJ.S | .....
IJII. | .....
IJII. | .....
OOII. | .....
OOII. | .....

step=45, rand=4, actions=&lt;Down&gt;
Want  | Got ✗
-------------
..... | .....
..... | .....
..... | .....
I..S. | .....
IJJSS | .....
IJIIS | .....
IJII. | .....
OOII. | .....
OOII. | .....

step=46, rand=2, actions=&lt;Down&gt;
Want  | Got ✗
-------------
...L. | .....
.LLL. | .....
..... | .....
..... | .....
..... | .....
I..S. | .....
IJII. | .....
OOII. | .....
OOII. | .....

step=47, rand=2, actions=&lt;RotateRight&gt;
Want  | Got ✗
-------------
..L.. | .....
..L.. | .....
..LL. | .....
..... | .....
..... | .....
I..S. | .....
IJII. | .....
OOII. | .....
OOII. | .....

step=48, rand=2, actions=&lt;Left&gt;
Want  | Got ✗
-------------
.L... | .....
.L... | .....
.LL.. | .....
..... | .....
..... | .....
I..S. | .....
IJII. | .....
OOII. | .....
OOII. | .....

step=49, rand=2, actions=&lt;Down&gt;
Want  | Got ✗
-------------
..... | .....
.L... | .....
.L... | .....
.LL.. | .....
..... | .....
I..S. | .....
IJII. | .....
OOII. | .....
OOII. | .....

step=50, rand=2, actions=&lt;Down&gt;
Want  | Got ✗
-------------
..... | .....
..... | .....
.L... | .....
.L... | .....
.LL.. | .....
I..S. | .....
IJII. | .....
OOII. | .....
OOII. | .....

step=51, rand=2, actions=&lt;Down&gt;
Want  | Got ✗
-------------
..... | .....
..... | .....
..... | .....
.L... | .....
.L... | .....
ILLS. | .....
IJII. | .....
OOII. | .....
OOII. | .....

step=52, rand=1, actions=&lt;Down&gt;
Want  | Got ✗
-------------
.J... | .....
.JJJ. | .....
..... | .....
.L... | .....
.L... | .....
ILLS. | .....
IJII. | .....
OOII. | .....
OOII. | .....

step=53, rand=1, actions=&lt;RotateRight&gt;
Want  | Got ✗
-------------
..JJ. | .....
..J.. | .....
..J.. | .....
.L... | .....
.L... | .....
ILLS. | .....
IJII. | .....
OOII. | .....
OOII. | .....

step=54, rand=1, actions=&lt;Left&gt;
Want  | Got ✗
-------------
.JJ.. | .....
.J... | .....
.J... | .....
.L... | .....
.L... | .....
ILLS. | .....
IJII. | .....
OOII. | .....
OOII. | .....

step=55, rand=1, actions=&lt;Left&gt;
Want  | Got ✗
-------------
JJ... | .....
J.... | .....
J.... | .....
.L... | .....
.L... | .....
ILLS. | .....
IJII. | .....
OOII. | .....
OOII. | .....

step=56, rand=1, actions=&lt;Down&gt;
Want  | Got ✗
-------------
..... | .....
JJ... | .....
J.... | .....
JL... | .....
.L... | .....
ILLS. | .....
IJII. | .....
OOII. | .....
OOII. | .....

step=57, rand=1, actions=&lt;Down&gt;
Want  | Got ✗
-------------
..... | .....
..... | .....
JJ... | .....
JL... | .....
JL... | .....
ILLS. | .....
IJII. | .....
OOII. | .....
OOII. | .....

step=58, rand=4, actions=&lt;Down&gt;
Want  | Got ✗
-------------
..SS. | .....
.SS.. | .....
JJ... | .....
JL... | .....
JL... | .....
ILLS. | .....
IJII. | .....
OOII. | .....
OOII. | .....

step=59, rand=4, actions=&lt;Right&gt;
Want  | Got ✗
-------------
...SS | .....
..SS. | .....
JJ... | .....
JL... | .....
JL... | .....
ILLS. | .....
IJII. | .....
OOII. | .....
OOII. | .....

step=60, rand=4, actions=&lt;RotateRight&gt;
Want  | Got ✗
-------------
...S. | .....
...SS | .....
JJ..S | .....
JL... | .....
JL... | .....
ILLS. | .....
IJII. | .....
OOII. | .....
OOII. | .....

step=61, rand=4, actions=&lt;Right&gt;
Want  | Got ✗
-------------
...S. | .....
...SS | .....
JJ..S | .....
JL... | .....
JL... | .....
ILLS. | .....
IJII. | .....
OOII. | .....
OOII. | .....

step=62, rand=4, actions=&lt;Down&gt;
Want  | Got ✗
-------------
..... | .....
...S. | .....
JJ.SS | .....
JL..S | .....
JL... | .....
ILLS. | .....
IJII. | .....
OOII. | .....
OOII. | .....

step=63, rand=4, actions=&lt;Down&gt;
Want  | Got ✗
-------------
..... | .....
..... | .....
JJ.S. | .....
JL.SS | .....
JL..S | .....
ILLS. | .....
IJII. | .....
OOII. | .....
OOII. | .....

step=64, rand=4, actions=&lt;Down&gt;
Want  | Got ✗
-------------
..... | .....
..... | .....
JJ... | .....
JL.S. | .....
JL.SS | .....
ILLSS | .....
IJII. | .....
OOII. | .....
OOII. | .....

step=65, rand=6, actions=&lt;Down&gt;
Want  | Got ✗
-------------
.ZZ.. | .....
..ZZ. | .....
..... | .....
JJ... | .....
JL.S. | .....
JL.SS | .....
IJII. | .....
OOII. | .....
OOII. | .....

step=66, rand=6, actions=&lt;Right&gt;
Want  | Got ✗
-------------
..ZZ. | .....
...ZZ | .....
..... | .....
JJ... | .....
JL.S. | .....
JL.SS | .....
IJII. | .....
OOII. | .....
OOII. | .....

step=67, rand=6, actions=&lt;RotateRight&gt;
Want  | Got ✗
-------------
....Z | .....
...ZZ | .....
...Z. | .....
JJ... | .....
JL.S. | .....
JL.SS | .....
IJII. | .....
OOII. | .....
OOII. | .....

step=68, rand=6, actions=&lt;Left&gt;
Want  | Got ✗
-------------
...Z. | .....
..ZZ. | .....
..Z.. | .....
JJ... | .....
JL.S. | .....
JL.SS | .....
IJII. | .....
OOII. | .....
OOII. | .....

step=69, rand=6, actions=&lt;Down&gt;
Want  | Got ✗
-------------
..... | .....
...Z. | .....
..ZZ. | .....
JJZ.. | .....
JL.S. | .....
JL.SS | .....
IJII. | .....
OOII. | .....
OOII. | .....

step=70, rand=6, actions=&lt;Down&gt;
Want  | Got ✗
-------------
..... | .....
..... | .....
...Z. | .....
JJZZ. | .....
JLZS. | .....
JL.SS | .....
IJII. | .....
OOII. | .....
OOII. | .....

step=71, rand=3, actions=&lt;Down&gt;
Want  | Got ✗
-------------
..OO. | .....
..OO. | .....
...Z. | .....
JJZZ. | .....
JLZS. | .....
JL.SS | .....
IJII. | .....
OOII. | .....
OOII. | .....

step=72, rand=3, actions=&lt;Left&gt;
Want  | Got ✗
-------------
.OO.. | .....
.OO.. | .....
...Z. | .....
JJZZ. | .....
JLZS. | .....
JL.SS | .....
IJII. | .....
OOII. | .....
OOII. | .....

step=73, rand=3, actions=&lt;Down&gt;
Want  | Got ✗
-------------
..... | .....
.OO.. | .....
.OOZ. | .....
JJZZ. | .....
JLZS. | .....
JL.SS | .....
IJII. | .....
OOII. | .....
OOII. | .....

step=74, rand=1, actions=&lt;Down&gt;
Want              | Got ✗
-------------------------
GameOverDisplay() | .....
                  | .....
                  | .....
                  | .....
                  | .....
                  | .....
                  | .....
                  | .....
                  | .....


	at app//org.scalatest.Assertions.newAssertionFailedException(Assertions.scala:530)
	at app//org.scalatest.Assertions.newAssertionFailedException$(Assertions.scala:529)
	at app//org.scalatest.FunSuite.newAssertionFailedException(FunSuite.scala:1560)
	at app//org.scalatest.Assertions$AssertionsHelper.macroAssert(Assertions.scala:503)
	at app//generic.GameTestSuite.checkGame(GameTestSuite.scala:298)
	at app//tetris.TetrisTestSuiteBase.checkGame(TetrisTestSuiteBase.scala:103)
	at app//tetris.FullGameTests.$anonfun$new$1(FullGameTests.scala:5740)
	at app//scala.runtime.java8.JFunction0$mcV$sp.apply(JFunction0$mcV$sp.scala:18)
	at app//infrastructure.TestBase.$anonfun$test$1(TestBase.scala:36)
	at app//org.scalatest.OutcomeOf.outcomeOf(OutcomeOf.scala:85)
	at app//org.scalatest.OutcomeOf.outcomeOf$(OutcomeOf.scala:83)
	at app//org.scalatest.OutcomeOf$.outcomeOf(OutcomeOf.scala:104)
	at app//org.scalatest.Transformer.apply(Transformer.scala:22)
	at app//org.scalatest.Transformer.apply(Transformer.scala:20)
	at app//org.scalatest.FunSuiteLike$$anon$1.apply(FunSuiteLike.scala:186)
	at app//org.scalatest.TestSuite.withFixture(TestSuite.scala:196)
	at app//org.scalatest.TestSuite.withFixture$(TestSuite.scala:195)
	at app//infrastructure.TestBase.org$scalatest$concurrent$TimeLimitedTests$$super$withFixture(TestBase.scala:9)
	at app//org.scalatest.concurrent.TimeLimitedTests.$anonfun$withFixture$3(TimeLimitedTests.scala:154)
	at app//org.scalatest.enablers.Timed$$anon$1.timeoutAfter(Timed.scala:127)
	at app//org.scalatest.concurrent.TimeLimits.failAfterImpl(TimeLimits.scala:239)
	at app//org.scalatest.concurrent.TimeLimits.failAfterImpl$(TimeLimits.scala:233)
	at app//org.scalatest.concurrent.TimeLimits$.failAfterImpl(TimeLimits.scala:305)
	at app//org.scalatest.concurrent.TimeLimitedTests.withFixture(TimeLimitedTests.scala:153)
	at app//org.scalatest.concurrent.TimeLimitedTests.withFixture$(TimeLimitedTests.scala:150)
	at app//infrastructure.TestBase.withFixture(TestBase.scala:9)
	at app//org.scalatest.FunSuiteLike.invokeWithFixture$1(FunSuiteLike.scala:184)
	at app//org.scalatest.FunSuiteLike.$anonfun$runTest$1(FunSuiteLike.scala:196)
	at app//org.scalatest.SuperEngine.runTestImpl(Engine.scala:286)
	at app//org.scalatest.FunSuiteLike.runTest(FunSuiteLike.scala:196)
	at app//org.scalatest.FunSuiteLike.runTest$(FunSuiteLike.scala:178)
	at app//org.scalatest.FunSuite.runTest(FunSuite.scala:1560)
	at app//org.scalatest.FunSuiteLike.$anonfun$runTests$1(FunSuiteLike.scala:229)
	at app//org.scalatest.SuperEngine.$anonfun$runTestsInBranch$1(Engine.scala:393)
	at app//scala.collection.immutable.List.foreach(List.scala:334)
	at app//org.scalatest.SuperEngine.traverseSubNodes$1(Engine.scala:381)
	at app//org.scalatest.SuperEngine.runTestsInBranch(Engine.scala:376)
	at app//org.scalatest.SuperEngine.runTestsImpl(Engine.scala:458)
	at app//org.scalatest.FunSuiteLike.runTests(FunSuiteLike.scala:229)
	at app//org.scalatest.FunSuiteLike.runTests$(FunSuiteLike.scala:228)
	at app//org.scalatest.FunSuite.runTests(FunSuite.scala:1560)
	at app//org.scalatest.Suite.run(Suite.scala:1124)
	at app//org.scalatest.Suite.run$(Suite.scala:1106)
	at app//org.scalatest.FunSuite.org$scalatest$FunSuiteLike$$super$run(FunSuite.scala:1560)
	at app//org.scalatest.FunSuiteLike.$anonfun$run$1(FunSuiteLike.scala:233)
	at app//org.scalatest.SuperEngine.runImpl(Engine.scala:518)
	at app//org.scalatest.FunSuiteLike.run(FunSuiteLike.scala:233)
	at app//org.scalatest.FunSuiteLike.run$(FunSuiteLike.scala:232)
	at app//infrastructure.TestBase.run(TestBase.scala:26)
	at app//org.scalatest.Suite.callExecuteOnSuite$1(Suite.scala:1187)
	at app//org.scalatest.Suite.$anonfun$runNestedSuites$1(Suite.scala:1234)
	at app//scala.collection.ArrayOps$.foreach$extension(ArrayOps.scala:1323)
	at app//org.scalatest.Suite.runNestedSuites(Suite.scala:1232)
	at app//org.scalatest.Suite.runNestedSuites$(Suite.scala:1166)
	at app//org.scalatest.Suites.runNestedSuites(Suites.scala:56)
	at app//org.scalatest.Suite.run(Suite.scala:1121)
	at app//org.scalatest.Suite.run$(Suite.scala:1106)
	at app//tetris.TetrisTestSuitesBase.runDirect(TetrisTestSuitesBase.scala:20)
	at app//tetris.TetrisTestSuitesBase.runWithScoreCounter(TetrisTestSuitesBase.scala:14)
	at app//tetris.TetrisTestSuite3_2.run(TetrisTestSuite3_2.scala:25)
	at app//org.scalatestplus.junit.JUnitRunner.run(JUnitRunner.scala:99)
	at org.gradle.api.internal.tasks.testing.junit.JUnitTestClassExecutor.runTestClass(JUnitTestClassExecutor.java:112)
	at org.gradle.api.internal.tasks.testing.junit.JUnitTestClassExecutor.execute(JUnitTestClassExecutor.java:58)
	at org.gradle.api.internal.tasks.testing.junit.JUnitTestClassExecutor.execute(JUnitTestClassExecutor.java:40)
	at org.gradle.api.internal.tasks.testing.junit.AbstractJUnitTestClassProcessor.processTestClass(AbstractJUnitTestClassProcessor.java:54)
	at org.gradle.api.internal.tasks.testing.SuiteTestClassProcessor.processTestClass(SuiteTestClassProcessor.java:53)
	at java.base@17.0.12/jdk.internal.reflect.NativeMethodAccessorImpl.invoke0(Native Method)
	at java.base@17.0.12/jdk.internal.reflect.NativeMethodAccessorImpl.invoke(Unknown Source)
	at java.base@17.0.12/jdk.internal.reflect.DelegatingMethodAccessorImpl.invoke(Unknown Source)
	at java.base@17.0.12/java.lang.reflect.Method.invoke(Unknown Source)
	at org.gradle.internal.dispatch.ReflectionDispatch.dispatch(ReflectionDispatch.java:36)
	at org.gradle.internal.dispatch.ReflectionDispatch.dispatch(ReflectionDispatch.java:24)
	at org.gradle.internal.dispatch.ContextClassLoaderDispatch.dispatch(ContextClassLoaderDispatch.java:33)
	at org.gradle.internal.dispatch.ProxyDispatchAdapter$DispatchingInvocationHandler.invoke(ProxyDispatchAdapter.java:92)
	at jdk.proxy1/jdk.proxy1.$Proxy4.processTestClass(Unknown Source)
	at org.gradle.api.internal.tasks.testing.worker.TestWorker$2.run(TestWorker.java:183)
	at org.gradle.api.internal.tasks.testing.worker.TestWorker.executeAndMaintainThreadName(TestWorker.java:132)
	at org.gradle.api.internal.tasks.testing.worker.TestWorker.execute(TestWorker.java:103)
	at org.gradle.api.internal.tasks.testing.worker.TestWorker.execute(TestWorker.java:63)
	at org.gradle.process.internal.worker.child.ActionExecutionWorker.execute(ActionExecutionWorker.java:56)
	at org.gradle.process.internal.worker.child.SystemApplicationClassLoaderWorker.call(SystemApplicationClassLoaderWorker.java:121)
	at org.gradle.process.internal.worker.child.SystemApplicationClassLoaderWorker.call(SystemApplicationClassLoaderWorker.java:71)
	at app//worker.org.gradle.process.internal.worker.GradleWorkerMain.run(GradleWorkerMain.java:69)
	at app//worker.org.gradle.process.internal.worker.GradleWorkerMain.main(GradleWorkerMain.java:74)
</failure>
  </testcase>
  <testcase name="testGame8x11" classname="tetris.FullGameTests" time="0.102">
    <failure message="org.scalatest.exceptions.TestFailedException: didPass was false&#10;--------------------------------------------------------------------------------&#10;This is what went wrong:&#10;&#10;step=0, rand=2, actions=&lt;&gt;&#10;Want     | Got ✓   &#10;-------------------&#10;....L... | ....L...&#10;..LLL... | ..LLL...&#10;........ | ........&#10;........ | ........&#10;........ | ........&#10;........ | ........&#10;........ | ........&#10;........ | ........&#10;........ | ........&#10;........ | ........&#10;........ | ........&#10;&#10;step=1, rand=2, actions=&lt;Right&gt;&#10;Want     | Got ✓   &#10;-------------------&#10;.....L.. | .....L..&#10;...LLL.. | ...LLL..&#10;........ | ........&#10;........ | ........&#10;........ | ........&#10;........ | ........&#10;........ | ........&#10;........ | ........&#10;........ | ........&#10;........ | ........&#10;........ | ........&#10;&#10;step=2, rand=2, actions=&lt;Right&gt;&#10;Want     | Got ✓   &#10;-------------------&#10;......L. | ......L.&#10;....LLL. | ....LLL.&#10;........ | ........&#10;........ | ........&#10;........ | ........&#10;........ | ........&#10;........ | ........&#10;........ | ........&#10;........ | ........&#10;........ | ........&#10;........ | ........&#10;&#10;step=3, rand=2, actions=&lt;Down&gt;&#10;Want     | Got ✓   &#10;-------------------&#10;........ | ........&#10;......L. | ......L.&#10;....LLL. | ....LLL.&#10;........ | ........&#10;........ | ........&#10;........ | ........&#10;........ | ........&#10;........ | ........&#10;........ | ........&#10;........ | ........&#10;........ | ........&#10;&#10;step=4, rand=2, actions=&lt;Down&gt;&#10;Want     | Got ✓   &#10;-------------------&#10;........ | ........&#10;........ | ........&#10;......L. | ......L.&#10;....LLL. | ....LLL.&#10;........ | ........&#10;........ | ........&#10;........ | ........&#10;........ | ........&#10;........ | ........&#10;........ | ........&#10;........ | ........&#10;&#10;step=5, rand=2, actions=&lt;Down&gt;&#10;Want     | Got ✓   &#10;-------------------&#10;........ | ........&#10;........ | ........&#10;........ | ........&#10;......L. | ......L.&#10;....LLL. | ....LLL.&#10;........ | ........&#10;........ | ........&#10;........ | ........&#10;........ | ........&#10;........ | ........&#10;........ | ........&#10;&#10;step=6, rand=2, actions=&lt;Down&gt;&#10;Want     | Got ✓   &#10;-------------------&#10;........ | ........&#10;........ | ........&#10;........ | ........&#10;........ | ........&#10;......L. | ......L.&#10;....LLL. | ....LLL.&#10;........ | ........&#10;........ | ........&#10;........ | ........&#10;........ | ........&#10;........ | ........&#10;&#10;step=7, rand=2, actions=&lt;Down&gt;&#10;Want     | Got ✓   &#10;-------------------&#10;........ | ........&#10;........ | ........&#10;........ | ........&#10;........ | ........&#10;........ | ........&#10;......L. | ......L.&#10;....LLL. | ....LLL.&#10;........ | ........&#10;........ | ........&#10;........ | ........&#10;........ | ........&#10;&#10;step=8, rand=2, actions=&lt;Down&gt;&#10;Want     | Got ✓   &#10;-------------------&#10;........ | ........&#10;........ | ........&#10;........ | ........&#10;........ | ........&#10;........ | ........&#10;........ | ........&#10;......L. | ......L.&#10;....LLL. | ....LLL.&#10;........ | ........&#10;........ | ........&#10;........ | ........&#10;&#10;step=9, rand=2, actions=&lt;Down&gt;&#10;Want     | Got ✓   &#10;-------------------&#10;........ | ........&#10;........ | ........&#10;........ | ........&#10;........ | ........&#10;........ | ........&#10;........ | ........&#10;........ | ........&#10;......L. | ......L.&#10;....LLL. | ....LLL.&#10;........ | ........&#10;........ | ........&#10;&#10;step=10, rand=2, actions=&lt;Down&gt;&#10;Want     | Got ✓   &#10;-------------------&#10;........ | ........&#10;........ | ........&#10;........ | ........&#10;........ | ........&#10;........ | ........&#10;........ | ........&#10;........ | ........&#10;........ | ........&#10;......L. | ......L.&#10;....LLL. | ....LLL.&#10;........ | ........&#10;&#10;step=11, rand=2, actions=&lt;Down&gt;&#10;Want     | Got ✓   &#10;-------------------&#10;........ | ........&#10;........ | ........&#10;........ | ........&#10;........ | ........&#10;........ | ........&#10;........ | ........&#10;........ | ........&#10;........ | ........&#10;........ | ........&#10;......L. | ......L.&#10;....LLL. | ....LLL.&#10;&#10;step=12, rand=6, actions=&lt;Down&gt;&#10;Want     | Got ✗   &#10;-------------------&#10;..ZZ.... | ........&#10;...ZZ... | ........&#10;........ | ........&#10;........ | ........&#10;........ | ........&#10;........ | ........&#10;........ | ........&#10;........ | ........&#10;........ | ........&#10;......L. | ........&#10;....LLL. | ......L.&#10;&#10;step=13, rand=6, actions=&lt;RotateRight&gt;&#10;Want     | Got ✗   &#10;-------------------&#10;....Z... | ........&#10;...ZZ... | ........&#10;...Z.... | ........&#10;........ | ........&#10;........ | ........&#10;........ | ........&#10;........ | ........&#10;........ | ........&#10;........ | ........&#10;......L. | ........&#10;....LLL. | ......L.&#10;&#10;step=14, rand=6, actions=&lt;Down&gt;&#10;Want     | Got ✗   &#10;-------------------&#10;........ | ........&#10;....Z... | ........&#10;...ZZ... | ........&#10;...Z.... | ........&#10;........ | ........&#10;........ | ........&#10;........ | ........&#10;........ | ........&#10;........ | ........&#10;......L. | ........&#10;....LLL. | ........&#10;&#10;step=15, rand=6, actions=&lt;Down&gt;&#10;Want     | Got ✗   &#10;-------------------&#10;........ | ........&#10;........ | ........&#10;....Z... | ........&#10;...ZZ... | ........&#10;...Z.... | ........&#10;........ | ........&#10;........ | ........&#10;........ | ........&#10;........ | ........&#10;......L. | ........&#10;....LLL. | ........&#10;&#10;step=16, rand=6, actions=&lt;Down&gt;&#10;Want     | Got ✗   &#10;-------------------&#10;........ | ........&#10;........ | ........&#10;........ | ........&#10;....Z... | ........&#10;...ZZ... | ........&#10;...Z.... | ........&#10;........ | ........&#10;........ | ........&#10;........ | ........&#10;......L. | ........&#10;....LLL. | ........&#10;&#10;step=17, rand=6, actions=&lt;Down&gt;&#10;Want     | Got ✗   &#10;-------------------&#10;........ | ........&#10;........ | ........&#10;........ | ........&#10;........ | ........&#10;....Z... | ........&#10;...ZZ... | ........&#10;...Z.... | ........&#10;........ | ........&#10;........ | ........&#10;......L. | ........&#10;....LLL. | ........&#10;&#10;step=18, rand=6, actions=&lt;Down&gt;&#10;Want     | Got ✗   &#10;-------------------&#10;........ | ........&#10;........ | ........&#10;........ | ........&#10;........ | ........&#10;........ | ........&#10;....Z... | ........&#10;...ZZ... | ........&#10;...Z.... | ........&#10;........ | ........&#10;......L. | ........&#10;....LLL. | ........&#10;&#10;step=19, rand=6, actions=&lt;Down&gt;&#10;Want     | Got ✗   &#10;-------------------&#10;........ | ........&#10;........ | ........&#10;........ | ........&#10;........ | ........&#10;........ | ........&#10;........ | ........&#10;....Z... | ........&#10;...ZZ... | ........&#10;...Z.... | ........&#10;......L. | ........&#10;....LLL. | ........&#10;&#10;step=20, rand=6, actions=&lt;Down&gt;&#10;Want     | Got ✗   &#10;-------------------&#10;........ | ........&#10;........ | ........&#10;........ | ........&#10;........ | ........&#10;........ | ........&#10;........ | ........&#10;........ | ........&#10;....Z... | ........&#10;...ZZ... | ........&#10;...Z..L. | ........&#10;....LLL. | ........&#10;&#10;step=21, rand=6, actions=&lt;Down&gt;&#10;Want     | Got ✗   &#10;-------------------&#10;........ | ........&#10;........ | ........&#10;........ | ........&#10;........ | ........&#10;........ | ........&#10;........ | ........&#10;........ | ........&#10;........ | ........&#10;....Z... | ........&#10;...ZZ.L. | ........&#10;...ZLLL. | ........&#10;&#10;step=22, rand=4, actions=&lt;Down&gt;&#10;Want     | Got ✗   &#10;-------------------&#10;...SS... | ........&#10;..SS.... | ........&#10;........ | ........&#10;........ | ........&#10;........ | ........&#10;........ | ........&#10;........ | ........&#10;........ | ........&#10;....Z... | ........&#10;...ZZ.L. | ........&#10;...ZLLL. | ........&#10;&#10;step=23, rand=4, actions=&lt;Left&gt;&#10;Want     | Got ✗   &#10;-------------------&#10;..SS.... | ........&#10;.SS..... | ........&#10;........ | ........&#10;........ | ........&#10;........ | ........&#10;........ | ........&#10;........ | ........&#10;........ | ........&#10;....Z... | ........&#10;...ZZ.L. | ........&#10;...ZLLL. | ........&#10;&#10;step=24, rand=4, actions=&lt;RotateRight&gt;&#10;Want     | Got ✗   &#10;-------------------&#10;..S..... | ........&#10;..SS.... | ........&#10;...S.... | ........&#10;........ | ........&#10;........ | ........&#10;........ | ........&#10;........ | ........&#10;........ | ........&#10;....Z... | ........&#10;...ZZ.L. | ........&#10;...ZLLL. | ........&#10;&#10;step=25, rand=4, actions=&lt;Left&gt;&#10;Want     | Got ✗   &#10;-------------------&#10;.S...... | ........&#10;.SS..... | ........&#10;..S..... | ........&#10;........ | ........&#10;........ | ........&#10;........ | ........&#10;........ | ........&#10;........ | ........&#10;....Z... | ........&#10;...ZZ.L. | ........&#10;...ZLLL. | ........&#10;&#10;step=26, rand=4, actions=&lt;Down&gt;&#10;Want     | Got ✗   &#10;-------------------&#10;........ | ........&#10;.S...... | ........&#10;.SS..... | ........&#10;..S..... | ........&#10;........ | ........&#10;........ | ........&#10;........ | ........&#10;........ | ........&#10;....Z... | ........&#10;...ZZ.L. | ........&#10;...ZLLL. | ........&#10;&#10;step=27, rand=4, actions=&lt;Down&gt;&#10;Want     | Got ✗   &#10;-------------------&#10;........ | ........&#10;........ | ........&#10;.S...... | ........&#10;.SS..... | ........&#10;..S..... | ........&#10;........ | ........&#10;........ | ........&#10;........ | ........&#10;....Z... | ........&#10;...ZZ.L. | ........&#10;...ZLLL. | ........&#10;&#10;step=28, rand=4, actions=&lt;Down&gt;&#10;Want     | Got ✗   &#10;-------------------&#10;........ | ........&#10;........ | ........&#10;........ | ........&#10;.S...... | ........&#10;.SS..... | ........&#10;..S..... | ........&#10;........ | ........&#10;........ | ........&#10;....Z... | ........&#10;...ZZ.L. | ........&#10;...ZLLL. | ........&#10;&#10;step=29, rand=4, actions=&lt;Down&gt;&#10;Want     | Got ✗   &#10;-------------------&#10;........ | ........&#10;........ | ........&#10;........ | ........&#10;........ | ........&#10;.S...... | ........&#10;.SS..... | ........&#10;..S..... | ........&#10;........ | ........&#10;....Z... | ........&#10;...ZZ.L. | ........&#10;...ZLLL. | ........&#10;&#10;step=30, rand=4, actions=&lt;Down&gt;&#10;Want     | Got ✗   &#10;-------------------&#10;........ | ........&#10;........ | ........&#10;........ | ........&#10;........ | ........&#10;........ | ........&#10;.S...... | ........&#10;.SS..... | ........&#10;..S..... | ........&#10;....Z... | ........&#10;...ZZ.L. | ........&#10;...ZLLL. | ........&#10;&#10;step=31, rand=4, actions=&lt;Down&gt;&#10;Want     | Got ✗   &#10;-------------------&#10;........ | ........&#10;........ | ........&#10;........ | ........&#10;........ | ........&#10;........ | ........&#10;........ | ........&#10;.S...... | ........&#10;.SS..... | ........&#10;..S.Z... | ........&#10;...ZZ.L. | ........&#10;...ZLLL. | ........&#10;&#10;step=32, rand=4, actions=&lt;Down&gt;&#10;Want     | Got ✗   &#10;-------------------&#10;........ | ........&#10;........ | ........&#10;........ | ........&#10;........ | ........&#10;........ | ........&#10;........ | ........&#10;........ | ........&#10;.S...... | ........&#10;.SS.Z... | ........&#10;..SZZ.L. | ........&#10;...ZLLL. | ........&#10;&#10;step=33, rand=4, actions=&lt;Down&gt;&#10;Want     | Got ✗   &#10;-------------------&#10;........ | ........&#10;........ | ........&#10;........ | ........&#10;........ | ........&#10;........ | ........&#10;........ | ........&#10;........ | ........&#10;........ | ........&#10;.S..Z... | ........&#10;.SSZZ.L. | ........&#10;..SZLLL. | ........&#10;&#10;step=34, rand=0, actions=&lt;Down&gt;&#10;Want     | Got ✗   &#10;-------------------&#10;........ | ........&#10;..IIII.. | ........&#10;........ | ........&#10;........ | ........&#10;........ | ........&#10;........ | ........&#10;........ | ........&#10;........ | ........&#10;.S..Z... | ........&#10;.SSZZ.L. | ........&#10;..SZLLL. | ........&#10;&#10;step=35, rand=0, actions=&lt;RotateRight&gt;&#10;Want     | Got ✗   &#10;-------------------&#10;....I... | ........&#10;....I... | ........&#10;....I... | ........&#10;....I... | ........&#10;........ | ........&#10;........ | ........&#10;........ | ........&#10;........ | ........&#10;.S..Z... | ........&#10;.SSZZ.L. | ........&#10;..SZLLL. | ........&#10;&#10;step=36, rand=0, actions=&lt;Left&gt;&#10;Want     | Got ✗   &#10;-------------------&#10;...I.... | ........&#10;...I.... | ........&#10;...I.... | ........&#10;...I.... | ........&#10;........ | ........&#10;........ | ........&#10;........ | ........&#10;........ | ........&#10;.S..Z... | ........&#10;.SSZZ.L. | ........&#10;..SZLLL. | ........&#10;&#10;step=37, rand=0, actions=&lt;Left&gt;&#10;Want     | Got ✗   &#10;-------------------&#10;..I..... | ........&#10;..I..... | ........&#10;..I..... | ........&#10;..I..... | ........&#10;........ | ........&#10;........ | ........&#10;........ | ........&#10;........ | ........&#10;.S..Z... | ........&#10;.SSZZ.L. | ........&#10;..SZLLL. | ........&#10;&#10;step=38, rand=0, actions=&lt;Left&gt;&#10;Want     | Got ✗   &#10;-------------------&#10;.I...... | ........&#10;.I...... | ........&#10;.I...... | ........&#10;.I...... | ........&#10;........ | ........&#10;........ | ........&#10;........ | ........&#10;........ | ........&#10;.S..Z... | ........&#10;.SSZZ.L. | ........&#10;..SZLLL. | ........&#10;&#10;step=39, rand=0, actions=&lt;Left&gt;&#10;Want     | Got ✗   &#10;-------------------&#10;I....... | ........&#10;I....... | ........&#10;I....... | ........&#10;I....... | ........&#10;........ | ........&#10;........ | ........&#10;........ | ........&#10;........ | ........&#10;.S..Z... | ........&#10;.SSZZ.L. | ........&#10;..SZLLL. | ........&#10;&#10;step=40, rand=0, actions=&lt;Left&gt;&#10;Want     | Got ✗   &#10;-------------------&#10;I....... | ........&#10;I....... | ........&#10;I....... | ........&#10;I....... | ........&#10;........ | ........&#10;........ | ........&#10;........ | ........&#10;........ | ........&#10;.S..Z... | ........&#10;.SSZZ.L. | ........&#10;..SZLLL. | ........&#10;&#10;step=41, rand=0, actions=&lt;Down&gt;&#10;Want     | Got ✗   &#10;-------------------&#10;........ | ........&#10;I....... | ........&#10;I....... | ........&#10;I....... | ........&#10;I....... | ........&#10;........ | ........&#10;........ | ........&#10;........ | ........&#10;.S..Z... | ........&#10;.SSZZ.L. | ........&#10;..SZLLL. | ........&#10;&#10;step=42, rand=0, actions=&lt;Down&gt;&#10;Want     | Got ✗   &#10;-------------------&#10;........ | ........&#10;........ | ........&#10;I....... | ........&#10;I....... | ........&#10;I....... | ........&#10;I....... | ........&#10;........ | ........&#10;........ | ........&#10;.S..Z... | ........&#10;.SSZZ.L. | ........&#10;..SZLLL. | ........&#10;&#10;step=43, rand=0, actions=&lt;Down&gt;&#10;Want     | Got ✗   &#10;-------------------&#10;........ | ........&#10;........ | ........&#10;........ | ........&#10;I....... | ........&#10;I....... | ........&#10;I....... | ........&#10;I....... | ........&#10;........ | ........&#10;.S..Z... | ........&#10;.SSZZ.L. | ........&#10;..SZLLL. | ........&#10;&#10;step=44, rand=0, actions=&lt;Down&gt;&#10;Want     | Got ✗   &#10;-------------------&#10;........ | ........&#10;........ | ........&#10;........ | ........&#10;........ | ........&#10;I....... | ........&#10;I....... | ........&#10;I....... | ........&#10;I....... | ........&#10;.S..Z... | ........&#10;.SSZZ.L. | ........&#10;..SZLLL. | ........&#10;&#10;step=45, rand=0, actions=&lt;Down&gt;&#10;Want     | Got ✗   &#10;-------------------&#10;........ | ........&#10;........ | ........&#10;........ | ........&#10;........ | ........&#10;........ | ........&#10;I....... | ........&#10;I....... | ........&#10;I....... | ........&#10;IS..Z... | ........&#10;.SSZZ.L. | ........&#10;..SZLLL. | ........&#10;&#10;step=46, rand=0, actions=&lt;Down&gt;&#10;Want     | Got ✗   &#10;-------------------&#10;........ | ........&#10;........ | ........&#10;........ | ........&#10;........ | ........&#10;........ | ........&#10;........ | ........&#10;I....... | ........&#10;I....... | ........&#10;IS..Z... | ........&#10;ISSZZ.L. | ........&#10;..SZLLL. | ........&#10;&#10;step=47, rand=0, actions=&lt;Down&gt;&#10;Want     | Got ✗   &#10;-------------------&#10;........ | ........&#10;........ | ........&#10;........ | ........&#10;........ | ........&#10;........ | ........&#10;........ | ........&#10;........ | ........&#10;I....... | ........&#10;IS..Z... | ........&#10;ISSZZ.L. | ........&#10;I.SZLLL. | ........&#10;&#10;step=48, rand=3, actions=&lt;Down&gt;&#10;Want     | Got ✗   &#10;-------------------&#10;...OO... | ........&#10;...OO... | ........&#10;........ | ........&#10;........ | ........&#10;........ | ........&#10;........ | ........&#10;........ | ........&#10;I....... | ........&#10;IS..Z... | ........&#10;ISSZZ.L. | ........&#10;I.SZLLL. | ........&#10;&#10;step=49, rand=3, actions=&lt;Left&gt;&#10;Want     | Got ✗   &#10;-------------------&#10;..OO.... | ........&#10;..OO.... | ........&#10;........ | ........&#10;........ | ........&#10;........ | ........&#10;........ | ........&#10;........ | ........&#10;I....... | ........&#10;IS..Z... | ........&#10;ISSZZ.L. | ........&#10;I.SZLLL. | ........&#10;&#10;step=50, rand=3, actions=&lt;Down&gt;&#10;Want     | Got ✗   &#10;-------------------&#10;........ | ........&#10;..OO.... | ........&#10;..OO.... | ........&#10;........ | ........&#10;........ | ........&#10;........ | ........&#10;........ | ........&#10;I....... | ........&#10;IS..Z... | ........&#10;ISSZZ.L. | ........&#10;I.SZLLL. | ........&#10;&#10;step=51, rand=3, actions=&lt;Left&gt;&#10;Want     | Got ✗   &#10;-------------------&#10;........ | ........&#10;.OO..... | ........&#10;.OO..... | ........&#10;........ | ........&#10;........ | ........&#10;........ | ........&#10;........ | ........&#10;I....... | ........&#10;IS..Z... | ........&#10;ISSZZ.L. | ........&#10;I.SZLLL. | ........&#10;&#10;step=52, rand=3, actions=&lt;Down&gt;&#10;Want     | Got ✗   &#10;-------------------&#10;........ | ........&#10;........ | ........&#10;.OO..... | ........&#10;.OO..... | ........&#10;........ | ........&#10;........ | ........&#10;........ | ........&#10;I....... | ........&#10;IS..Z... | ........&#10;ISSZZ.L. | ........&#10;I.SZLLL. | ........&#10;&#10;step=53, rand=3, actions=&lt;Down&gt;&#10;Want     | Got ✗   &#10;-------------------&#10;........ | ........&#10;........ | ........&#10;........ | ........&#10;.OO..... | ........&#10;.OO..... | ........&#10;........ | ........&#10;........ | ........&#10;I....... | ........&#10;IS..Z... | ........&#10;ISSZZ.L. | ........&#10;I.SZLLL. | ........&#10;&#10;step=54, rand=3, actions=&lt;Down&gt;&#10;Want     | Got ✗   &#10;-------------------&#10;........ | ........&#10;........ | ........&#10;........ | ........&#10;........ | ........&#10;.OO..... | ........&#10;.OO..... | ........&#10;........ | ........&#10;I....... | ........&#10;IS..Z... | ........&#10;ISSZZ.L. | ........&#10;I.SZLLL. | ........&#10;&#10;step=55, rand=3, actions=&lt;Down&gt;&#10;Want     | Got ✗   &#10;-------------------&#10;........ | ........&#10;........ | ........&#10;........ | ........&#10;........ | ........&#10;........ | ........&#10;.OO..... | ........&#10;.OO..... | ........&#10;I....... | ........&#10;IS..Z... | ........&#10;ISSZZ.L. | ........&#10;I.SZLLL. | ........&#10;&#10;step=56, rand=3, actions=&lt;Right&gt;&#10;Want     | Got ✗   &#10;-------------------&#10;........ | ........&#10;........ | ........&#10;........ | ........&#10;........ | ........&#10;........ | ........&#10;..OO.... | ........&#10;..OO.... | ........&#10;I....... | ........&#10;IS..Z... | ........&#10;ISSZZ.L. | ........&#10;I.SZLLL. | ........&#10;&#10;step=57, rand=3, actions=&lt;Down&gt;&#10;Want     | Got ✗   &#10;-------------------&#10;........ | ........&#10;........ | ........&#10;........ | ........&#10;........ | ........&#10;........ | ........&#10;........ | ........&#10;..OO.... | ........&#10;I.OO.... | ........&#10;IS..Z... | ........&#10;ISSZZ.L. | ........&#10;I.SZLLL. | ........&#10;&#10;step=58, rand=3, actions=&lt;Down&gt;&#10;Want     | Got ✗   &#10;-------------------&#10;........ | ........&#10;........ | ........&#10;........ | ........&#10;........ | ........&#10;........ | ........&#10;........ | ........&#10;........ | ........&#10;I.OO.... | ........&#10;ISOOZ... | ........&#10;ISSZZ.L. | ........&#10;I.SZLLL. | ........&#10;&#10;step=59, rand=3, actions=&lt;Down&gt;&#10;Want     | Got ✗   &#10;-------------------&#10;...OO... | ........&#10;...OO... | ........&#10;........ | ........&#10;........ | ........&#10;........ | ........&#10;........ | ........&#10;........ | ........&#10;I.OO.... | ........&#10;ISOOZ... | ........&#10;ISSZZ.L. | ........&#10;I.SZLLL. | ........&#10;&#10;step=60, rand=3, actions=&lt;Left&gt;&#10;Want     | Got ✗   &#10;-------------------&#10;..OO.... | ........&#10;..OO.... | ........&#10;........ | ........&#10;........ | ........&#10;........ | ........&#10;........ | ........&#10;........ | ........&#10;I.OO.... | ........&#10;ISOOZ... | ........&#10;ISSZZ.L. | ........&#10;I.SZLLL. | ........&#10;&#10;step=61, rand=3, actions=&lt;Down&gt;&#10;Want     | Got ✗   &#10;-------------------&#10;........ | ........&#10;..OO.... | ........&#10;..OO.... | ........&#10;........ | ........&#10;........ | ........&#10;........ | ........&#10;........ | ........&#10;I.OO.... | ........&#10;ISOOZ... | ........&#10;ISSZZ.L. | ........&#10;I.SZLLL. | ........&#10;&#10;step=62, rand=3, actions=&lt;Down&gt;&#10;Want     | Got ✗   &#10;-------------------&#10;........ | ........&#10;........ | ........&#10;..OO.... | ........&#10;..OO.... | ........&#10;........ | ........&#10;........ | ........&#10;........ | ........&#10;I.OO.... | ........&#10;ISOOZ... | ........&#10;ISSZZ.L. | ........&#10;I.SZLLL. | ........&#10;&#10;step=63, rand=3, actions=&lt;Down&gt;&#10;Want     | Got ✗   &#10;-------------------&#10;........ | ........&#10;........ | ........&#10;........ | ........&#10;..OO.... | ........&#10;..OO.... | ........&#10;........ | ........&#10;........ | ........&#10;I.OO.... | ........&#10;ISOOZ... | ........&#10;ISSZZ.L. | ........&#10;I.SZLLL. | ........&#10;&#10;step=64, rand=3, actions=&lt;Down&gt;&#10;Want     | Got ✗   &#10;-------------------&#10;........ | ........&#10;........ | ........&#10;........ | ........&#10;........ | ........&#10;..OO.... | ........&#10;..OO.... | ........&#10;........ | ........&#10;I.OO.... | ........&#10;ISOOZ... | ........&#10;ISSZZ.L. | ........&#10;I.SZLLL. | ........&#10;&#10;step=65, rand=3, actions=&lt;Down&gt;&#10;Want     | Got ✗   &#10;-------------------&#10;........ | ........&#10;........ | ........&#10;........ | ........&#10;........ | ........&#10;........ | ........&#10;..OO.... | ........&#10;..OO.... | ........&#10;I.OO.... | ........&#10;ISOOZ... | ........&#10;ISSZZ.L. | ........&#10;I.SZLLL. | ........&#10;&#10;step=66, rand=2, actions=&lt;Down&gt;&#10;Want     | Got ✗   &#10;-------------------&#10;....L... | ........&#10;..LLL... | ........&#10;........ | ........&#10;........ | ........&#10;........ | ........&#10;..OO.... | ........&#10;..OO.... | ........&#10;I.OO.... | ........&#10;ISOOZ... | ........&#10;ISSZZ.L. | ........&#10;I.SZLLL. | ........&#10;&#10;step=67, rand=2, actions=&lt;RotateRight&gt;&#10;Want     | Got ✗   &#10;-------------------&#10;...L.... | ........&#10;...L.... | ........&#10;...LL... | ........&#10;........ | ........&#10;........ | ........&#10;..OO.... | ........&#10;..OO.... | ........&#10;I.OO.... | ........&#10;ISOOZ... | ........&#10;ISSZZ.L. | ........&#10;I.SZLLL. | ........&#10;&#10;step=68, rand=2, actions=&lt;Right&gt;&#10;Want     | Got ✗   &#10;-------------------&#10;....L... | ........&#10;....L... | ........&#10;....LL.. | ........&#10;........ | ........&#10;........ | ........&#10;..OO.... | ........&#10;..OO.... | ........&#10;I.OO.... | ........&#10;ISOOZ... | ........&#10;ISSZZ.L. | ........&#10;I.SZLLL. | ........&#10;&#10;step=69, rand=2, actions=&lt;Right&gt;&#10;Want     | Got ✗   &#10;-------------------&#10;.....L.. | ........&#10;.....L.. | ........&#10;.....LL. | ........&#10;........ | ........&#10;........ | ........&#10;..OO.... | ........&#10;..OO.... | ........&#10;I.OO.... | ........&#10;ISOOZ... | ........&#10;ISSZZ.L. | ........&#10;I.SZLLL. | ........&#10;&#10;step=70, rand=2, actions=&lt;RotateRight&gt;&#10;Want     | Got ✗   &#10;-------------------&#10;........ | ........&#10;....LLL. | ........&#10;....L... | ........&#10;........ | ........&#10;........ | ........&#10;..OO.... | ........&#10;..OO.... | ........&#10;I.OO.... | ........&#10;ISOOZ... | ........&#10;ISSZZ.L. | ........&#10;I.SZLLL. | ........&#10;&#10;step=71, rand=2, actions=&lt;RotateRight&gt;&#10;Want     | Got ✗   &#10;-------------------&#10;....LL.. | ........&#10;.....L.. | ........&#10;.....L.. | ........&#10;........ | ........&#10;........ | ........&#10;..OO.... | ........&#10;..OO.... | ........&#10;I.OO.... | ........&#10;ISOOZ... | ........&#10;ISSZZ.L. | ........&#10;I.SZLLL. | ........&#10;&#10;step=72, rand=2, actions=&lt;Right&gt;&#10;Want     | Got ✗   &#10;-------------------&#10;.....LL. | ........&#10;......L. | ........&#10;......L. | ........&#10;........ | ........&#10;........ | ........&#10;..OO.... | ........&#10;..OO.... | ........&#10;I.OO.... | ........&#10;ISOOZ... | ........&#10;ISSZZ.L. | ........&#10;I.SZLLL. | ........&#10;&#10;step=73, rand=2, actions=&lt;Right&gt;&#10;Want     | Got ✗   &#10;-------------------&#10;......LL | ........&#10;.......L | ........&#10;.......L | ........&#10;........ | ........&#10;........ | ........&#10;..OO.... | ........&#10;..OO.... | ........&#10;I.OO.... | ........&#10;ISOOZ... | ........&#10;ISSZZ.L. | ........&#10;I.SZLLL. | ........&#10;&#10;step=74, rand=2, actions=&lt;Down&gt;&#10;Want     | Got ✗   &#10;-------------------&#10;........ | ........&#10;......LL | ........&#10;.......L | ........&#10;.......L | ........&#10;........ | ........&#10;..OO.... | ........&#10;..OO.... | ........&#10;I.OO.... | ........&#10;ISOOZ... | ........&#10;ISSZZ.L. | ........&#10;I.SZLLL. | ........&#10;&#10;step=75, rand=2, actions=&lt;Down&gt;&#10;Want     | Got ✗   &#10;-------------------&#10;........ | ........&#10;........ | ........&#10;......LL | ........&#10;.......L | ........&#10;.......L | ........&#10;..OO.... | ........&#10;..OO.... | ........&#10;I.OO.... | ........&#10;ISOOZ... | ........&#10;ISSZZ.L. | ........&#10;I.SZLLL. | ........&#10;&#10;step=76, rand=2, actions=&lt;Down&gt;&#10;Want     | Got ✗   &#10;-------------------&#10;........ | ........&#10;........ | ........&#10;........ | ........&#10;......LL | ........&#10;.......L | ........&#10;..OO...L | ........&#10;..OO.... | ........&#10;I.OO.... | ........&#10;ISOOZ... | ........&#10;ISSZZ.L. | ........&#10;I.SZLLL. | ........&#10;&#10;step=77, rand=2, actions=&lt;Down&gt;&#10;Want     | Got ✗   &#10;-------------------&#10;........ | ........&#10;........ | ........&#10;........ | ........&#10;........ | ........&#10;......LL | ........&#10;..OO...L | ........&#10;..OO...L | ........&#10;I.OO.... | ........&#10;ISOOZ... | ........&#10;ISSZZ.L. | ........&#10;I.SZLLL. | ........&#10;&#10;step=78, rand=2, actions=&lt;Down&gt;&#10;Want     | Got ✗   &#10;-------------------&#10;........ | ........&#10;........ | ........&#10;........ | ........&#10;........ | ........&#10;........ | ........&#10;..OO..LL | ........&#10;..OO...L | ........&#10;I.OO...L | ........&#10;ISOOZ... | ........&#10;ISSZZ.L. | ........&#10;I.SZLLL. | ........&#10;&#10;step=79, rand=2, actions=&lt;Down&gt;&#10;Want     | Got ✗   &#10;-------------------&#10;........ | ........&#10;........ | ........&#10;........ | ........&#10;........ | ........&#10;........ | ........&#10;..OO.... | ........&#10;..OO..LL | ........&#10;I.OO...L | ........&#10;ISOOZ..L | ........&#10;ISSZZ.L. | ........&#10;I.SZLLL. | ........&#10;&#10;step=80, rand=2, actions=&lt;Down&gt;&#10;Want     | Got ✗   &#10;-------------------&#10;........ | ........&#10;........ | ........&#10;........ | ........&#10;........ | ........&#10;........ | ........&#10;..OO.... | ........&#10;..OO.... | ........&#10;I.OO..LL | ........&#10;ISOOZ..L | ........&#10;ISSZZ.LL | ........&#10;I.SZLLL. | ........&#10;&#10;step=81, rand=2, actions=&lt;Down&gt;&#10;Want     | Got ✗   &#10;-------------------&#10;........ | ........&#10;........ | ........&#10;........ | ........&#10;........ | ........&#10;........ | ........&#10;..OO.... | ........&#10;..OO.... | ........&#10;I.OO.... | ........&#10;ISOOZ.LL | ........&#10;ISSZZ.LL | ........&#10;I.SZLLLL | ........&#10;&#10;step=82, rand=5, actions=&lt;Down&gt;&#10;Want     | Got ✗   &#10;-------------------&#10;...T.... | ........&#10;..TTT... | ........&#10;........ | ........&#10;........ | ........&#10;........ | ........&#10;..OO.... | ........&#10;..OO.... | ........&#10;I.OO.... | ........&#10;ISOOZ.LL | ........&#10;ISSZZ.LL | ........&#10;I.SZLLLL | ........&#10;&#10;step=83, rand=5, actions=&lt;Right&gt;&#10;Want     | Got ✗   &#10;-------------------&#10;....T... | ........&#10;...TTT.. | ........&#10;........ | ........&#10;........ | ........&#10;........ | ........&#10;..OO.... | ........&#10;..OO.... | ........&#10;I.OO.... | ........&#10;ISOOZ.LL | ........&#10;ISSZZ.LL | ........&#10;I.SZLLLL | ........&#10;&#10;step=84, rand=5, actions=&lt;Right&gt;&#10;Want     | Got ✗   &#10;-------------------&#10;.....T.. | ........&#10;....TTT. | ........&#10;........ | ........&#10;........ | ........&#10;........ | ........&#10;..OO.... | ........&#10;..OO.... | ........&#10;I.OO.... | ........&#10;ISOOZ.LL | ........&#10;ISSZZ.LL | ........&#10;I.SZLLLL | ........&#10;&#10;step=85, rand=5, actions=&lt;RotateRight&gt;&#10;Want     | Got ✗   &#10;-------------------&#10;.....T.. | ........&#10;.....TT. | ........&#10;.....T.. | ........&#10;........ | ........&#10;........ | ........&#10;..OO.... | ........&#10;..OO.... | ........&#10;I.OO.... | ........&#10;ISOOZ.LL | ........&#10;ISSZZ.LL | ........&#10;I.SZLLLL | ........&#10;&#10;step=86, rand=5, actions=&lt;RotateRight&gt;&#10;Want     | Got ✗   &#10;-------------------&#10;........ | ........&#10;....TTT. | ........&#10;.....T.. | ........&#10;........ | ........&#10;........ | ........&#10;..OO.... | ........&#10;..OO.... | ........&#10;I.OO.... | ........&#10;ISOOZ.LL | ........&#10;ISSZZ.LL | ........&#10;I.SZLLLL | ........&#10;&#10;step=87, rand=5, actions=&lt;Down&gt;&#10;Want     | Got ✗   &#10;-------------------&#10;........ | ........&#10;........ | ........&#10;....TTT. | ........&#10;.....T.. | ........&#10;........ | ........&#10;..OO.... | ........&#10;..OO.... | ........&#10;I.OO.... | ........&#10;ISOOZ.LL | ........&#10;ISSZZ.LL | ........&#10;I.SZLLLL | ........&#10;&#10;step=88, rand=5, actions=&lt;Down&gt;&#10;Want     | Got ✗   &#10;-------------------&#10;........ | ........&#10;........ | ........&#10;........ | ........&#10;....TTT. | ........&#10;.....T.. | ........&#10;..OO.... | ........&#10;..OO.... | ........&#10;I.OO.... | ........&#10;ISOOZ.LL | ........&#10;ISSZZ.LL | ........&#10;I.SZLLLL | ........&#10;&#10;step=89, rand=5, actions=&lt;Down&gt;&#10;Want     | Got ✗   &#10;-------------------&#10;........ | ........&#10;........ | ........&#10;........ | ........&#10;........ | ........&#10;....TTT. | ........&#10;..OO.T.. | ........&#10;..OO.... | ........&#10;I.OO.... | ........&#10;ISOOZ.LL | ........&#10;ISSZZ.LL | ........&#10;I.SZLLLL | ........&#10;&#10;step=90, rand=5, actions=&lt;Down&gt;&#10;Want     | Got ✗   &#10;-------------------&#10;........ | ........&#10;........ | ........&#10;........ | ........&#10;........ | ........&#10;........ | ........&#10;..OOTTT. | ........&#10;..OO.T.. | ........&#10;I.OO.... | ........&#10;ISOOZ.LL | ........&#10;ISSZZ.LL | ........&#10;I.SZLLLL | ........&#10;&#10;step=91, rand=5, actions=&lt;Down&gt;&#10;Want     | Got ✗   &#10;-------------------&#10;........ | ........&#10;........ | ........&#10;........ | ........&#10;........ | ........&#10;........ | ........&#10;..OO.... | ........&#10;..OOTTT. | ........&#10;I.OO.T.. | ........&#10;ISOOZ.LL | ........&#10;ISSZZ.LL | ........&#10;I.SZLLLL | ........&#10;&#10;step=92, rand=5, actions=&lt;Down&gt;&#10;Want     | Got ✗   &#10;-------------------&#10;........ | ........&#10;........ | ........&#10;........ | ........&#10;........ | ........&#10;........ | ........&#10;..OO.... | ........&#10;..OO.... | ........&#10;I.OOTTT. | ........&#10;ISOOZTLL | ........&#10;ISSZZ.LL | ........&#10;I.SZLLLL | ........&#10;&#10;step=93, rand=4, actions=&lt;Down&gt;&#10;Want     | Got ✗   &#10;-------------------&#10;...SS... | ........&#10;..SS.... | ........&#10;........ | ........&#10;........ | ........&#10;........ | ........&#10;........ | ........&#10;..OO.... | ........&#10;..OO.... | ........&#10;I.OOTTT. | ........&#10;ISSZZ.LL | ........&#10;I.SZLLLL | ........&#10;&#10;step=94, rand=4, actions=&lt;Right&gt;&#10;Want     | Got ✗   &#10;-------------------&#10;....SS.. | ........&#10;...SS... | ........&#10;........ | ........&#10;........ | ........&#10;........ | ........&#10;........ | ........&#10;..OO.... | ........&#10;..OO.... | ........&#10;I.OOTTT. | ........&#10;ISSZZ.LL | ........&#10;I.SZLLLL | ........&#10;&#10;step=95, rand=4, actions=&lt;RotateRight&gt;&#10;Want     | Got ✗   &#10;-------------------&#10;....S... | ........&#10;....SS.. | ........&#10;.....S.. | ........&#10;........ | ........&#10;........ | ........&#10;........ | ........&#10;..OO.... | ........&#10;..OO.... | ........&#10;I.OOTTT. | ........&#10;ISSZZ.LL | ........&#10;I.SZLLLL | ........&#10;&#10;step=96, rand=4, actions=&lt;Right&gt;&#10;Want     | Got ✗   &#10;-------------------&#10;.....S.. | ........&#10;.....SS. | ........&#10;......S. | ........&#10;........ | ........&#10;........ | ........&#10;........ | ........&#10;..OO.... | ........&#10;..OO.... | ........&#10;I.OOTTT. | ........&#10;ISSZZ.LL | ........&#10;I.SZLLLL | ........&#10;&#10;step=97, rand=4, actions=&lt;Right&gt;&#10;Want     | Got ✗   &#10;-------------------&#10;......S. | ........&#10;......SS | ........&#10;.......S | ........&#10;........ | ........&#10;........ | ........&#10;........ | ........&#10;..OO.... | ........&#10;..OO.... | ........&#10;I.OOTTT. | ........&#10;ISSZZ.LL | ........&#10;I.SZLLLL | ........&#10;&#10;step=98, rand=4, actions=&lt;Down&gt;&#10;Want     | Got ✗   &#10;-------------------&#10;........ | ........&#10;......S. | ........&#10;......SS | ........&#10;.......S | ........&#10;........ | ........&#10;........ | ........&#10;..OO.... | ........&#10;..OO.... | ........&#10;I.OOTTT. | ........&#10;ISSZZ.LL | ........&#10;I.SZLLLL | ........&#10;&#10;step=99, rand=4, actions=&lt;Down&gt;&#10;Want     | Got ✗   &#10;-------------------&#10;........ | ........&#10;........ | ........&#10;......S. | ........&#10;......SS | ........&#10;.......S | ........&#10;........ | ........&#10;..OO.... | ........&#10;..OO.... | ........&#10;I.OOTTT. | ........&#10;ISSZZ.LL | ........&#10;I.SZLLLL | ........&#10;&#10;step=100, rand=4, actions=&lt;Down&gt;&#10;Want     | Got ✗   &#10;-------------------&#10;........ | ........&#10;........ | ........&#10;........ | ........&#10;......S. | ........&#10;......SS | ........&#10;.......S | ........&#10;..OO.... | ........&#10;..OO.... | ........&#10;I.OOTTT. | ........&#10;ISSZZ.LL | ........&#10;I.SZLLLL | ........&#10;&#10;step=101, rand=4, actions=&lt;Down&gt;&#10;Want     | Got ✗   &#10;-------------------&#10;........ | ........&#10;........ | ........&#10;........ | ........&#10;........ | ........&#10;......S. | ........&#10;......SS | ........&#10;..OO...S | ........&#10;..OO.... | ........&#10;I.OOTTT. | ........&#10;ISSZZ.LL | ........&#10;I.SZLLLL | ........&#10;&#10;step=102, rand=4, actions=&lt;Down&gt;&#10;Want     | Got ✗   &#10;-------------------&#10;........ | ........&#10;........ | ........&#10;........ | ........&#10;........ | ........&#10;........ | ........&#10;......S. | ........&#10;..OO..SS | ........&#10;..OO...S | ........&#10;I.OOTTT. | ........&#10;ISSZZ.LL | ........&#10;I.SZLLLL | ........&#10;&#10;step=103, rand=4, actions=&lt;Down&gt;&#10;Want     | Got ✗   &#10;-------------------&#10;........ | ........&#10;........ | ........&#10;........ | ........&#10;........ | ........&#10;........ | ........&#10;........ | ........&#10;..OO..S. | ........&#10;..OO..SS | ........&#10;I.OOTTTS | ........&#10;ISSZZ.LL | ........&#10;I.SZLLLL | ........&#10;&#10;step=104, rand=5, actions=&lt;Down&gt;&#10;Want     | Got ✗   &#10;-------------------&#10;...T.... | ........&#10;..TTT... | ........&#10;........ | ........&#10;........ | ........&#10;........ | ........&#10;........ | ........&#10;..OO..S. | ........&#10;..OO..SS | ........&#10;I.OOTTTS | ........&#10;ISSZZ.LL | ........&#10;I.SZLLLL | ........&#10;&#10;step=105, rand=5, actions=&lt;Left&gt;&#10;Want     | Got ✗   &#10;-------------------&#10;..T..... | ........&#10;.TTT.... | ........&#10;........ | ........&#10;........ | ........&#10;........ | ........&#10;........ | ........&#10;..OO..S. | ........&#10;..OO..SS | ........&#10;I.OOTTTS | ........&#10;ISSZZ.LL | ........&#10;I.SZLLLL | ........&#10;&#10;step=106, rand=5, actions=&lt;RotateRight&gt;&#10;Want     | Got ✗   &#10;-------------------&#10;..T..... | ........&#10;..TT.... | ........&#10;..T..... | ........&#10;........ | ........&#10;........ | ........&#10;........ | ........&#10;..OO..S. | ........&#10;..OO..SS | ........&#10;I.OOTTTS | ........&#10;ISSZZ.LL | ........&#10;I.SZLLLL | ........&#10;&#10;step=107, rand=5, actions=&lt;Left&gt;&#10;Want     | Got ✗   &#10;-------------------&#10;.T...... | ........&#10;.TT..... | ........&#10;.T...... | ........&#10;........ | ........&#10;........ | ........&#10;........ | ........&#10;..OO..S. | ........&#10;..OO..SS | ........&#10;I.OOTTTS | ........&#10;ISSZZ.LL | ........&#10;I.SZLLLL | ........&#10;&#10;step=108, rand=5, actions=&lt;RotateRight&gt;&#10;Want     | Got ✗   &#10;-------------------&#10;........ | ........&#10;TTT..... | ........&#10;.T...... | ......
[...]
	at org.gradle.api.internal.tasks.testing.junit.JUnitTestClassExecutor.execute(JUnitTestClassExecutor.java:58)
	at org.gradle.api.internal.tasks.testing.junit.JUnitTestClassExecutor.execute(JUnitTestClassExecutor.java:40)
	at org.gradle.api.internal.tasks.testing.junit.AbstractJUnitTestClassProcessor.processTestClass(AbstractJUnitTestClassProcessor.java:54)
	at org.gradle.api.internal.tasks.testing.SuiteTestClassProcessor.processTestClass(SuiteTestClassProcessor.java:53)
	at java.base@17.0.12/jdk.internal.reflect.NativeMethodAccessorImpl.invoke0(Native Method)
	at java.base@17.0.12/jdk.internal.reflect.NativeMethodAccessorImpl.invoke(Unknown Source)
	at java.base@17.0.12/jdk.internal.reflect.DelegatingMethodAccessorImpl.invoke(Unknown Source)
	at java.base@17.0.12/java.lang.reflect.Method.invoke(Unknown Source)
	at org.gradle.internal.dispatch.ReflectionDispatch.dispatch(ReflectionDispatch.java:36)
	at org.gradle.internal.dispatch.ReflectionDispatch.dispatch(ReflectionDispatch.java:24)
	at org.gradle.internal.dispatch.ContextClassLoaderDispatch.dispatch(ContextClassLoaderDispatch.java:33)
	at org.gradle.internal.dispatch.ProxyDispatchAdapter$DispatchingInvocationHandler.invoke(ProxyDispatchAdapter.java:92)
	at jdk.proxy1/jdk.proxy1.$Proxy4.processTestClass(Unknown Source)
	at org.gradle.api.internal.tasks.testing.worker.TestWorker$2.run(TestWorker.java:183)
	at org.gradle.api.internal.tasks.testing.worker.TestWorker.executeAndMaintainThreadName(TestWorker.java:132)
	at org.gradle.api.internal.tasks.testing.worker.TestWorker.execute(TestWorker.java:103)
	at org.gradle.api.internal.tasks.testing.worker.TestWorker.execute(TestWorker.java:63)
	at org.gradle.process.internal.worker.child.ActionExecutionWorker.execute(ActionExecutionWorker.java:56)
	at org.gradle.process.internal.worker.child.SystemApplicationClassLoaderWorker.call(SystemApplicationClassLoaderWorker.java:121)
	at org.gradle.process.internal.worker.child.SystemApplicationClassLoaderWorker.call(SystemApplicationClassLoaderWorker.java:71)
	at app//worker.org.gradle.process.internal.worker.GradleWorkerMain.run(GradleWorkerMain.java:69)
	at app//worker.org.gradle.process.internal.worker.GradleWorkerMain.main(GradleWorkerMain.java:74)
</failure>
  </testcase>
  <testcase name="testInterleave5x9and8x11" classname="tetris.FullGameTests" time="0.01">
    <failure message="org.scalatest.exceptions.TestFailedException: didPass was false&#10; Hint: It should be possible to “run” multiple games simultaneously, i.e., it should not be a problem to have multiple instances of TetrisLogic which act independently. To test this, we perform “interleave tests”: we instantiate two TetrisLogic objects with different board sizes and alternate between performing a step on one and a step on the other. If all is correct, the two games should progress exactly as they would if they were the only snake games being run. If this is not true, then there is likely some global state through which one game influences the other.   Hence if you fail this test but you passed the other full game test, then you have some global state. Running two instances of TetrisLogic/and alternately doing steps between them results in some interference.   " type="org.scalatest.exceptions.TestFailedException">org.scalatest.exceptions.TestFailedException: didPass was false
 Hint: It should be possible to “run” multiple games simultaneously, i.e., it should not be a problem to have multiple instances of TetrisLogic which act independently. To test this, we perform “interleave tests”: we instantiate two TetrisLogic objects with different board sizes and alternate between performing a step on one and a step on the other. If all is correct, the two games should progress exactly as they would if they were the only snake games being run. If this is not true, then there is likely some global state through which one game influences the other.   Hence if you fail this test but you passed the other full game test, then you have some global state. Running two instances of TetrisLogic/and alternately doing steps between them results in some interference.   
	at app//org.scalatest.Assertions.newAssertionFailedException(Assertions.scala:530)
	at app//org.scalatest.Assertions.newAssertionFailedException$(Assertions.scala:529)
	at app//org.scalatest.FunSuite.newAssertionFailedException(FunSuite.scala:1560)
	at app//org.scalatest.Assertions$AssertionsHelper.macroAssert(Assertions.scala:503)
	at app//generic.GameTestSuite.checkInterleave(GameTestSuite.scala:303)
	at app//tetris.TetrisTestSuiteBase.checkInterleave(TetrisTestSuiteBase.scala:109)
	at app//tetris.FullGameTests.$anonfun$new$4(FullGameTests.scala:5752)
	at app//scala.runtime.java8.JFunction0$mcV$sp.apply(JFunction0$mcV$sp.scala:18)
	at app//infrastructure.TestBase.$anonfun$test$1(TestBase.scala:36)
	at app//org.scalatest.OutcomeOf.outcomeOf(OutcomeOf.scala:85)
	at app//org.scalatest.OutcomeOf.outcomeOf$(OutcomeOf.scala:83)
	at app//org.scalatest.OutcomeOf$.outcomeOf(OutcomeOf.scala:104)
	at app//org.scalatest.Transformer.apply(Transformer.scala:22)
	at app//org.scalatest.Transformer.apply(Transformer.scala:20)
	at app//org.scalatest.FunSuiteLike$$anon$1.apply(FunSuiteLike.scala:186)
	at app//org.scalatest.TestSuite.withFixture(TestSuite.scala:196)
	at app//org.scalatest.TestSuite.withFixture$(TestSuite.scala:195)
	at app//infrastructure.TestBase.org$scalatest$concurrent$TimeLimitedTests$$super$withFixture(TestBase.scala:9)
	at app//org.scalatest.concurrent.TimeLimitedTests.$anonfun$withFixture$3(TimeLimitedTests.scala:154)
	at app//org.scalatest.enablers.Timed$$anon$1.timeoutAfter(Timed.scala:127)
	at app//org.scalatest.concurrent.TimeLimits.failAfterImpl(TimeLimits.scala:239)
	at app//org.scalatest.concurrent.TimeLimits.failAfterImpl$(TimeLimits.scala:233)
	at app//org.scalatest.concurrent.TimeLimits$.failAfterImpl(TimeLimits.scala:305)
	at app//org.scalatest.concurrent.TimeLimitedTests.withFixture(TimeLimitedTests.scala:153)
	at app//org.scalatest.concurrent.TimeLimitedTests.withFixture$(TimeLimitedTests.scala:150)
	at app//infrastructure.TestBase.withFixture(TestBase.scala:9)
	at app//org.scalatest.FunSuiteLike.invokeWithFixture$1(FunSuiteLike.scala:184)
	at app//org.scalatest.FunSuiteLike.$anonfun$runTest$1(FunSuiteLike.scala:196)
	at app//org.scalatest.SuperEngine.runTestImpl(Engine.scala:286)
	at app//org.scalatest.FunSuiteLike.runTest(FunSuiteLike.scala:196)
	at app//org.scalatest.FunSuiteLike.runTest$(FunSuiteLike.scala:178)
	at app//org.scalatest.FunSuite.runTest(FunSuite.scala:1560)
	at app//org.scalatest.FunSuiteLike.$anonfun$runTests$1(FunSuiteLike.scala:229)
	at app//org.scalatest.SuperEngine.$anonfun$runTestsInBranch$1(Engine.scala:393)
	at app//scala.collection.immutable.List.foreach(List.scala:334)
	at app//org.scalatest.SuperEngine.traverseSubNodes$1(Engine.scala:381)
	at app//org.scalatest.SuperEngine.runTestsInBranch(Engine.scala:376)
	at app//org.scalatest.SuperEngine.runTestsImpl(Engine.scala:458)
	at app//org.scalatest.FunSuiteLike.runTests(FunSuiteLike.scala:229)
	at app//org.scalatest.FunSuiteLike.runTests$(FunSuiteLike.scala:228)
	at app//org.scalatest.FunSuite.runTests(FunSuite.scala:1560)
	at app//org.scalatest.Suite.run(Suite.scala:1124)
	at app//org.scalatest.Suite.run$(Suite.scala:1106)
	at app//org.scalatest.FunSuite.org$scalatest$FunSuiteLike$$super$run(FunSuite.scala:1560)
	at app//org.scalatest.FunSuiteLike.$anonfun$run$1(FunSuiteLike.scala:233)
	at app//org.scalatest.SuperEngine.runImpl(Engine.scala:518)
	at app//org.scalatest.FunSuiteLike.run(FunSuiteLike.scala:233)
	at app//org.scalatest.FunSuiteLike.run$(FunSuiteLike.scala:232)
	at app//infrastructure.TestBase.run(TestBase.scala:26)
	at app//org.scalatest.Suite.callExecuteOnSuite$1(Suite.scala:1187)
	at app//org.scalatest.Suite.$anonfun$runNestedSuites$1(Suite.scala:1234)
	at app//scala.collection.ArrayOps$.foreach$extension(ArrayOps.scala:1323)
	at app//org.scalatest.Suite.runNestedSuites(Suite.scala:1232)
	at app//org.scalatest.Suite.runNestedSuites$(Suite.scala:1166)
	at app//org.scalatest.Suites.runNestedSuites(Suites.scala:56)
	at app//org.scalatest.Suite.run(Suite.scala:1121)
	at app//org.scalatest.Suite.run$(Suite.scala:1106)
	at app//tetris.TetrisTestSuitesBase.runDirect(TetrisTestSuitesBase.scala:20)
	at app//tetris.TetrisTestSuitesBase.runWithScoreCounter(TetrisTestSuitesBase.scala:14)
	at app//tetris.TetrisTestSuite3_2.run(TetrisTestSuite3_2.scala:25)
	at app//org.scalatestplus.junit.JUnitRunner.run(JUnitRunner.scala:99)
	at org.gradle.api.internal.tasks.testing.junit.JUnitTestClassExecutor.runTestClass(JUnitTestClassExecutor.java:112)
	at org.gradle.api.internal.tasks.testing.junit.JUnitTestClassExecutor.execute(JUnitTestClassExecutor.java:58)
	at org.gradle.api.internal.tasks.testing.junit.JUnitTestClassExecutor.execute(JUnitTestClassExecutor.java:40)
	at org.gradle.api.internal.tasks.testing.junit.AbstractJUnitTestClassProcessor.processTestClass(AbstractJUnitTestClassProcessor.java:54)
	at org.gradle.api.internal.tasks.testing.SuiteTestClassProcessor.processTestClass(SuiteTestClassProcessor.java:53)
	at java.base@17.0.12/jdk.internal.reflect.NativeMethodAccessorImpl.invoke0(Native Method)
	at java.base@17.0.12/jdk.internal.reflect.NativeMethodAccessorImpl.invoke(Unknown Source)
	at java.base@17.0.12/jdk.internal.reflect.DelegatingMethodAccessorImpl.invoke(Unknown Source)
	at java.base@17.0.12/java.lang.reflect.Method.invoke(Unknown Source)
	at org.gradle.internal.dispatch.ReflectionDispatch.dispatch(ReflectionDispatch.java:36)
	at org.gradle.internal.dispatch.ReflectionDispatch.dispatch(ReflectionDispatch.java:24)
	at org.gradle.internal.dispatch.ContextClassLoaderDispatch.dispatch(ContextClassLoaderDispatch.java:33)
	at org.gradle.internal.dispatch.ProxyDispatchAdapter$DispatchingInvocationHandler.invoke(ProxyDispatchAdapter.java:92)
	at jdk.proxy1/jdk.proxy1.$Proxy4.processTestClass(Unknown Source)
	at org.gradle.api.internal.tasks.testing.worker.TestWorker$2.run(TestWorker.java:183)
	at org.gradle.api.internal.tasks.testing.worker.TestWorker.executeAndMaintainThreadName(TestWorker.java:132)
	at org.gradle.api.internal.tasks.testing.worker.TestWorker.execute(TestWorker.java:103)
	at org.gradle.api.internal.tasks.testing.worker.TestWorker.execute(TestWorker.java:63)
	at org.gradle.process.internal.worker.child.ActionExecutionWorker.execute(ActionExecutionWorker.java:56)
	at org.gradle.process.internal.worker.child.SystemApplicationClassLoaderWorker.call(SystemApplicationClassLoaderWorker.java:121)
	at org.gradle.process.internal.worker.child.SystemApplicationClassLoaderWorker.call(SystemApplicationClassLoaderWorker.java:71)
	at app//worker.org.gradle.process.internal.worker.GradleWorkerMain.run(GradleWorkerMain.java:69)
	at app//worker.org.gradle.process.internal.worker.GradleWorkerMain.main(GradleWorkerMain.java:74)
</failure>
  </testcase>
  <testcase name="testInterleave8x11and6x10" classname="tetris.FullGameTests" time="0.01">
    <failure message="org.scalatest.exceptions.TestFailedException: didPass was false&#10; Hint: It should be possible to “run” multiple games simultaneously, i.e., it should not be a problem to have multiple instances of TetrisLogic which act independently. To test this, we perform “interleave tests”: we instantiate two TetrisLogic objects with different board sizes and alternate between performing a step on one and a step on the other. If all is correct, the two games should progress exactly as they would if they were the only snake games being run. If this is not true, then there is likely some global state through which one game influences the other.   Hence if you fail this test but you passed the other full game test, then you have some global state. Running two instances of TetrisLogic/and alternately doing steps between them results in some interference.   " type="org.scalatest.exceptions.TestFailedException">org.scalatest.exceptions.TestFailedException: didPass was false
 Hint: It should be possible to “run” multiple games simultaneously, i.e., it should not be a problem to have multiple instances of TetrisLogic which act independently. To test this, we perform “interleave tests”: we instantiate two TetrisLogic objects with different board sizes and alternate between performing a step on one and a step on the other. If all is correct, the two games should progress exactly as they would if they were the only snake games being run. If this is not true, then there is likely some global state through which one game influences the other.   Hence if you fail this test but you passed the other full game test, then you have some global state. Running two instances of TetrisLogic/and alternately doing steps between them results in some interference.   
	at app//org.scalatest.Assertions.newAssertionFailedException(Assertions.scala:530)
	at app//org.scalatest.Assertions.newAssertionFailedException$(Assertions.scala:529)
	at app//org.scalatest.FunSuite.newAssertionFailedException(FunSuite.scala:1560)
	at app//org.scalatest.Assertions$AssertionsHelper.macroAssert(Assertions.scala:503)
	at app//generic.GameTestSuite.checkInterleave(GameTestSuite.scala:303)
	at app//tetris.TetrisTestSuiteBase.checkInterleave(TetrisTestSuiteBase.scala:109)
	at app//tetris.FullGameTests.$anonfun$new$5(FullGameTests.scala:5757)
	at app//scala.runtime.java8.JFunction0$mcV$sp.apply(JFunction0$mcV$sp.scala:18)
	at app//infrastructure.TestBase.$anonfun$test$1(TestBase.scala:36)
	at app//org.scalatest.OutcomeOf.outcomeOf(OutcomeOf.scala:85)
	at app//org.scalatest.OutcomeOf.outcomeOf$(OutcomeOf.scala:83)
	at app//org.scalatest.OutcomeOf$.outcomeOf(OutcomeOf.scala:104)
	at app//org.scalatest.Transformer.apply(Transformer.scala:22)
	at app//org.scalatest.Transformer.apply(Transformer.scala:20)
	at app//org.scalatest.FunSuiteLike$$anon$1.apply(FunSuiteLike.scala:186)
	at app//org.scalatest.TestSuite.withFixture(TestSuite.scala:196)
	at app//org.scalatest.TestSuite.withFixture$(TestSuite.scala:195)
	at app//infrastructure.TestBase.org$scalatest$concurrent$TimeLimitedTests$$super$withFixture(TestBase.scala:9)
	at app//org.scalatest.concurrent.TimeLimitedTests.$anonfun$withFixture$3(TimeLimitedTests.scala:154)
	at app//org.scalatest.enablers.Timed$$anon$1.timeoutAfter(Timed.scala:127)
	at app//org.scalatest.concurrent.TimeLimits.failAfterImpl(TimeLimits.scala:239)
	at app//org.scalatest.concurrent.TimeLimits.failAfterImpl$(TimeLimits.scala:233)
	at app//org.scalatest.concurrent.TimeLimits$.failAfterImpl(TimeLimits.scala:305)
	at app//org.scalatest.concurrent.TimeLimitedTests.withFixture(TimeLimitedTests.scala:153)
	at app//org.scalatest.concurrent.TimeLimitedTests.withFixture$(TimeLimitedTests.scala:150)
	at app//infrastructure.TestBase.withFixture(TestBase.scala:9)
	at app//org.scalatest.FunSuiteLike.invokeWithFixture$1(FunSuiteLike.scala:184)
	at app//org.scalatest.FunSuiteLike.$anonfun$runTest$1(FunSuiteLike.scala:196)
	at app//org.scalatest.SuperEngine.runTestImpl(Engine.scala:286)
	at app//org.scalatest.FunSuiteLike.runTest(FunSuiteLike.scala:196)
	at app//org.scalatest.FunSuiteLike.runTest$(FunSuiteLike.scala:178)
	at app//org.scalatest.FunSuite.runTest(FunSuite.scala:1560)
	at app//org.scalatest.FunSuiteLike.$anonfun$runTests$1(FunSuiteLike.scala:229)
	at app//org.scalatest.SuperEngine.$anonfun$runTestsInBranch$1(Engine.scala:393)
	at app//scala.collection.immutable.List.foreach(List.scala:334)
	at app//org.scalatest.SuperEngine.traverseSubNodes$1(Engine.scala:381)
	at app//org.scalatest.SuperEngine.runTestsInBranch(Engine.scala:376)
	at app//org.scalatest.SuperEngine.runTestsImpl(Engine.scala:458)
	at app//org.scalatest.FunSuiteLike.runTests(FunSuiteLike.scala:229)
	at app//org.scalatest.FunSuiteLike.runTests$(FunSuiteLike.scala:228)
	at app//org.scalatest.FunSuite.runTests(FunSuite.scala:1560)
	at app//org.scalatest.Suite.run(Suite.scala:1124)
	at app//org.scalatest.Suite.run$(Suite.scala:1106)
	at app//org.scalatest.FunSuite.org$scalatest$FunSuiteLike$$super$run(FunSuite.scala:1560)
	at app//org.scalatest.FunSuiteLike.$anonfun$run$1(FunSuiteLike.scala:233)
	at app//org.scalatest.SuperEngine.runImpl(Engine.scala:518)
	at app//org.scalatest.FunSuiteLike.run(FunSuiteLike.scala:233)
	at app//org.scalatest.FunSuiteLike.run$(FunSuiteLike.scala:232)
	at app//infrastructure.TestBase.run(TestBase.scala:26)
	at app//org.scalatest.Suite.callExecuteOnSuite$1(Suite.scala:1187)
	at app//org.scalatest.Suite.$anonfun$runNestedSuites$1(Suite.scala:1234)
	at app//scala.collection.ArrayOps$.foreach$extension(ArrayOps.scala:1323)
	at app//org.scalatest.Suite.runNestedSuites(Suite.scala:1232)
	at app//org.scalatest.Suite.runNestedSuites$(Suite.scala:1166)
	at app//org.scalatest.Suites.runNestedSuites(Suites.scala:56)
	at app//org.scalatest.Suite.run(Suite.scala:1121)
	at app//org.scalatest.Suite.run$(Suite.scala:1106)
	at app//tetris.TetrisTestSuitesBase.runDirect(TetrisTestSuitesBase.scala:20)
	at app//tetris.TetrisTestSuitesBase.runWithScoreCounter(TetrisTestSuitesBase.scala:14)
	at app//tetris.TetrisTestSuite3_2.run(TetrisTestSuite3_2.scala:25)
	at app//org.scalatestplus.junit.JUnitRunner.run(JUnitRunner.scala:99)
	at org.gradle.api.internal.tasks.testing.junit.JUnitTestClassExecutor.runTestClass(JUnitTestClassExecutor.java:112)
	at org.gradle.api.internal.tasks.testing.junit.JUnitTestClassExecutor.execute(JUnitTestClassExecutor.java:58)
	at org.gradle.api.internal.tasks.testing.junit.JUnitTestClassExecutor.execute(JUnitTestClassExecutor.java:40)
	at org.gradle.api.internal.tasks.testing.junit.AbstractJUnitTestClassProcessor.processTestClass(AbstractJUnitTestClassProcessor.java:54)
	at org.gradle.api.internal.tasks.testing.SuiteTestClassProcessor.processTestClass(SuiteTestClassProcessor.java:53)
	at java.base@17.0.12/jdk.internal.reflect.NativeMethodAccessorImpl.invoke0(Native Method)
	at java.base@17.0.12/jdk.internal.reflect.NativeMethodAccessorImpl.invoke(Unknown Source)
	at java.base@17.0.12/jdk.internal.reflect.DelegatingMethodAccessorImpl.invoke(Unknown Source)
	at java.base@17.0.12/java.lang.reflect.Method.invoke(Unknown Source)
	at org.gradle.internal.dispatch.ReflectionDispatch.dispatch(ReflectionDispatch.java:36)
	at org.gradle.internal.dispatch.ReflectionDispatch.dispatch(ReflectionDispatch.java:24)
	at org.gradle.internal.dispatch.ContextClassLoaderDispatch.dispatch(ContextClassLoaderDispatch.java:33)
	at org.gradle.internal.dispatch.ProxyDispatchAdapter$DispatchingInvocationHandler.invoke(ProxyDispatchAdapter.java:92)
	at jdk.proxy1/jdk.proxy1.$Proxy4.processTestClass(Unknown Source)
	at org.gradle.api.internal.tasks.testing.worker.TestWorker$2.run(TestWorker.java:183)
	at org.gradle.api.internal.tasks.testing.worker.TestWorker.executeAndMaintainThreadName(TestWorker.java:132)
	at org.gradle.api.internal.tasks.testing.worker.TestWorker.execute(TestWorker.java:103)
	at org.gradle.api.internal.tasks.testing.worker.TestWorker.execute(TestWorker.java:63)
	at org.gradle.process.internal.worker.child.ActionExecutionWorker.execute(ActionExecutionWorker.java:56)
	at org.gradle.process.internal.worker.child.SystemApplicationClassLoaderWorker.call(SystemApplicationClassLoaderWorker.java:121)
	at org.gradle.process.internal.worker.child.SystemApplicationClassLoaderWorker.call(SystemApplicationClassLoaderWorker.java:71)
	at app//worker.org.gradle.process.internal.worker.GradleWorkerMain.run(GradleWorkerMain.java:69)
	at app//worker.org.gradle.process.internal.worker.GradleWorkerMain.main(GradleWorkerMain.java:74)
</failure>
  </testcase>
  <system-out><![CDATA[Rotated Right
Rotated Right
Moved Left
Moved Right
Moved Right
Rotated Right
Rotated Right
Rotated Right
Moved Right
Moved Right
Rotated Right
Moved Right
Moved Right
Moved Right
Rotated Right
Moved Right
Rotated Right
Rotated Right
Moved Right
Moved Right
]]></system-out>
  <system-err><![CDATA[]]></system-err>
</testsuite>
