<?xml version="1.0" encoding="UTF-8"?>
<testsuite name="tetris.DropTests" tests="1" skipped="0" failures="1" errors="0" timestamp="2024-10-02T18:57:14" hostname="thinkpad" time="0.954">
  <properties/>
  <testcase name="testDrop" classname="tetris.DropTests" time="0.954">
    <failure message="org.scalatest.exceptions.TestFailedException: didPass was false&#10;Hint: The drop action immediately moves the current tetromino all the way down such that it&#10;collides with other blocks or the bottom of the board, and spawns a new tetromino.&#10;--------------------------------------------------------------------------------&#10;This is what went wrong:&#10;&#10;step=0, rand=0, actions=&lt;Drop&gt;&#10;Want | Got ✓&#10;------------&#10;.... | .... &#10;IIII | IIII &#10;.... | .... &#10;.... | .... &#10;.T.. | .T.. &#10;TTT. | TTT. &#10;&#10;step=1, rand=0, actions=&lt;RotateRight&gt;&#10;Want | Got ✓&#10;------------&#10;..I. | ..I. &#10;..I. | ..I. &#10;..I. | ..I. &#10;..I. | ..I. &#10;.T.. | .T.. &#10;TTT. | TTT. &#10;&#10;step=2, rand=0, actions=&lt;Right&gt;&#10;Want | Got ✓&#10;------------&#10;...I | ...I &#10;...I | ...I &#10;...I | ...I &#10;...I | ...I &#10;.T.. | .T.. &#10;TTT. | TTT. &#10;&#10;step=3, rand=5, actions=&lt;Drop&gt;&#10;Want | Got ✗                                                              &#10;--------------------------------------------------------------------------&#10;.T.. | LogicFailed(java.lang.StackOverflowError                           &#10;TTT. | &#9;at scala.runtime.BoxesRunTime.equals(BoxesRunTime.java:119)       &#10;.... | &#9;at scala.collection.immutable.Map$Map2.updated(Map.scala:352)     &#10;...I | &#9;at scala.collection.immutable.Map$Map2.updated(Map.scala:309)     &#10;...I | &#9;at scala.collection.immutable.MapBuilderImpl.addOne(Map.scala:685)&#10;.T.I | &#9;at scala.collection.immutable.MapBuilderImpl.addOne(Map.scala:703)&#10;     | &#9;at scala.collection.immutable.MapBuilderImpl.addOne(Map.scala:661)&#10;     | &#9;at scala.collection.mutable.Growable.addAll(Growable.scala:62)    &#10;     | &#9;at scala.collection.mutable.Growable.addAll$(Growable.scala:57)   &#10;     | &#9;at scala.collection.immutable.MapBuilderImpl.addAll(Map.scala:710)&#10;     | &#9;at scala.collection.immutable.Map$.from(Map.scala:661)            &#10;     | &#9;at scala.collection.immutable.Map$.from(Map.scala:172)            &#10;     | &#9;at scala.collection.MapFactory.apply(Factory.scala:399)           &#10;     | &#9;at scala.collection.MapFactory.apply$(Factory.scala:399)          &#10;     | &#9;at scala.collection.immutable.Map$.apply(Map.scala:172)           &#10;     | &#9;at tetris.logic.GameState.&lt;init&gt;(GameState.scala:19)              &#10;     | &#9;at tetris.logic.GameState.copy(GameState.scala:9)                 &#10;     | &#9;at tetris.logic.GameState.newPiecePlacement(GameState.scala:61)   &#10;     | &#9;at tetris.logic.GameState.moveDown(GameState.scala:112)           &#10;     | &#9;at tetris.logic.GameState.drop(GameState.scala:123)               &#10;     | &#9;at tetris.logic.GameState.drop(GameState.scala:124)               &#10;     | &#9;at tetris.logic.GameState.drop(GameState.scala:124)               &#10;     | &#9;at tetris.logic.GameState.drop(GameState.scala:124)               &#10;     | &#9;at tetris.logic.GameState.drop(GameState.scala:124)               &#10;     | &#9;at tetris.logic.GameState.drop(GameState.scala:124)               &#10;     | &#9;at tetris.logic.GameState.drop(GameState.scala:124)               &#10;     | &#9;at tetris.logic.GameState.drop(GameState.scala:124)               &#10;     | &#9;at tetris.logic.GameState.drop(GameState.scala:124)               &#10;     | &#9;at tetris.logic.GameState.drop(GameState.scala:124)               &#10;     | &#9;at tetris.logic.GameState.drop(GameState.scala:124)               &#10;     | &#9;at tetris.logic.GameState.drop(GameState.scala:124)               &#10;     | &#9;at tetris.logic.GameState.drop(GameState.scala:124)               &#10;     | &#9;at tetris.logic.GameState.drop(GameState.scala:124)               &#10;     | &#9;at tetris.logic.GameState.drop(GameState.scala:124)               &#10;     | &#9;at tetris.logic.GameState.drop(GameState.scala:124)               &#10;     | &#9;at tetris.logic.GameState.drop(GameState.scala:124)               &#10;     | &#9;at tetris.logic.GameState.drop(GameState.scala:124)               &#10;     | &#9;at tetris.logic.GameState.drop(GameState.scala:124)               &#10;     | &#9;at tetris.logic.GameState.drop(GameState.scala:124)               &#10;     | &#9;at tetris.logic.GameState.drop(GameState.scala:124)               &#10;     | &#9;at tetris.logic.GameState.drop(GameState.scala:124)               &#10;     | &#9;at tetris.logic.GameState.drop(GameState.scala:124)               &#10;     | &#9;at tetris.logic.GameState.drop(GameState.scala:124)               &#10;     | &#9;at tetris.logic.GameState.drop(GameState.scala:124)               &#10;     | &#9;at tetris.logic.GameState.drop(GameState.scala:124)               &#10;     | &#9;at tetris.logic.GameState.drop(GameState.scala:124)               &#10;     | &#9;at tetris.logic.GameState.drop(GameState.scala:124)               &#10;     | &#9;at tetris.logic.GameState.drop(GameState.scala:124)               &#10;     | &#9;at tetris.logic.GameState.drop(GameState.scala:124)               &#10;     | &#9;at tetris.logic.GameState.drop(GameState.scala:124)               &#10;     | &#9;at tetris.logic.GameState.drop(GameState.scala:124)               &#10;     | &#9;at tetris.logic.GameState.drop(GameState.scala:124)               &#10;     | &#9;at tetris.logic.GameState.drop(GameState.scala:124)               &#10;     | &#9;at tetris.logic.GameState.drop(GameState.scala:124)               &#10;     | &#9;at tetris.logic.GameState.drop(GameState.scala:124)               &#10;     | &#9;at tetris.logic.GameState.drop(GameState.scala:124)               &#10;     | &#9;at tetris.logic.GameState.drop(GameState.scala:124)               &#10;     | &#9;at tetris.logic.GameState.drop(GameState.scala:124)               &#10;     | &#9;at tetris.logic.GameState.drop(GameState.scala:124)               &#10;     | &#9;at tetris.logic.GameState.drop(GameState.scala:124)               &#10;     | &#9;at tetris.logic.GameState.drop(GameState.scala:124)               &#10;     | &#9;at tetris.logic.GameState.drop(GameState.scala:124)               &#10;     | &#9;at tetris.logic.GameState.drop(GameState.scala:124)               &#10;     | &#9;at tetris.logic.GameState.drop(GameState.scala:124)               &#10;     | &#9;at tetris.logic.GameState.drop(GameState.scala:124)               &#10;     | &#9;at tetris.logic.GameState.drop(GameState.scala:124)               &#10;     | &#9;at tetris.logic.GameState.drop(GameState.scala:124)               &#10;     | &#9;at tetris.logic.GameState.drop(GameState.scala:124)               &#10;     | &#9;at tetris.logic.GameState.drop(GameState.scala:124)               &#10;     | &#9;at tetris.logic.GameState.drop(GameState.scala:124)               &#10;     | &#9;at tetris.logic.GameState.drop(GameState.scala:124)               &#10;     | &#9;at tetris.logic.GameState.drop(GameState.scala:124)               &#10;     | &#9;at tetris.logic.GameState.drop(GameState.scala:124)               &#10;     | &#9;at tetris.logic.GameState.drop(GameState.scala:124)               &#10;     | &#9;at tetris.logic.GameState.drop(GameState.scala:124)               &#10;     | &#9;at tetris.logic.GameState.drop(GameState.scala:124)               &#10;     | &#9;at tetris.logic.GameState.drop(GameState.scala:124)               &#10;     | &#9;at tetris.logic.GameState.drop(GameState.scala:124)               &#10;     | &#9;at tetris.logic.GameState.drop(GameState.scala:124)               &#10;     | &#9;at tetris.logic.GameState.drop(GameState.scala:124)               &#10;     | &#9;at tetris.logic.GameState.drop(GameState.scala:124)               &#10;     | &#9;at tetris.logic.GameState.drop(GameState.scala:124)               &#10;     | &#9;at tetris.logic.GameState.drop(GameState.scala:124)               &#10;     | &#9;at tetris.logic.GameState.drop(GameState.scala:124)               &#10;     | &#9;at tetris.logic.GameState.drop(GameState.scala:124)               &#10;     | &#9;at tetris.logic.GameState.drop(GameState.scala:124)               &#10;     | &#9;at tetris.logic.GameState.drop(GameState.scala:124)               &#10;     | &#9;at tetris.logic.GameState.drop(GameState.scala:124)               &#10;     | &#9;at tetris.logic.GameState.drop(GameState.scala:124)               &#10;     | &#9;at tetris.logic.GameState.drop(GameState.scala:124)               &#10;     | &#9;at tetris.logic.GameState.drop(GameState.scala:124)               &#10;     | &#9;at tetris.logic.GameState.drop(GameState.scala:124)               &#10;     | &#9;at tetris.logic.GameState.drop(GameState.scala:124)               &#10;     | &#9;at tetris.logic.GameState.drop(GameState.scala:124)               &#10;     | &#9;at tetris.logic.GameState.drop(GameState.scala:124)               &#10;     | &#9;at tetris.logic.GameState.drop(GameState.scala:124)               &#10;     | &#9;at tetris.logic.GameState.drop(GameState.scala:124)               &#10;     | &#9;at tetris.logic.GameState.drop(GameState.scala:124)               &#10;     | &#9;at tetris.logic.GameState.drop(GameState.scala:124)               &#10;     | &#9;at tetris.logic.GameState.drop(GameState.scala:124)               &#10;     | &#9;at tetris.logic.GameState.drop(GameState.scala:124)               &#10;     | &#9;at tetris.logic.GameState.drop(GameState.scala:124)               &#10;     | &#9;at tetris.logic.GameState.drop(GameState.scala:124)               &#10;     | &#9;at tetris.logic.GameState.drop(GameState.scala:124)               &#10;     | &#9;at tetris.logic.GameState.drop(GameState.scala:124)               &#10;     | &#9;at tetris.logic.GameState.drop(GameState.scala:124)               &#10;     | &#9;at tetris.logic.GameState.drop(GameState.scala:124)               &#10;     | &#9;at tetris.logic.GameState.drop(GameState.scala:124)               &#10;     | &#9;at tetris.logic.GameState.drop(GameState.scala:124)               &#10;     | &#9;at tetris.logic.GameState.drop(GameState.scala:124)               &#10;     | &#9;at tetris.logic.GameState.drop(GameState.scala:124)               &#10;     | &#9;at tetris.logic.GameState.drop(GameState.scala:124)               &#10;     | &#9;at tetris.logic.GameState.drop(GameState.scala:124)               &#10;     | &#9;at tetris.logic.GameState.drop(GameState.scala:124)               &#10;     | &#9;at tetris.logic.GameState.drop(GameState.scala:124)               &#10;     | &#9;at tetris.logic.GameState.drop(GameState.scala:124)               &#10;     | &#9;at tetris.logic.GameState.drop(GameState.scala:124)               &#10;     | &#9;at tetris.logic.GameState.drop(GameState.scala:124)               &#10;     | &#9;at tetris.logic.GameState.drop(GameState.scala:124)               &#10;     | &#9;at tetris.logic.GameState.drop(GameState.scala:124)               &#10;     | &#9;at tetris.logic.GameState.drop(GameState.scala:124)               &#10;     | &#9;at tetris.logic.GameState.drop(GameState.scala:124)               &#10;     | &#9;at tetris.logic.GameState.drop(GameState.scala:124)               &#10;     | &#9;at tetris.logic.GameState.drop(GameState.scala:124)               &#10;     | &#9;at tetris.logic.GameState.drop(GameState.scala:124)               &#10;     | &#9;at tetris.logic.GameState.drop(GameState.scala:124)               &#10;     | &#9;at tetris.logic.GameState.drop(GameState.scala:124)               &#10;     | &#9;at tetris.logic.GameState.drop(GameState.scala:124)               &#10;     | &#9;at tetris.logic.GameState.drop(GameState.scala:124)               &#10;     | &#9;at tetris.logic.GameState.drop(GameState.scala:124)               &#10;     | &#9;at tetris.logic.GameState.drop(GameState.scala:124)               &#10;     | &#9;at tetris.logic.GameState.drop(GameState.scala:124)               &#10;     | &#9;at tetris.logic.GameState.drop(GameState.scala:124)               &#10;     | &#9;at tetris.logic.GameState.drop(GameState.scala:124)               &#10;     | &#9;at tetris.logic.GameState.drop(GameState.scala:124)               &#10;     | &#9;at tetris.logic.GameState.drop(GameState.scala:124)               &#10;     | &#9;at tetris.logic.GameState.drop(GameState.scala:124)               &#10;     | &#9;at tetris.logic.GameState.drop(GameState.scala:124)               &#10;     | &#9;at tetris.logic.GameState.drop(GameState.scala:124)               &#10;     | &#9;at tetris.logic.GameState.drop(GameState.scala:124)               &#10;     | &#9;at tetris.logic.GameState.drop(GameState.scala:124)               &#10;     | &#9;at tetris.logic.GameState.drop(GameState.scala:124)               &#10;     | &#9;at tetris.logic.GameState.drop(GameState.scala:124)               &#10;     | &#9;at tetris.logic.GameState.drop(GameState.scala:124)               &#10;     | &#9;at tetris.logic.GameState.drop(GameState.scala:124)               &#10;     | &#9;at tetris.logic.GameState.drop(GameState.scala:124)               &#10;     | &#9;at tetris.logic.GameState.drop(GameState.scala:124)               &#10;     | &#9;at tetris.logic.GameState.drop(GameState.scala:124)               &#10;     | &#9;at tetris.logic.GameState.drop(GameState.scala:124)               &#10;     | &#9;at tetris.logic.GameState.drop(GameState.scala:124)               &#10;     | &#9;at tetris.logic.GameState.drop(GameState.scala:124)               &#10;     | &#9;at tetris.logic.GameState.drop(GameState.scala:124)               &#10;     | &#9;at tetris.logic.GameState.drop(GameState.scala:124)               &#10;     | &#9;at tetris.logic.GameState.drop(GameState.scala:124)               &#10;     | &#9;at tetris.logic.GameState.drop(GameState.scala:124)               &#10;     | &#9;at tetris.logic.GameState.drop(GameState.scala:124)               &#10;     | &#9;at tetris.logic.GameState.drop(GameState.scala:124)               &#10;     | &#9;at tetris.logic.GameState.drop(GameState.scala:124)               &#10;     | &#9;at tetris.logic.GameState.drop(GameState.scala:124)               &#10;     | &#9;at tetris.logic.GameState.drop(GameState.scala:124)               &#10;     | &#9;at tetris.logic.GameState.drop(GameState.scala:124)               &#10;     | &#9;at tetris.logic.GameState.drop(GameState.scala:124)               &#10;     | &#9;at tetris.logic.GameState.drop(GameState.scala:124)               &#10;     | &#9;at tetris.logic.GameState.drop(GameState.scala:124)               &#10;     | &#9;at tetris.logic.GameState.drop(GameState.scala:124)               &#10;     | &#9;at tetris.logic.GameState.drop(GameState.scala:124)               &#10;     | &#9;at tetris.logic.GameState.drop(GameState.scala:124)               &#10;     | &#9;at tetris.logic.GameState.drop(GameState.scala:124)               &#10;     | &#9;at tetris.logic.GameState.drop(GameState.scala:124)               &#10;     | &#9;at tetris.logic.GameState.drop(GameState.scala:124)               &#10;     | &#9;at tetris.logic.GameState.drop(GameState.scala:124)               &#10;     | &#9;at tetris.logic.GameState.drop(GameState.scala:124)               &#10;     | &#9;at tetris.logic.GameState.drop(GameState.scala:124)               &#10;     | &#9;at tetris.logic.GameState.drop(GameState.scala:124)               &#10;     | &#9;at tetris.logic.GameState.drop(GameState.scala:124)               &#10;     | &#9;at tetris.logic.GameState.drop(GameState.scala:124)               &#10;     | &#9;at tetris.logic.GameState.drop(GameState.scala:124)               &#10;     | &#9;at tetris.logic.GameState.drop(GameState.scala:124)               &#10;     | &#9;at tetris.logic.GameState.drop(GameState.scala:124)               &#10;     | &#9;at tetris.logic.GameState.drop(GameState.scala:124)               &#10;     | &#9;at tetris.logic.GameState.drop(GameState.scala:124)               &#10;     | &#9;at tetris.logic.GameState.drop(GameState.scala:124)               &#10;     | &#9;at tetris.logic.GameState.drop(GameState.scala:124)               &#10;     | &#9;at tetris.logic.GameState.drop(GameState.scala:124)               &#10;     | &#9;at tetris.logic.GameState.drop(GameState.scala:124)               &#10;     | &#9;at tetris.logic.GameState.drop(GameState.scala:124)               &#10;     | &#9;at tetris.logic.GameState.drop(GameState.scala:124)               &#10;     | &#9;at tetris.logic.GameState.drop(GameState.scala:124)               &#10;     | &#9;at tetris.logic.GameState.drop(GameState.scala:124)               &#10;     | &#9;at tetris.logic.GameState.drop(GameState.scala:124)               &#10;     | &#9;at tetris.logic.GameState.drop(GameState.scala:124)               &#10;     | &#9;at tetris.logic.GameState.drop(GameState.scala:124)               &#10;     | &#9;at tetris.logic.GameState.drop(GameState.scala:124)               &#10;     | &#9;at tetris.logic.GameState.drop(GameState.scala:124)               &#10;     | &#9;at tetris.logic.GameState.drop(GameState.scala:124)               &#10;     | &#9;at tetris.logic.GameState.drop(GameState.scala:124)               &#10;     | &#9;at tetris.logic.GameState.drop(GameState.scala:124)               &#10;     | &#9;at tetris.logic.GameState.drop(GameState.scala:124)               &#10;     | &#9;at tetris.logic.GameState.drop(GameState.scala:124)               &#10;     | &#9;at tetris.logic.GameState.drop(GameState.scala:124)               &#10;     | &#9;at tetris.logic.GameState.drop(GameState.scala:124)               &#10;     | &#9;at tetris.logic.GameState.drop(GameState.scala:124)               &#10;     | &#9;at tetris.logic.GameState.drop(GameState.scala:124)               &#10;     | &#9;at tetris.logic.GameState.drop(GameState.scala:124)               &#10;     | &#9;at tetris.logic.GameState.drop(GameState.scala:124)               &#10;     | &#9;at tetris.logic.GameState.drop(GameState.scala:124)               &#10;     | &#9;at tetris.logic.GameState.drop(GameState.scala:124)               &#10;     | &#9;at tetris.logic.GameState.drop(GameState.scala:124)               &#10;     | &#9;at tetris.logic.GameState.drop(GameState.scala:124)               &#10;     | &#9;at tetris.logic.GameState.drop(GameState.scala:124)               &#10;     | &#9;at tetris.logic.GameState.drop(GameState.scala:124)               &#10;     | &#9;at tetris.logic.GameState.drop(GameState.scala:124)               &#10;     | &#9;at tetris.logic.GameState.drop(GameState.scala:124)               &#10;     | &#9;at tetris.logic.GameState.drop(GameState.scala:124)               &#10;     | &#9;at tetris.logic.GameState.drop(GameState.scala:124)               &#10;     | &#9;at tetris.logic.GameState.drop(GameState.scala:124)               &#10;     | &#9;at tetris.logic.GameState.drop(GameState.scala:124)               &#10;     | &#9;at tetris.logic.GameState.drop(GameState.scala:124)               &#10;     | &#9;at tetris.logic.GameState.drop(GameState.scala:124)               &#10;     | &#9;at tetris.logic.GameState.drop(GameState.scala:124)               &#10;     | &#9;at tetris.logic.GameState.drop(GameState.scala:124)               &#10;     | &#9;at tetris.logic.GameState.drop(GameState.scala:124)               &#10;     | &#9;at tetris.logic.GameState.drop(GameState.scala:124)               &#10;     | &#9;at tetris.logic.GameState.drop(GameState.scala:124)               &#10;     | &#9;at tetris.logic.GameState.drop(GameState.scala:124)               &#10;     | &#9;at tetris.logic.GameState.drop(GameState.scala:124)               &#10;     | &#9;at tetris.logic.GameState.drop(GameState.scala:124)               &#10;     | &#9;at tetris.logic.GameState.drop(GameState.scala:124)               &#10;     | &#9;at tetris.logic.GameState.drop(GameState.scala:124)               &#10;     | &#9;at tetris.logic.GameState.drop(GameState.scala:124)               &#10;     | &#9;at tetris.logic.GameState.drop(GameState.scala:124)               &#10;     | &#9;at tetris.logic.GameState.drop(GameState.scala:124)               &#10;     | &#9;at tetris.logic.GameState.drop(GameState.scala:124)               &#10;     | &#9;at tetris.logic.GameState.drop(GameState.scala:124)               &#10;     | &#9;at tetris.logic.GameState.drop(GameState.scala:124)               &#10;     | &#9;at tetris.logic.GameState.drop(GameState.scala:124)               &#10;     | &#9;at tetris.logic.GameState.drop(GameState.scala:124)               &#10;     | &#9;at tetris.logic.GameState.drop(GameState.scala:124)               &#10;     | &#9;at tetris.logic.GameState.drop(GameState.scala:124)               &#10;     | &#9;at tetris.logic.GameState.drop(GameState.scala:124)               &#10;     | &#9;at tetris.logic.GameState.drop(GameState.scala:124)               &#10;     | &#9;at tetris.logic.GameState.drop(GameState.scala:124)               &#10;     | &#9;at tetris.logic.GameState.drop(GameState.scala:124)               &#10;     | &#9;at tetris.logic.GameState.drop(GameState.scala:124)               &#10;     | &#9;at tetris.logic.GameState.drop(GameState.scala:124)               &#10;     | &#9;at tetris.logic.GameState.drop(GameState.scala:124)               &#10;     | &#9;at tetris.logic.GameState.drop(GameState.scala:124)               &#10;     | &#9;at tetris.logic.GameState.drop(GameState.scala:124)               &#10;     | &#9;at tetris.logic.GameState.drop(GameState.scala:124)               &#10;     | &#9;at tetris.logic.GameState.drop(GameState.scala:124)               &#10;     | &#9;at tetris.logic.GameState.drop(GameState.scala:124)               &#10;     | &#9;at tetris.logic.GameState.drop(GameState.scala:124)               &#10;     | &#9;at tetris.logic.GameState.drop(GameState.scala:124)               &#10;     | &#9;at tetris.logic.GameState.drop(GameState.scala:124)               &#10;     | &#9;at tetris.logic.GameState.drop(GameState.scala:124)               &#10;     | &#9;at tetris.logic.GameState.drop(GameState.scala:124)               &#10;     | &#9;at tetris.logic.GameState.drop(GameState.scala:124)               &#10;     | &#9;at tetris.logic.GameState.drop(GameState.scala:124)               &#10;     | &#9;at tetris.logic.GameState.drop(GameState.scala:124)               &#10;     | &#9;at tetris.logic.GameState.drop(GameState.scala:124)               &#10;     | &#9;at tetris.logic.GameState.drop(GameState.scala:124)               &#10;     | &#9;at tetris.logic.GameState.drop(GameState.scala:124)               &#10;     | &#9;at tetris.logic.GameState.drop(GameState.scala:124)               &#10;     | &#9;at tetris.logic.GameState.drop(GameState.scala:124)               &#10;     | &#9;at tetris.logic.GameState.drop(GameState.scala:124)               &#10;     | &#9;at tetris.logic.GameState.drop(GameState.scala:124)               &#10;     | &#9;at tetris.logic.GameState.drop(GameState.scala:124)               &#10;     | &#9;at tetris.logic.GameState.drop(GameState.scala:124)               &#10;     | &#9;at tetris.logic.GameState.drop(GameState.scala:124)               &#10;     | &#9;at tetris.logic.GameState.drop(GameState.scala:124)               &#10;     | &#9;at tetris.logic.GameState.drop(GameState.scala:124)               &#10;     | &#9;at tetris.logic.GameState.drop(GameState.scala:124)               &#10;     | &#9;at tetris.logic.GameState.drop(GameState.scala:124)               &#10;     | &#9;at tetris.logic.GameState.drop(GameState.scala:124)               &#10;     | &#9;at tetris.logic.GameState.drop(GameState.scala:124)               &#10;     | &#9;at tetris.logic.GameState.drop(GameState.scala:124)               &#10;     | &#9;at tetris.logic.GameState.drop(GameState.scala:124)               &#10;     | &#9;at tetris.logic.GameState.drop(GameState.scala:124)               &#10;     | &#9;at tetris.logic.GameState.drop(GameState.scala:124)               &#10;     | &#9;at tetris.logic.GameState.drop(GameState.scala:124)               &#10;     | &#9;at tetris.logic.GameState.drop(GameState.scala:124)               &#10;     | &#9;at tetris.logic.GameState.drop(GameState.scala:124)               &#10;     | &#9;at tetris.logic.GameState.drop(GameState.scala:124)               &#10;     | &#9;at tetris.logic.GameState.drop(GameState.scala:124)               &#10;     | &#9;at tetris.logic.GameState.drop(GameState.scala:124)               &#10;     | &#9;at tetris.logic.GameState.drop(GameState.scala:124)               &#10;     | &#9;at tetris.logic.GameState.drop(GameState.scala:124)               &#10;     | &#9;at tetris.logic.GameState.drop(GameState.scala:124)               &#10;     | &#9;at tetris.logic.GameState.drop(GameState.scala:124)               &#10;     | &#9;at tetris.logic.GameState.drop(GameState.scala:124)               &#10;     | &#9;at tetris.logic.GameState.drop(GameState.scala:124)               &#10;     | &#9;at tetris.logic.GameState.drop(GameState.scala:124)               &#10;     | &#9;at tetris.logic.GameState.drop(GameState.scala:124)               &#10;     | &#9;at tetris.logic.GameState.drop(GameState.scala:124)               &#10;     | &#9;at tetris.logic.GameState.drop(GameState.scala:124)               &#10;     | &#9;at tetris.logic.GameState.drop(GameState.scala:124)               &#10;     | &#9;at tetris.logic.GameState.drop(GameState.scala:124)               &#10;     | &#9;at tetris.logic.GameState.drop(GameState.scala:124)               &#10;     | &#9;at tetris.logic.GameState.drop(GameState.scala:124)               &#10;     | &#9;at tetris.logic.GameState.drop(GameState.scala:124)               &#10;     | &#9;at tetris.logic.GameState.drop(GameState.scala:124)               &#10;     | &#9;at tetris.logic.GameState.drop(GameState.scala:124)               &#10;     | &#9;at tetris.logic.GameState.drop(GameState.scala:124)               &#10;     | &#9;at tetris.logic.GameState.drop(GameState.scala:124)               &#10;     | &#9;at tetris.logic.GameState.drop(GameState.scala:124)               &#10;     | &#9;at tetris.logic.GameState.drop(GameState.scala:124)               &#10;     | &#9;at tetris.logic.GameState.drop(GameState.scala:124)               &#10;     | &#9;at tetris.logic.GameState.drop(GameState.scala:124)               &#10;     | &#9;at tetris.logic.GameState.drop(GameState.scala:124)               &#10;     | &#9;at tetris.logic.GameState.drop(GameState.scala:124)               &#10;     | &#9;at tetris.logic.GameState.drop(GameState.scala:124)               &#10;     | &#9;at tetris.logic.GameState.drop(GameState.scala:124)               &#10;     | &#9;at tetris.logic.GameState.drop(GameState.scala:124)               &#10;     | &#9;at tetris.logic.GameState.drop(GameState.scala:124)               &#10;     | &#9;at tetris.logic.GameState.drop(GameState.scala:124)               &#10;     | &#9;at tetris.logic.GameState.drop(GameState.scala:124)               &#10;     | &#9;at tetris.logic.GameState.drop(GameState.scala:124)               &#10;     | &#9;at tetris.logic.GameState.drop(GameState.scala:124)               &#10;     | &#9;at tetris.logic.GameState.drop(GameState.scala:124)               &#10;     | &#9;at tetris.logic.GameState.drop(GameState.scala:124)               &#10;     | &#9;at tetris.logic.GameState.drop(GameState.scala:124)               &#10;     | &#9;at tetris.logic.GameState.drop(GameState.scala:124)               &#10;     | &#9;at tetris.logic.GameState.drop(GameState.scala:124)               &#10;     | &#9;at tetris.logic.GameState.drop(GameState.scala:124)               &#10;     | &#9;at tetris.logic.GameState.drop(GameState.scala:124)               &#10;     | &#9;at tetris.logic.GameState.drop(GameState.scala:124)               &#10;     | &#9;at tetris.logic.GameState.drop(GameState.scala:124)               &#10;     | &#9;at tetris.logic.GameState.drop(GameState.scala:124)               &#10;     | &#9;at tetris.logic.GameState.drop(GameState.scala:124)               &#10;     | &#9;at tetris.logic.GameState.drop(GameState.scala:124)               &#10;     | &#9;at tetris.logic.GameState.drop(GameState.scala:124)               &#10;     | &#9;at tetris.logic.GameState.drop(GameState.scala:124)               &#10;     | &#9;at tetris.logic.GameState.drop(GameState.scala:124)               &#10;     | &#9;at tetris.logic.GameState.drop(GameState.scala:124)               &#10;     | &#9;at tetris.logic.GameState.drop(GameState.scala:124)               &#10;     | &#9;at tetris.logic.GameState.drop(GameState.scala:124)               &#10;     | &#9;at tetris.logic.GameState.drop(GameState.scala:124)               &#10;     | &#9;at tetris.logic.GameState.drop(GameState.scala:124)               &#10;     | &#9;at tetris.logic.GameState.drop(GameState.scala:124)               &#10;     | &#9;at tetris.logic.GameState.drop(GameState.scala:124)               &#10;     | &#9;at tetris.logic.GameState.drop(GameState.scala:124)               &#10;     | &#9;at tetris.logic.GameState.drop(GameState.scala:124)               &#10;     | &#9;at tetris.logic.GameState.drop(GameState.scala:124)               &#10;     | &#9;at tetris.logic.GameState.drop(GameState.scala:124)               &#10;     | &#9;at tetris.logic.GameState.drop(GameState.scala:124)               &#10;     | &#9;at tetris.logic.GameState.drop(GameState.scala:124)               &#10;     | &#9;at tetris.logic.GameState.drop(GameState.scala:124)               &#10;     | &#9;at tetris.logic.GameState.drop(GameState.scala:124)               &#10;     | &#9;at tetris.logic.GameState.drop(GameState.scala:124)               &#10;     | &#9;at tetris.logic.GameState.drop(GameState.scala:124)               &#10;     | &#9;at tetris.logic.GameState.drop(GameState.scala:124)               &#10;     | &#9;at tetris.logic.GameState.drop(GameState.scala:124)               &#10;     | &#9;at tetris.logic.GameState.drop(GameState.scala:124)               &#10;     | &#9;at tetris.logic.GameState.drop(GameState.scala:124)               &#10;     | &#9;at tetris.logic.GameState.drop(GameState.scala:124)               &#10;     | &#9;at tetris.logic.GameState.drop(GameState.scala:124)               &#10;     | &#9;at tetris.logic.GameState.drop(GameState.scala:124)               &#10;     | &#9;at tetris.logic.GameState.drop(GameState.scala:124)               &#10;     | &#9;at tetris.logic.GameState.drop(GameState.scala:124)               &#10;     | &#9;at tetris.logic.GameState.drop(GameState.scala:124)               &#10;     | &#9;at tetris.logic.GameState.drop(GameState.scala:124)               &#10;     | &#9;at tetris.logic.GameState.drop(GameState.scala:124)               &#10;     | &#9;at tetris.logic.GameState.drop(GameState.scala:124)               &#10;     | &#9;at tetris.logic.GameState.drop(GameState.scala:124)               &#10;     | &#9;at tetris.logic.GameState.drop(GameState.scala:124)               &#10;     | &#9;at tetris.logic.GameState.drop(GameState.scala:124)               &#10;     | &#9;at tetris.logic.GameState.drop(GameState.scala:124)               &#10;     | &#9;at tetris.logic.GameState.drop(GameState.scala:124)               &#10;     | &#9;at tetris.logic.GameState.drop(GameState.scala:124)               &#10;     | &#9;at tetris.logic.GameState.drop(GameState.scala:124)               &#10;     | &#9;at tetris.logic.GameState.drop(GameState.scala:124)               &#10;     | &#9;at tetris.logic.GameState.drop(GameState.scala:124)               &#10;     | &#9;at tetris.logic.GameState.drop(GameState.scala:124)               &#10;     | &#9;at tetris.logic.GameState.drop(GameState.scala:124)               &#10;     | &#9;at tetris.logic.GameState.drop(GameState.scala:124)               &#10;     | &#9;at tetris.logic.GameState.drop(GameState.scala:124)               &#10;     | &#9;at tetris.logic.GameState.drop(GameState.scala:124)               &#10;     | &#9;at tetris.logic.GameState.drop(GameState.scala:124)               &#10;     | &#9;at tetris.logic.GameState.drop(GameState.scala:124)               &#10;     | &#9;at tetris.logic.GameState.drop(GameState.scala:124)               &#10;     | &#9;at tetris.logic.GameState.drop(GameState.scala:124)               &#10;     | &#9;at tetris.logic.GameState.drop(GameState.scala:124)               &#10;     | &#9;at tetris.logic.GameState.drop(GameState.scala:124)               &#10;     | &#9;at tetris.logic.GameState.drop(GameState.scala:124)               &#10;     | &#9;at tetris.logic.GameState.drop(GameState.scala:124)               &#10;     | &#9;at tetris.logic.GameState.drop(GameState.scala:124)               &#10;     | &#9;at tetris.logic.GameState.drop(GameState.scala:124)               &#10;     | &#9;at tetris.logic.GameState.drop(GameState.scala:124)               &#10;     | &#9;at tetris.logic.GameState.drop(GameState.scala:124)               &#10;     | &#9;at tetris.logic.GameState.drop(GameState.scala:124)               &#10;     | &#9;at tetris.logic.GameState.drop(GameState.scala:124)               &#10;     | &#9;at tetris.logic.GameState.drop(GameState.scala:124)               &#10;     | &#9;at tetris.logic.GameState.drop(GameState.scala:124)               &#10;     | &#9;at tetris.logic.GameState.drop(GameState.scala:124)               &#10;     | &#9;at tetris.logic.GameState.drop(GameState.scala:124)               &#10;     | &#9;at tetris.logic.GameState.drop(GameState.scala:124)               &#10;     | &#9;at tetris.logic.GameState.drop(GameState.scala:124)               &#10;     | &#9;at tetris.logic.GameState.drop(GameState.scala:124)               &#10;     | &#9;at tetris.logic.GameState.drop(GameState.scala:124)               &#10;     | &#9;at tetris.logic.GameState.drop(GameState.scala:124)               &#10;     | &#9;at tetris.logic.GameState.drop(GameState.scala:124)               &#10;     | &#9;at tetris.logic.GameState.drop(GameState.scala:124)               &#10;     | &#9;at tetris.logic.GameState.drop(GameState.scala:124)               &#10;     | &#9;at tetris.logic.GameState.drop(GameState.scala:124)               &#10;     | &#9;at tetris.logic.GameState.drop(GameState.scala:124)               &#10;     | &#9;at tetris.logic.GameState.drop(GameState.scala:124)               &#10;     | &#9;at tetris.logic.GameState.drop(GameState.scala:124)               &#10;     | &#9;at tetris.logic.GameState.drop(GameState.scala:124)               &#10;     | &#9;at tetris.logic.GameState.drop(GameState.scala:124)               &#10;     | &#9;at tetris.logic.GameState.drop(GameState.scala:124)               &#10;     | &#9;at tetris.logic.GameState.drop(GameState.scala:124)               &#10;     | &#9;at tetris.logic.GameState.drop(GameState.scala:124)               &#10;     | &#9;at tetris.logic.GameState.drop(GameState.scala:124)               &#10;     | &#9;at tetris.logic.GameState.drop(GameState.scala:124)               &#10;     | &#9;at tetris.logic.GameState.drop(GameState.scala:124)               &#10;     | &#9;at tetris.logic.GameState.drop(GameState.scala:124)               &#10;     | &#9;at tetris.logic.GameState.drop(GameState.scala:124)               &#10;     | &#9;at tetris.logic.GameState.drop(GameState.scala:124)               &#10;     | &#9;at tetris.logic.GameState.drop(GameState.scala:124)               &#10;     | &#9;at tetris.logic.GameState.drop(GameState.scala:124)               &#10;     | &#9;at tetris.logic.GameState.drop(GameState.scala:124)               &#10;     | &#9;at tetris.logic.GameState.drop(GameState.scala:124)               &#10;     | &#9;at tetris.logic.GameState.drop(GameState.scala:124)               &#10;     | &#9;at tetris.logic.GameState.drop(GameState.scala:124)               &#10;     | &#9;at tetris.logic.GameState.drop(GameState.scala:124)               &#10;     | &#9;at tetris.logic.GameState.drop(GameState.scala:124)               &#10;     | &#9;at tetris.logic.GameState.drop(GameState.scala:124)               &#10;     | &#9;at tetris.logic.GameState.drop(GameState.scala:124)               &#10;     | &#9;at tetris.logic.GameState.drop(GameState.scala:124)               &#10;     | &#9;at tetris.logic.GameState.drop(GameState.scala:124)               &#10;     | &#9;at tetris.logic.GameState.drop(GameState.scala:124)               &#10;     | &#9;at tetris.logic.GameState.drop(GameState.scala:124)               &#10;     | &#9;at tetris.logic.GameState.drop(GameState.scala:124)               &#10;     | &#9;at tetris.logic.GameState.drop(GameState.scala:124)               &#10;     | &#9;at tetris.logic.GameState.drop(GameState.scala:124)               &#10;     | &#9;at tetris.logic.GameState.drop(GameState.scala:124)               &#10;     | &#9;at tetris.logic.GameState.drop(GameState.scala:124)               &#10;     | &#9;at tetris.logic.GameState.drop(GameState.scala:124)               &#10;     | &#9;at tetris.logic.GameState.drop(GameState.scala:124)               &#10;     | &#9;at tetris.logic.GameState.drop(GameState.scala:124)               &#10;     | &#9;at tetris.logic.GameState.drop(GameState.scala:124)               &#10;     | &#9;at tetris.logic.GameState.drop(GameState.scala:124)               &#10;     | &#9;at tetris.logic.GameState.drop(GameState.scala:124)               &#10;     | &#9;at tetris.logic.GameState.drop(GameState.scala:124)               &#10;     | &#9;at tetris.logic.GameState.drop(GameState.scala:124)               &#10;     | &#9;at tetris.logic.GameState.drop(GameState.scala:124)               &#10;     | &#9;at tetris.logic.GameState.drop(GameState.scala:124)               &#10;     | &#9;at tetris.logic.GameState.drop(GameState.scala:124)               &#10;     | &#9;at tetris.logic.GameState.drop(GameState.scala:124)               &#10;     | &#9;at tetris.logic.GameState.drop(GameState.scala:124)               &#10;     | &#9;at tetris.logic.GameState.drop(GameState.scala:124)               &#10;     | &#9;at tetris.logic.GameState.drop(GameState.scala:124)               &#10;     | &#9;at tetris.logic.GameState.drop(GameState.scala:124)               &#10;     | &#9;at tetris.logic.GameState.drop(GameState.scala:124)               &#10;     | &#9;at tetris.logic.GameState.drop(GameState.scala:124)               &#10;     | &#9;at tetris.logic.GameState.drop(GameState.scala:124)               &#10;     | &#9;at tetris.logic.GameState.drop(GameState.scala:124)               &#10;     | &#9;at tetris.logic.GameState.drop(GameState.scala:124)               &#10;     | &#9;at tetris.logic.GameState.drop(GameState.scala:124)               &#10;     | &#9;at tetris.logic.GameState.drop(GameState.scala:124)               &#10;     | &#9;at tetris.logic.GameState.drop(GameState.scala:124)               &#10;     | &#9;at tetris.logic.GameState.drop(GameState.scala:124)               &#10;     | &#9;at tetris.logic.GameState.drop(GameState.scala:124)               &#10;     | &#9;at tetris.logic.GameState.drop(GameState.scala:124)               &#10;     | &#9;at tetris.logic.GameState.drop(GameState.scala:124)               &#10;     | &#9;at tetris.logic.GameState.drop(GameState.scala:124)               &#10;     | &#9;at tetris.logic.GameState.drop(GameState.scala:124)               &#10;     | &#9;at tetris.logic.GameState.drop(GameState.scala:124)               &#10;     | &#9;at tetris.logic.GameState.drop(GameState.scala:124)               &#10;     | &#9;at tetris.logic.GameState.drop(GameState.scala:124)               &#10;     | &#9;at tetris.logic.GameState.drop(GameState.scala:124)               &#10;     | &#9;at tetris.logic.GameState.drop(GameState.scala:124)               &#10;     | &#9;at tetris.logic.GameState.drop(GameState.scala:124)               &#10;     | &#9;at tetris.logic.GameState.drop(GameState.scala:124)               &#10;     | &#9;at tetris.logic.GameState.drop(GameState.scala:124)               &#10;     | &#9;at tetris.logic.GameState.drop(GameState.scala:124)               &#10;     | &#9;at tetris.logic.GameState.drop(GameState.scala:124)               &#10;     | &#9;at tetris.logic.GameState.drop(GameState.scala:124)               &#10;     | &#9;at tetris.logic.GameState.drop(GameState.scala:124)               &#10;     | &#9;at tetris.logic.GameState.drop(GameState.scala:124)               &#10;     | &#9;at tetris.logic.GameState.drop(GameState.scala:124)               &#10;     | &#9;at tetris.logic.GameState.drop(GameState.scala:124)               &#10;     | &#9;at tetris.logic.GameState.drop(GameState.scala:124)               &#10;     | &#9;at tetris.logic.GameState.drop(GameState.scala:124)               &#10;     | &#9;at tetris.logic.GameState.drop(GameState.scala:124)               &#10;     | &#9;at tetris.logic.GameState.drop(GameState.scala:124)               &#10;     | &#9;at tetris.logic.GameState.drop(GameState.scala:124)               &#10;     | &#9;at tetris.logic.GameState.drop(GameState.scala:124)               &#10;     | &#9;at tetris.logic.GameState.drop(GameState.scala:124)               &#10;     | &#9;at tetris.logic.GameState.drop(GameState.scala:124)               &#10;     | &#9;at tetris.logic.GameState.drop(GameState.scala:124)               &#10;     | &#9;at tetris.logic.GameState.drop(GameState.scala:124)               &#10;     | &#9;at tetris.logic.GameState.drop(GameState.scala:124)               &#10;     | &#9;at tetris.logic.GameState.drop(GameState.scala:124)               &#10;     | &#9;at tetris.logic.GameState.drop(GameState.scala:124)               &#10;     | &#9;at tetris.logic.GameState.drop(GameState.scala:124)               &#10;     | &#9;at tetris.logic.GameState.drop(GameState.scala:124)               &#10;     | &#9;at tetris.logic.GameState.drop(GameState.scala:124)               &#10;     | &#9;at tetris.logic.GameState.drop(GameState.scala:124)               &#10;     | &#9;at tetris.logic.GameState.drop(GameState.scala:124)               &#10;     | &#9;at tetris.logic.GameState.drop(GameState.scala:124)               &#10;     | &#9;at tetris.logic.GameState.drop(GameState.scala:124)               &#10;     | &#9;at tetris.logic.GameState.drop(GameState.scala:124)               &#10;     | &#9;at tetris.logic.GameState.drop(GameState.scala:124)               &#10;     | &#9;at tetris.logic.GameState.drop(GameState.scala:124)               &#10;     | &#9;at tetris.logic.GameState.drop(GameState.scala:124)               &#10;     | &#9;at tetris.logic.GameState.drop(GameState.scala:124)               &#10;     | &#9;at tetris.logic.GameState.drop(GameState.scala:124)               &#10;     | &#9;at tetris.logic.GameState.drop(GameState.scala:124)               &#10;     | &#9;at tetris.logic.GameState.drop(GameState.scala:124)               &#10;     | &#9;at tetris.logic.GameState.drop(GameState.scala:124)               &#10;     | &#9;at tetris.logic.GameState.drop(GameState.scala:124)               &#10;     | &#9;at tetris.logic.GameState.drop(GameState.scala:124)               &#10;     | &#9;at tetris.logic.GameState.drop(GameState.scala:124)               &#10;     | &#9;at tetris.logic.GameState.drop(GameState.scala:124)               &#10;     | &#9;at tetris.logic.GameState.drop(GameState.scala:124)               &#10;     | &#9;at tetris.logic.GameState.drop(GameState.scala:124)               &#10;     | &#9;at tetris.logic.GameState.drop(GameState.scala:124)               &#10;     | &#9;at tetris.logic.GameState.drop(GameState.scala:124)               &#10;     | &#9;at tetris.logic.GameState.drop(GameState.scala:124)               &#10;     | &#9;at tetris.logic.GameState.drop(GameState.scala:124)               &#10;     | &#9;at tetris.logic.GameState.drop(GameState.scala:124)               &#10;     | &#9;at tetris.logic.GameState.drop(GameState.scala:124)               &#10;     | &#9;at tetris.logic.GameState.drop(GameState.scala:124)               &#10;     | &#9;at tetris.logic.GameState.drop(GameState.scala:124)               &#10;     | &#9;at tetris.logic.GameState.drop(GameState.scala:124)               &#10;     | &#9;at tetris.logic.GameState.drop(GameState.scala:124)               &#10;     | &#9;at tetris.logic.GameState.drop(GameState.scala:124)               &#10;     | &#9;at tetris.logic.GameState.drop(GameState.scala:124)               &#10;     | &#9;at tetris.logic.GameState.drop(GameState.scala:124)               &#10;     | &#9;at tetris.logic.GameState.drop(GameState.scala:124)               &#10;     | &#9;at tetris.logic.GameState.drop(GameState.scala:124)               &#10;     | &#9;at tetris.logic.GameState.drop(GameState.scala:124)               &#10;     | &#9;at tetris.logic.GameState.drop(GameState.scala:124)               &#10;     | &#9;at tetris.logic.GameState.drop(GameState.scala:124)               &#10;     | &#9;at tetris.logic.GameState.drop(GameState.scala:124)               &#10;     | &#9;at tetris.logic.GameState.drop(GameState.scala:124)               &#10;     | &#9;at tetris.logic.GameState.drop(GameState.scala:124)               &#10;     | &#9;at tetris.logic.GameState.drop(GameState.scala:124)               &#10;     | &#9;at tetris.logic.GameState.drop(GameState.scala:124)               &#10;     | &#9;at tetris.logic.GameState.drop(GameState.scala:124)               &#10;     | &#9;at tetris.logic.GameState.drop(GameState.scala:124)               &#10;     | &#9;at tetris.logic.GameState.drop(GameState.scala:124)               &#10;     | &#9;at tetris.logic.GameState.drop(GameState.scala:124)               &#10;     | &#9;at tetris.logic.GameState.drop(GameState.scala:124)               &#10;     | &#9;at tetris.logic.GameState.drop(GameState.scala:124)               &#10;     | &#9;at tetris.logic.GameState.drop(GameState.scala:124)               &#10;     | &#9;at tetris.logic.GameState.drop(GameState.scala:124)               &#10;     | &#9;at tetris.logic.GameState.drop(GameState.scala:124)               &#10;     | &#9;at tetris.logic.GameState.drop(GameState.scala:124)               &#10;     | &#9;at tetris.logic.GameState.drop(GameState.scala:124)               &#10;     | &#9;at tetris.logic.GameState.drop(GameState.scala:124)               &#10;     | &#9;at tetris.logic.GameState.drop(GameState.scala:124)               &#10;     | &#9;at tetris.logic.GameState.drop(GameState.scala:124)               &#10;     | &#9;at tetris.logic.GameState.drop(GameState.scala:124)               &#10;     | &#9;at tetris.logic.GameState.drop(GameState.scala:124)               &#10;     | &#9;at tetris.logic.GameState.drop(GameState.scala:124)               &#10;     | &#9;at tetris.logic.GameState.drop(GameState.scala:124)               &#10;     | &#9;at tetris.logic.GameState.drop(GameState.scala:124)               &#10;     | &#9;at tetris.logic.GameState.drop(GameState.scala:124)               &#10;     | &#9;at tetris.logic.GameState.drop(GameState.scala:124)               &#10;     | &#9;at tetris.logic.GameState.drop(GameState.scala:124)               &#10;     | &#9;at tetris.logic.GameState.drop(GameState.scala:124)               &#10;     | &#9;at tetris.logic.GameState.drop(GameState.scala:124)               &#10;     | &#9;at tetris.logic.GameState.drop(GameState.scala:124)               &#10;     | &#9;at tetris.logic.GameState.drop(GameState.scala:124)               &#10;     | &#9;at tetris.logic.GameState.drop(GameState.scala:124)               &#10;     | &#9;at tetris.logic.GameState.drop(GameState.scala:124)               &#10;     | &#9;at tetris.logic.GameState.drop(GameState.scala:124)               &#10;     | &#9;at tetris.logic.GameState.drop(GameState.scala:124)               &#10;     | &#9;at tetris.logic.GameState.drop(GameState.scala:124)               &#10;     | &#9;at tetris.logic.GameState.drop(GameState.scala:124)               &#10;     | &#9;at tetris.logic.GameState.drop(GameState.scala:124)               &#10;     | &#9;at tetris.logic.GameState.drop(GameState.scala:124)               &#10;     | &#9;at tetris.logic.GameState.drop(GameState.scala:124)               &#10;     | &#9;at tetris.logic.GameState.drop(GameState.scala:124)               &#10;     | &#9;at tetris.logic.GameState.drop(GameState.scala:124)               &#10;     | &#9;at tetris.logic.GameState.drop(GameState.scala:124)               &#10;     | &#9;at tetris.logic.GameState.drop(GameState.scala:124)               &#10;     | &#9;at tetris.logic.GameState.drop(GameState.scala:124)               &#10;     | &#9;at tetris.logic.GameState.drop(GameState.scala:124)               &#10;     | &#9;at tetris.logic.GameState.drop(GameState.scala:124)               &#10;     | &#9;at tetris.logic.GameState.drop(GameState.scala:124)               &#10;     | &#9;at tetris.logic.GameState.drop(GameState.scala:124)               &#10;     | &#9;at tetris.logic.GameState.drop(GameState.scala:124)               &#10;     | &#9;at tetris.logic.GameState.drop(GameState.scala:124)               &#10;     | &#9;at tetris.logic.GameState.drop(GameState.scala:124)               &#10;     | &#9;at tetris.logic.GameState.drop(GameState.scala:124)               &#10;     | &#9;at tetris.logic.GameState.drop(GameState.scala:124)               &#10;     | &#9;at tetris.logic.GameState.drop(GameState.scala:124)               &#10;     | &#9;at tetris.logic.GameState.drop(GameState.scala:124)               &#10;     | &#9;at tetris.logic.GameState.drop(GameState.scala:124)               &#10;     | &#9;at tetris.logic.GameState.drop(GameState.scala:124)               &#10;     | &#9;at tetris.logic.GameState.drop(GameState.scala:124)               &#10;     | &#9;at tetris.logic.GameState.drop(GameState.scala:124)               &#10;     | &#9;at tetris.logic.GameState.drop(GameState.scala:124)               &#10;     | &#9;at tetris.logic.GameState.drop(GameState.scala:124)               &#10;     | &#9;at tetris.logic.GameState.drop(GameState.scala:124)               &#10;     | &#9;at tetris.logic.GameState.drop(GameState.scala:124)               &#10;     | &#9;at tetris.logic.GameState.drop(GameState.scala:124)               &#10;     | &#9;at tetris.logic.GameState.drop(GameState.scala:124)               &#10;     | &#9;at tetris.logic.GameState.drop(GameState.scala:124)               &#10;     | &#9;at tetris.logic.GameState.drop(GameState.scala:124)               &#10;     | &#9;at tetris.logic.GameState.drop(GameState.scala:124)               &#10;     | &#9;at tetris.logic.GameState.drop(GameState.scala:124)               &#10;     | &#9;at tetris.logic.GameState.drop(GameState.scala:124)               &#10;     | &#9;at tetris.logic.GameState.drop(GameState.scala:124)               &#10;     | &#9;at tetris.logic.GameState.drop(GameState.scala:124)               &#10;     | &#9;at tetris.logic.GameState.drop(GameState.scala:124)               &#10;     | &#9;at tetris.logic.GameState.drop(GameState.scala:124)               &#10;     | &#9;at tetris.logic.GameState.drop(GameState.scala:124)               &#10;     | &#9;at tetris.logic.GameState.drop(GameState.scala:124)               &#10;     | &#9;at tetris.logic.GameState.drop(GameState.scala:124)               &#10;     | &#9;at tetris.logic.GameState.drop(GameState.scala:124)               &#10;     | &#9;at tetris.logic.GameState.drop(GameState.scala:124)               &#10;     | &#9;at tetris.logic.GameState.drop(GameState.scala:124)               &#10;     | &#9;at tetris.logic.GameState.drop(GameState.scala:124)               &#10;     | &#9;at tetris.logic.GameState.drop(GameState.scala:124)               &#10;     | &#9;at tetris.logic.GameState.drop(GameState.scala:124)               &#10;     | &#9;at tetris.logic.GameState.drop(GameState.scala:124)               &#10;     | &#9;at tetris.logic.GameState.drop(GameState.scala:124)               &#10;     | &#9;at tetris.logic.GameState.drop(GameState.scala:124)               &#10;     | &#9;at tetris.logic.GameState.drop(GameState.scala:124)               &#10;     | &#9;at tetris.logic.GameState.drop(GameState.scala:124)               &#10;     | &#9;at tetris.logic.GameState.drop(GameState.scala:124)               &#10;     | &#9;at tetris.logic.GameState.drop(GameState.scala:124)               &#10;     | &#9;at tetris.logic.GameState.drop(GameState.scala:124)               &#10;     | &#9;at tetris.logic.GameState.drop(GameState.scala:124)               &#10;     | &#9;at tetris.logic.GameState.drop(GameState.scala:124)               &#10;     | &#9;at tetris.logic.GameState.drop(GameState.scala:124)               &#10;     | &#9;at tetris.logic.GameState.drop(GameState.scala:124)               &#10;     | &#9;at tetris.logic.GameState.drop(GameState.scala:124)               &#10;     | &#9;at tetris.logic.GameState.drop(GameState.scala:124)               &#10;     | &#9;at tetris.logic.GameState.drop(GameState.scala:124)               &#10;     | &#9;at tetris.logic.GameState.drop(GameState.scala:124)               &#10;     | &#9;at tetris.logic.GameState.drop(GameState.scala:124)               &#10;     | &#9;at tetris.logic.GameState.drop(GameState.scala:124)               &#10;     | &#9;at tetris.logic.GameState.drop(GameState.scala:124)               &#10;     | &#9;at tetris.logic.GameState.drop(GameState.scala:124)               &#10;     | &#9;at tetris.logic.GameState.drop(GameState.scala:124)               &#10;     | &#9;at tetris.logic.GameState.drop(GameState.scala:124)               &#10;     | &#9;at tetris.logic.GameState.drop(GameState.scala:124)               &#10;     | &#9;at tetris.logic.GameState.drop(GameState.scala:124)               &#10;     | &#9;at tetris.logic.GameState.drop(GameState.scala:124)               &#10;     | &#9;at tetris.logic.GameState.drop(GameState.scala:124)               &#10;     | &#9;at tetris.logic.GameState.drop(GameState.scala:124)               &#10;     | &#9;at tetris.logic.GameState.drop(GameState.scala:124)               &#10;     | &#9;at tetris.logic.GameState.drop(GameState.scala:124)               &#10;     | &#9;at tetris.logic.GameState.drop(GameState.scala:124)               &#10;     | &#9;at tetris.logic.GameState.drop(GameState.scala:124)               &#10;     | &#9;at tetris.logic.GameState.drop(GameState.scala:124)               &#10;     | &#9;at tetris.logic.GameState.drop(GameState.scala:124)               &#10;     | &#9;at tetris.logic.GameState.drop(GameState.scala:124)               &#10;     | &#9;at tetris.logic.GameState.drop(GameState.scala:124)               &#10;     | &#9;at tetris.logic.GameState.drop(GameState.scala:124)               &#10;     | &#9;at tetris.logic.GameState.drop(GameState.scala:124)               &#10;     | &#9;at tetris.logic.GameState.drop(GameState.scala:124)               &#10;     | &#9;at tetris.logic.GameState.drop(GameState.scala:124)               &#10;     | &#9;at tetris.logic.GameState.drop(GameState.scala:124)               &#10;     | &#9;at tetris.logic.GameState.drop(GameState.scala:124)               &#10;     | &#9;at tetris.logic.GameState.drop(GameState.scala:124)               &#10;     | &#9;at tetris.logic.GameState.drop(GameState.scala:124)               &#10;     | &#9;at tetris.logic.GameState.drop(GameState.scala:124)               &#10;     | &#9;at tetris.logic.GameState.drop(GameState.scala:124)               &#10;     | &#9;at tetris.logic.GameState.drop(GameState.scala:124)               &#10;     | &#9;at tetris.logic.GameState.drop(GameState.scala:124)               &#10;     | &#9;at tetris.logic.GameState.drop(GameState.scala:124)               &#10;     | &#9;at tetris.logic.GameState.drop(GameState.scala:124)               &#10;     | &#9;at tetris.logic.GameState.drop(GameState.scala:124)               &#10;     | &#9;at tetris.logic.GameState.drop(GameState.scala:124)               &#10;     | &#9;at tetris.logic.GameState.drop(GameState.scala:124)               &#10;     | &#9;at tetris.logic.GameState.drop(GameState.scala:124)               &#10;     | &#9;at tetris.logic.GameState.drop(GameState.scala:124)               &#10;     | &#9;at tetris.logic.GameState.drop(GameState.scala:124)               &#10;     | &#9;at tetris.logic.GameState.drop(GameState.scala:124)               &#10;     | &#9;at tetris.logic.GameState.drop(GameState.scala:124)               &#10;     | &#9;at tetris.logic.GameState.drop(GameState.scala:124)               &#10;     | &#9;at tetris.logic.GameState.drop(GameState.scala:124)               &#10;     | &#9;at tetris.logic.GameState.drop(GameState.scala:124)               &#10;     | &#9;at tetris.logic.GameState.drop(GameState.scala:124)               &#10;     | &#9;at tetris.logic.GameState.drop(GameState.scala:124)               &#10;     | &#9;at tetris.logic.GameState.drop(GameState.scala:124)               &#10;     | &#9;at tetris.logic.GameState.drop(GameState.scala:124)               &#10;     | &#9;at tetris.logic.GameState.drop(GameState.scala:124)               &#10;     | &#9;at tetris.logic.GameState.drop(GameState.scala:124)               &#10;     | &#9;at tetris.logic.GameState.drop(GameState.scala:124)               &#10;     | &#9;at tetris.logic.GameState.drop(GameState.scala:124)               &#10;     | &#9;at tetris.logic.GameState.drop(GameState.scala:124)               &#10;     | &#9;at tetris.logic.GameState.drop(GameState.scala:124)               &#10;     | &#9;at tetris.logic.GameState.drop(GameState.scala:124)               &#10;     | &#9;at tetris.logic.GameState.drop(GameState.scala:124)               &#10;     | &#9;at tetris.logic.GameState.drop(GameState.scala:124)               &#10;     | &#9;at tetris.logic.GameState.drop(GameState.scala:124)               &#10;     | &#9;at tetris.logic.GameState.drop(GameState.scala:124)               &#10;     | &#9;at tetris.logic.GameState.drop(GameState.scala:124)               &#10;     | &#9;at tetris.logic.GameState.drop(GameState.scala:124)               &#10;     | &#9;at tetris.logic.GameState.drop(GameState.scala:124)               &#10;     | &#9;at tetris.logic.GameState.drop(GameState.scala:124)               &#10;     | &#9;at tetris.logic.GameState.drop(GameState.scala:124)               &#10;     | &#9;at tetris.logic.GameState.drop(GameState.scala:124)               &#10;     | &#9;at tetris.logic.GameState.drop(GameState.scala:124)               &#10;     | &#9;at tetris.logic.GameState.drop(GameState.scala:124)               &#10;     | &#9;at tetris.logic.GameState.drop(GameState.scala:124)               &#10;     | &#9;at tetris.logic.GameState.drop(GameState.scala:124)               &#10;     | &#9;at tetris.logic.GameState.drop(GameState.scala:124)               &#10;     | &#9;at tetris.logic.GameState.drop(GameState.scala:124)               &#10;     | &#9;at tetris.logic.GameState.drop(GameState.scala:124)               &#10;     | &#9;at tetris.logic.GameState.drop(GameState.scala:124)               &#10;     | &#9;at tetris.logic.GameState.drop(GameState.scala:124)               &#10;     | &#9;at tetris.logic.GameState.drop(GameState.scala:124)               &#10;     | &#9;at tetris.logic.GameState.drop(GameState.scala:124)               &#10;     | &#9;at tetris.logic.GameState.drop(GameState.scala:124)               &#10;     | &#9;at tetris.logic.GameState.drop(GameState.scala:124)               &#10;     | &#9;at tetris.logic.GameState.drop(GameState.scala:124)               &#10;     | &#9;at tetris.logic.GameState.drop(GameState.scala:124)               &#10;     | &#9;at tetris.logic.GameState.drop(GameState.scala:124)               &#10;     | &#9;at tetris.logic.GameState.drop(GameState.scala:124)               &#10;     | &#9;at tetris.logic.GameState.drop(GameState.scala:124)               &#10;     | &#9;at tetris.logic.GameState.drop(GameState.scala:124)               &#10;     | &#9;at tetris.logic.GameState.drop(GameState.scala:124)               &#10;     | &#9;at tetris.logic.GameState.drop(GameState.scala:124)               &#10;     | &#9;at tetris.logic.GameState.drop(GameState.scala:124)               &#10;     | &#9;at tetris.logic.GameState.drop(GameState.scala:124)               &#10;     | &#9;at tetris.logic.GameState.drop(GameState.scala:124)               &#10;     | &#9;at tetris.logic.GameState.drop(GameState.scala:124)               &#10;     | &#9;at tetris.logic.GameState.drop(GameState.scala:124)               &#10;     | &#9;at tetris.logic.GameState.drop(GameState.scala:124)               &#10;     | &#9;at tetris.logic.GameState.drop(GameState.scala:124)               &#10;     | &#9;at tetris.logic.GameState.drop(GameState.scala:124)               &#10;     | &#9;at tetris.logic.GameState.drop(GameState.scala:124)               &#10;     | &#9;at tetris.logic.GameState.drop(GameState.scala:124)               &#10;     | &#9;at tetris.logic.GameState.drop(GameState.scala:124)               &#10;     | &#9;at tetris.logic.GameState.drop(GameState.scala:124)               &#10;     | &#9;at tetris.logic.GameState.drop(GameState.scala:124)               &#10;     | &#9;at tetris.logic.GameState.drop(GameState.scala:124)               &#10;     | &#9;at tetris.logic.GameState.drop(GameState.scala:124)               &#10;     | &#9;at tetris.logic.GameState.drop(GameState.scala:124)               &#10;     | &#9;at tetris.logic.GameState.drop(GameState.scala:124)               &#10;     | &#9;at tetris.logic.GameState.drop(GameState.scala:124)               &#10;     | &#9;at tetris.logic.GameState.drop(GameState.scala:124)               &#10;     | &#9;at tetris.logic.GameState.drop(GameState.scala:124)               &#10;     | &#9;at tetris.logic.GameState.drop(GameState.scala:124)               &#10;     | &#9;at tetris.logic.GameState.drop(GameState.scala:124)               &#10;     | &#9;at tetris.logic.GameState.drop(GameState.scala:124)               &#10;     | &#9;at tetris.logic.GameState.drop(GameState.scala:124)               &#10;     | &#9;at tetris.logic.GameState.drop(GameState.scala:124)               &#10;     | &#9;at tetris.logic.GameState.drop(GameState.scala:124)               &#10;     | &#9;at tetris.logic.GameState.drop(GameState.scala:124)               &#10;     | &#9;at tetris.logic.GameState.drop(GameState.scala:124)               &#10;     | &#9;at tetris.logic.GameState.drop(GameState.scala:124)               &#10;     | &#9;at tetris.logic.GameState.drop(GameState.scala:124)               &#10;     | &#9;at tetris.logic.GameState.drop(GameState.scala:124)               &#10;     | &#9;at tetris.logic.GameState.drop(GameState.scala:124)               &#10;     | &#9;at tetris.logic.GameState.drop(GameState.scala:124)               &#10;     | &#9;at tetris.logic.GameState.drop(GameState.scala:124)               &#10;     | &#9;at tetris.logic.GameState.drop(GameState.scala:124)               &#10;     | &#9;at tetris.logic.GameState.drop(GameState.scala:124)               &#10;     | &#9;at tetris.logic.GameState.drop(GameState.scala:124)               &#10;     | &#9;at tetris.logic.GameState.drop(GameState.scala:124)               &#10;     | &#9;at tetris.logic.GameState.drop(GameState.scala:124)               &#10;     | &#9;at tetris.logic.GameState.drop(GameState.scala:124)               &#10;     | &#9;at tetris.logic.GameState.drop(GameState.scala:124)               &#10;     | &#9;at tetris.logic.GameState.drop(GameState.scala:124)               &#10;     | &#9;at tetris.logic.GameState.drop(GameState.scala:124)               &#10;     | &#9;at tetris.logic.GameState.drop(GameState.scala:124)               &#10;     | &#9;at tetris.logic.GameState.drop(GameState.scala:124)               &#10;     | &#9;at tetris.logic.GameState.drop(GameState.scala:124)               &#10;     | &#9;at tetris.logic.GameState.drop(GameState.scala:124)               &#10;     | &#9;at tetris.logic.GameState.drop(GameState.scala:124)               &#10;     | &#9;at tetris.logic.GameState.drop(GameState.scala:124)               &#10;     | &#9;at tetris.logic.GameState.drop(GameState.scala:124)               &#10;     | &#9;at tetris.logic.GameState.drop(GameState.scala:124)               &#10;     | &#9;at tetris.logic.GameState.drop(GameState.scala:124)               &#10;     | &#9;at tetris.logic.GameState.drop(GameState.scala:124)               &#10;     | &#9;at tetris.logic.GameState.drop(GameState.scala:124)               &#10;     | &#9;at tetris.logic.GameState.drop(GameState.scala:124)               &#10;     | &#9;at tetris.logic.GameState.drop(GameState.scala:124)               &#10;     | &#9;at tetris.logic.GameState.drop(GameState.scala:124)               &#10;     | &#9;at tetris.logic.GameState.drop(GameState.scala:124)               &#10;     | &#9;at tetris.logic.GameState.drop(GameState.scala:124)               &#10;     | &#9;at tetris.logic.GameState.drop(GameState.scala:124)               &#10;     | &#9;at tetris.logic.GameState.drop(GameState.scala:124)               &#10;     | &#9;at tetris.logic.GameState.drop(GameState.scala:124)               &#10;     | &#9;at tetris.logic.GameState.drop(GameState.scala:124)               &#10;     | &#9;at tetris.logic.GameState.drop(GameState.scala:124)               &#10;     | &#9;at tetris.logic.GameState.drop(GameState.scala:124)               &#10;     | &#9;at tetris.logic.GameState.drop(GameState.scala:124)               &#10;     | &#9;at tetris.logic.GameState.drop(GameState.scala:124)               &#10;     | &#9;at tetris.logic.GameState.drop(GameState.scala:124)               &#10;     | &#9;at tetris.logic.GameState.drop(GameState.scala:124)               &#10;     | &#9;at tetris.logic.GameState.drop(GameState.scala:124)               &#10;     | &#9;at tetris.logic.GameState.drop(GameState.scala:124)               &#10;     | &#9;at tetris.logic.GameState.drop(GameState.scala:124)               &#10;     | &#9;at tetris.logic.GameState.drop(GameState.scala:124)               &#10;     | &#9;at tetris.logic.GameState.drop(GameState.scala:124)               &#10;     | &#9;at tetris.logic.GameState.drop(GameState.scala:124)               &#10;     | &#9;at tetris.logic.GameState.drop(GameState.scala:124)               &#10;     | &#9;at tetris.logic.GameState.drop(GameState.scala:124)               &#10;     | &#9;at tetris.logic.GameState.drop(GameState.scala:124)               &#10;     | &#9;at tetris.logic.GameState.drop(GameState.scala:124)               &#10;     | &#9;at tetris.logic.GameState.drop(GameState.scala:124)               &#10;     | &#9;at tetris.logic.GameState.drop(GameState.scala:124)               &#10;     | &#9;at tetris.logic.GameState.drop(GameState.scala:124)               &#10;     | &#9;at tetris.logic.GameState.drop(GameState.scala:124)               &#10;     | &#9;at tetris.logic.GameState.drop(GameState.scala:124)               &#10;     | &#9;at tetris.logic.GameState.drop(GameState.scala:124)               &#10;     | &#9;at tetris.logic.GameState.drop(GameState.scala:124)               &#10;     | &#9;at tetris.logic.GameState.drop(GameState.scala:124)               &#10;     | &#9;at tetris.logic.GameState.drop(GameState.scala:124)               &#10;     | &#9;at tetris.logic.GameState.drop(GameState.scala:124)               &#10;     | &#9;at tetris.logic.GameState.drop(GameState.scala:124)               &#10;     | &#9;at tetris.logic.GameState.drop(GameState.scala:124)               &#10;     | &#9;at tetris.logic.GameState.drop(GameState.scala:124)               &#10;     | &#9;at tetris.logic.GameState.drop(GameState.scala:124)               &#10;     | &#9;at tetris.logic.GameState.drop(GameState.scala:124)               &#10;     | &#9;at tetris.logic.GameState.drop(GameState.scala:124)               &#10;     | &#9;at tetris.logic.GameState.drop(GameState.scala:124)               &#10;     | &#9;at tetris.logic.GameState.drop(GameState.scala:124)               &#10;     | &#9;at tetris.logic.GameState.drop(GameState.scala:124)               &#10;     | &#9;at tetris.logic.GameState.drop(GameState.scala:124)               &#10;     | &#9;at tetris.logic.GameState.drop(GameState.scala:124)               &#10;     | &#9;at tetris.logic.GameState.drop(GameState.scala:124)               &#10;     | &#9;at tetris.logic.GameState.drop(GameState.scala:124)               &#10;     | &#9;at tetris.logic.GameState.drop(GameState.scala:124)               &#10;     | &#9;at tetris.logic.GameState.drop(GameState.scala:124)               &#10;     | &#9;at tetris.logic.GameState.drop(GameState.scala:124)               &#10;     | &#9;at tetris.logic.GameState.drop(GameState.scala:124)               &#10;     | &#9;at tetris.logic.GameState.drop(GameState.scala:124)               &#10;     | &#9;at tetris.logic.GameState.drop(GameState.scala:124)               &#10;     | &#9;at tetris.logic.GameState.drop(GameState.scala:124)               &#10;     | &#9;at tetris.logic.GameState.drop(GameState.scala:124)               &#10;     | &#9;at tetris.logic.GameState.drop(GameState.scala:124)               &#10;     | &#9;at tetris.logic.GameState.drop(GameState.scala:124)               &#10;     | &#9;at tetris.logic.GameState.drop(GameState.scala:124)               &#10;     | &#9;at tetris.logic.GameState.drop(GameState.scala:124)               &#10;     | &#9;at tetris.logic.GameState.drop(GameState.scala:124)               &#10;     | &#9;at tetris.logic.GameState.drop(GameState.scala:124)               &#10;     | &#9;at tetris.logic.GameState.drop(GameState.scala:124)               &#10;     | &#9;at tetris.logic.GameState.drop(GameState.scala:124)               &#10;     | &#9;at tetris.logic.GameState.drop(GameState.scala:124)               &#10;     | &#9;at tetris.logic.GameState.drop(GameState.scala:124)               &#10;     | &#9;at tetris.logic.GameState.drop(GameState.scala:124)               &#10;     | &#9;at tetris.logic.GameState.drop(GameState.scala:124)               &#10;     | &#9;at tetris.logic.GameState.drop(GameState.scala:124)               &#10;     | &#9;at tetris.logic.GameState.drop(GameState.scala:124)               &#10;     | &#9;at tetris.logic.GameState.drop(GameState.scala:124)               &#10;     | &#9;at tetris.logic.GameState.drop(GameState.scala:124)               &#10;     | &#9;at tetris.logic.GameState.drop(GameState.scala:124)               &#10;     | &#9;at tetris.logic.GameState.drop(GameState.scala:124)               &#10;     | &#9;at tetris.logic.GameState.drop(GameState.scala:124)               &#10;     | &#9;at tetris.logic.GameState.drop(GameState.scala:124)               &#10;     | &#9;at tetris.logic.GameState.drop(GameState.scala:124)               &#10;     | &#9;at tetris.logic.GameState.drop(GameState.scala:124)               &#10;     | &#9;at tetris.logic.GameState.drop(GameState.scala:124)               &#10;     | &#9;at tetris.logic.GameState.drop(GameState.scala:124)               &#10;     | &#9;at tetris.logic.GameState.drop(GameState.scala:124)               &#10;     | &#9;at tetris.logic.GameState.drop(GameState.scala:124)               &#10;     | &#9;at tetris.logic.GameState.drop(GameState.scala:124)               &#10;     | &#9;at tetris.logic.GameState.drop(GameState.scala:124)               &#10;     | &#9;at tetris.logic.GameState.drop(GameState.scala:124)               &#10;     | &#9;at tetris.logic.GameState.drop(GameState.scala:124)               &#10;     | &#9;at tetris.logic.GameState.drop(GameState.scala:124)               &#10;     | &#9;at tetris.logic.GameState.drop(GameState.scala:124)               &#10;     | &#9;at tetris.logic.GameState.drop(GameState.scala:124)               &#10;     | &#9;at tetris.logic.GameState.drop(GameState.scala:124)               &#10;     | &#9;at tetris.logic.GameState.drop(GameState.scala:124)               &#10;     | &#9;at tetris.logic.GameState.drop(GameState.scala:124)               &#10;     | &#9;at tetris.logic.GameState.drop(GameState.scala:124)               &#10;     | &#9;at tetris.logic.GameState.drop(GameState.scala:124)               &#10;     | &#9;at tetris.logic.GameState.drop(GameState.scala:124)               &#10;     | &#9;at tetris.logic.GameState.drop(GameState.scala:124)               &#10;     | &#9;at tetris.logic.GameState.drop(GameState.scala:124)               &#10;     | &#9;at tetris.logic.GameState.drop(GameState.scala:124)               &#10;     | &#9;at tetris.logic.GameState.drop(GameState.scala:124)               &#10;     | &#9;at tetris.logic.GameState.drop(GameState.scala:124)               &#10;     | &#9;at tetris.logic.GameState.drop(GameState.scala:124)               &#10;     | &#9;at tetris.logic.GameState.drop(GameState.scala:124)               &#10;     | &#9;at tetris.logic.GameState.drop(GameState.scala:124)               &#10;     | &#9;at tetris.logic.GameState.drop(GameState.scala:124)               &#10;     | &#9;at tetris.logic.GameState.drop(GameState.scala:124)               &#10;     | &#9;at tetris.logic.GameState.drop(GameState.scala:124)               &#10;     | &#9;at tetris.logic.GameState.drop(GameState.scala:124)               &#10;     | &#9;at tetris.logic.GameState.drop(GameState.scala:124)               &#10;     | &#9;at tetris.logic.GameState.drop(GameState.scala:124)               &#10;     | &#9;at tetris.logic.GameState.drop(GameState.scala:124)               &#10;     | &#9;at tetris.logic.GameState.drop(GameState.scala:124)               &#10;     | &#9;at tetris.logic.GameState.drop(GameState.scala:124)               &#10;     | &#9;at tetris.logic.GameState.drop(GameState.scala:124)               &#10;     | &#9;at tetris.logic.GameState.drop(GameState.scala:124)               &#10;     | &#9;at tetris.logic.GameState.drop(GameState.scala:124)               &#10;     | &#9;at tetris.logic.GameState.drop(GameState.scala:124)               &#10;     | &#9;at tetris.logic.GameState.drop(GameState.scala:124)               &#10;     | &#9;at tetris.logic.GameState.drop(GameState.scala:124)               &#10;     | &#9;at tetris.logic.GameState.drop(GameState.scala:124)               &#10;     | &#9;at tetris.logic.GameState.drop(GameState.scala:124)               &#10;     | &#9;at tetris.logic.GameState.drop(GameState.scala:124)               &#10;     | &#9;at tetris.logic.GameState.drop(GameState.scala:124)               &#10;     | &#9;at tetris.logic.GameState.drop(GameState.scala:124)               &#10;     | &#9;at tetris.logic.GameState.drop(GameState.scala:124)               &#10;     | &#9;at tetris.logic.GameState.drop(GameState.scala:124)               &#10;     | &#9;at tetris.logic.GameState.drop(GameState.scala:124)               &#10;     | &#9;at tetris.logic.GameState.drop(GameState.scala:124)               &#10;     | &#9;at tetris.logic.GameState.drop(GameState.scala:124)               &#10;     | &#9;at tetris.logic.GameState.drop(GameState.scala:124)               &#10;     | &#9;at tetris.logic.GameState.drop(GameState.scala:124)               &#10;     | &#9;at tetris.logic.GameState.drop(GameState.scala:124)               &#10;     | &#9;at tetris.logic.GameState.drop(GameState.scala:124)               &#10;     | &#9;at tetris.logic.GameState.drop(GameState.scala:124)               &#10;     | &#9;at tetris.logic.GameState.drop(GameState.scala:124)               &#10;     | &#9;at tetris.logic.GameState.drop(GameState.scala:124)               &#10;     | &#9;at tetris.logic.GameState.drop(GameState.scala:124)               &#10;     | &#9;at tetris.logic.GameState.drop(GameState.scala:124)               &#10;     | &#9;at tetris.logic.GameState.drop(GameState.scala:124)               &#10;     | &#9;at tetris.logic.GameState.drop(GameState.scala:124)               &#10;     | &#9;at tetris.logic.GameState.drop(GameState.scala:124)               &#10;     | &#9;at tetris.logic.GameState.drop(GameState.scala:124)               &#10;     | &#9;at tetris.logic.GameState.drop(GameState.scala:124)               &#10;     | &#9;at tetris.logic.GameState.drop(GameState.scala:124)               &#10;     | &#9;at tetris.logic.GameState.drop(GameState.scala:124)               &#10;     | &#9;at tetris.logic.GameState.drop(GameState.scala:124)               &#10;     | &#9;at tetris.logic.GameState.drop(GameState.scala:124)               &#10;     | &#9;at tetris.logic.GameState.drop(GameState.scala:124)               &#10;     | &#9;at tetris.logic.GameState.drop(GameState.scala:124)               &#10;     | &#9;at tetris.logic.GameState.drop(GameState.scala:124)               &#10;     | &#9;at tetris.logic.GameState.drop(GameState.scala:124)               &#10;     | &#9;at tetris.logic.GameState.drop(GameState.scala:124)               &#10;     | &#9;at tetris.logic.GameState.drop(GameState.scala:124)               &#10;     | &#9;at tetris.logic.GameState.drop(GameState.scala:124)               &#10;     | &#9;at tetris.logic.GameState.drop(GameState.scala:124)               &#10;     | &#9;at tetris.logic.GameState.drop(GameState.scala:124)               &#10;     | &#9;at tetris.logic.GameState.drop(GameState.scala:124)               &#10;     | &#9;at tetris.logic.GameState.drop(GameState.scala:124)               &#10;     | &#9;at tetris.logic.GameState.drop(GameState.scala:124)               &#10;     | &#9;at tetris.logic.GameState.drop(GameState.scala:124)               &#10;     | &#9;at tetris.logic.GameState.drop(GameState.scala:124)               &#10;     | &#9;at tetris.logic.GameState.drop(GameState.scala:124)               &#10;     | &#9;at tetris.logic.GameState.drop(GameState.scala:124)               &#10;     | &#9;at tetris.logic.GameState.drop(GameState.scala:124)               &#10;     | &#9;at tetris.logic.GameState.drop(GameState.scala:124)               &#10;     | &#9;at tetris.logic.GameState.drop(GameState.scala:124)               &#10;     | &#9;at tetris.logic.GameState.drop(GameState.scala:124)               &#10;     | &#9;at tetris.logic.GameState.drop(GameState.scala:124)               &#10;     | &#9;at tetris.logic.GameState.drop(GameState.scala:124)               &#10;     | &#9;at tetris.logic.GameState.drop(GameState.scala:124)               &#10;     | &#9;at tetris.logic.GameState.drop(GameState.scala:124)               &#10;     | &#9;at tetris.logic.GameState.drop(GameState.scala:124)               &#10;     | &#9;at tetris.logic.GameState.drop(GameState.scala:124)               &#10;     | &#9;at tetris.logic.GameState.drop(GameState.scala:124)               &#10;     | &#9;at tetris.logic.GameState.drop(GameState.scala:124)               &#10;     | &#9;at tetris.logic.GameState.drop(GameState.scala:124)               &#10;     | &#9;at tetris.logic.GameState.drop(GameState.scala:124)               &#10;     | &#9;at tetris.logic.GameState.drop(GameState.scala:124)               &#10;     | &#9;at tetris.logic.GameState.drop(GameState.scala:124)               &#10;     | &#9;at tetris.logic.GameState.drop(GameState.scala:124)               &#10;     | &#9;at tetris.logic.GameState.drop(GameState.scala:124)               &#10;     | &#9;at tetris.logic.GameState.drop(GameState.scala:124)               &#10;     | &#9;at tetris.logic.GameState.drop(GameState.scala:124)               &#10;     | &#9;at tetris.logic.GameState.drop(GameState.scala:124)               &#10;     | &#9;at tetris.lo
[...]
newPiece
not at end, dropping more
newPiece
not at end, dropping more
newPiece
not at end, dropping more
newPiece
not at end, dropping more
newPiece
not at end, dropping more
newPiece
not at end, dropping more
newPiece
not at end, dropping more
newPiece
not at end, dropping more
newPiece
not at end, dropping more
newPiece
not at end, dropping more
newPiece
not at end, dropping more
newPiece
not at end, dropping more
newPiece
not at end, dropping more
newPiece
not at end, dropping more
newPiece
not at end, dropping more
newPiece
not at end, dropping more
newPiece
not at end, dropping more
newPiece
not at end, dropping more
newPiece
not at end, dropping more
newPiece
not at end, dropping more
newPiece
not at end, dropping more
newPiece
not at end, dropping more
newPiece
not at end, dropping more
newPiece
not at end, dropping more
newPiece
not at end, dropping more
newPiece
not at end, dropping more
newPiece
not at end, dropping more
newPiece
not at end, dropping more
newPiece
not at end, dropping more
newPiece
not at end, dropping more
newPiece
not at end, dropping more
newPiece
not at end, dropping more
newPiece
not at end, dropping more
newPiece
not at end, dropping more
newPiece
not at end, dropping more
newPiece
not at end, dropping more
newPiece
not at end, dropping more
newPiece
not at end, dropping more
newPiece
not at end, dropping more
newPiece
not at end, dropping more
newPiece
not at end, dropping more
newPiece
not at end, dropping more
newPiece
not at end, dropping more
newPiece
not at end, dropping more
newPiece
not at end, dropping more
newPiece
not at end, dropping more
newPiece
not at end, dropping more
newPiece
not at end, dropping more
newPiece
not at end, dropping more
newPiece
not at end, dropping more
newPiece
not at end, dropping more
newPiece
not at end, dropping more
newPiece
not at end, dropping more
newPiece
not at end, dropping more
newPiece
not at end, dropping more
newPiece
not at end, dropping more
newPiece
not at end, dropping more
newPiece
not at end, dropping more
newPiece
not at end, dropping more
newPiece
not at end, dropping more
newPiece
not at end, dropping more
newPiece
not at end, dropping more
newPiece
not at end, dropping more
newPiece
not at end, dropping more
newPiece
not at end, dropping more
newPiece
not at end, dropping more
newPiece
not at end, dropping more
newPiece
not at end, dropping more
newPiece
not at end, dropping more
newPiece
not at end, dropping more
newPiece
not at end, dropping more
newPiece
not at end, dropping more
newPiece
not at end, dropping more
newPiece
not at end, dropping more
newPiece
not at end, dropping more
newPiece
not at end, dropping more
newPiece
not at end, dropping more
newPiece
not at end, dropping more
newPiece
not at end, dropping more
newPiece
not at end, dropping more
newPiece
not at end, dropping more
newPiece
not at end, dropping more
newPiece
not at end, dropping more
newPiece
not at end, dropping more
newPiece
not at end, dropping more
newPiece
not at end, dropping more
newPiece
not at end, dropping more
newPiece
not at end, dropping more
newPiece
not at end, dropping more
newPiece
not at end, dropping more
newPiece
not at end, dropping more
newPiece
not at end, dropping more
newPiece
not at end, dropping more
newPiece
not at end, dropping more
newPiece
not at end, dropping more
newPiece
not at end, dropping more
newPiece
not at end, dropping more
newPiece
not at end, dropping more
newPiece
not at end, dropping more
newPiece
not at end, dropping more
newPiece
not at end, dropping more
newPiece
not at end, dropping more
newPiece
not at end, dropping more
newPiece
not at end, dropping more
newPiece
not at end, dropping more
newPiece
not at end, dropping more
newPiece
not at end, dropping more
newPiece
not at end, dropping more
newPiece
not at end, dropping more
newPiece
not at end, dropping more
newPiece
not at end, dropping more
newPiece
not at end, dropping more
newPiece
not at end, dropping more
newPiece
not at end, dropping more
newPiece
not at end, dropping more
newPiece
not at end, dropping more
newPiece
not at end, dropping more
newPiece
not at end, dropping more
newPiece
not at end, dropping more
newPiece
not at end, dropping more
newPiece
not at end, dropping more
newPiece
not at end, dropping more
newPiece
not at end, dropping more
newPiece
not at end, dropping more
newPiece
not at end, dropping more
newPiece
not at end, dropping more
newPiece
not at end, dropping more
newPiece
not at end, dropping more
newPiece
not at end, dropping more
newPiece
not at end, dropping more
newPiece
not at end, dropping more
newPiece
not at end, dropping more
newPiece
not at end, dropping more
newPiece
not at end, dropping more
newPiece
not at end, dropping more
newPiece
not at end, dropping more
newPiece
not at end, dropping more
newPiece
not at end, dropping more
newPiece
not at end, dropping more
newPiece
not at end, dropping more
newPiece
not at end, dropping more
newPiece
not at end, dropping more
newPiece
not at end, dropping more
newPiece
not at end, dropping more
newPiece
not at end, dropping more
newPiece
not at end, dropping more
newPiece
not at end, dropping more
newPiece
not at end, dropping more
newPiece
not at end, dropping more
newPiece
not at end, dropping more
newPiece
not at end, dropping more
newPiece
not at end, dropping more
newPiece
not at end, dropping more
newPiece
not at end, dropping more
newPiece
not at end, dropping more
newPiece
not at end, dropping more
newPiece
not at end, dropping more
newPiece
not at end, dropping more
newPiece
not at end, dropping more
newPiece
not at end, dropping more
newPiece
not at end, dropping more
newPiece
not at end, dropping more
newPiece
not at end, dropping more
newPiece
not at end, dropping more
newPiece
not at end, dropping more
newPiece
not at end, dropping more
newPiece
not at end, dropping more
newPiece
not at end, dropping more
newPiece
not at end, dropping more
newPiece
not at end, dropping more
newPiece
not at end, dropping more
newPiece
not at end, dropping more
newPiece
not at end, dropping more
newPiece
not at end, dropping more
newPiece
not at end, dropping more
newPiece
not at end, dropping more
newPiece
not at end, dropping more
newPiece
not at end, dropping more
newPiece
not at end, dropping more
newPiece
not at end, dropping more
newPiece
not at end, dropping more
newPiece
not at end, dropping more
newPiece
not at end, dropping more
newPiece
not at end, dropping more
newPiece
not at end, dropping more
newPiece
not at end, dropping more
newPiece
not at end, dropping more
newPiece
not at end, dropping more
newPiece
not at end, dropping more
newPiece
not at end, dropping more
newPiece
not at end, dropping more
newPiece
not at end, dropping more
newPiece
not at end, dropping more
newPiece
not at end, dropping more
newPiece
not at end, dropping more
newPiece
not at end, dropping more
newPiece
not at end, dropping more
newPiece
not at end, dropping more
newPiece
not at end, dropping more
newPiece
not at end, dropping more
newPiece
not at end, dropping more
newPiece
not at end, dropping more
newPiece
not at end, dropping more
newPiece
not at end, dropping more
newPiece
not at end, dropping more
newPiece
not at end, dropping more
newPiece
not at end, dropping more
newPiece
not at end, dropping more
newPiece
not at end, dropping more
newPiece
not at end, dropping more
newPiece
not at end, dropping more
newPiece
not at end, dropping more
newPiece
not at end, dropping more
newPiece
not at end, dropping more
newPiece
not at end, dropping more
newPiece
not at end, dropping more
newPiece
not at end, dropping more
newPiece
not at end, dropping more
newPiece
not at end, dropping more
newPiece
not at end, dropping more
newPiece
not at end, dropping more
newPiece
not at end, dropping more
newPiece
not at end, dropping more
newPiece
not at end, dropping more
newPiece
not at end, dropping more
newPiece
not at end, dropping more
newPiece
not at end, dropping more
newPiece
not at end, dropping more
newPiece
not at end, dropping more
newPiece
not at end, dropping more
newPiece
not at end, dropping more
newPiece
not at end, dropping more
newPiece
not at end, dropping more
newPiece
not at end, dropping more
newPiece
not at end, dropping more
newPiece
not at end, dropping more
newPiece
not at end, dropping more
newPiece
not at end, dropping more
newPiece
not at end, dropping more
newPiece
not at end, dropping more
newPiece
not at end, dropping more
newPiece
not at end, dropping more
newPiece
not at end, dropping more
newPiece
not at end, dropping more
newPiece
not at end, dropping more
newPiece
not at end, dropping more
newPiece
not at end, dropping more
newPiece
not at end, dropping more
newPiece
not at end, dropping more
newPiece
not at end, dropping more
newPiece
not at end, dropping more
newPiece
not at end, dropping more
newPiece
not at end, dropping more
newPiece
not at end, dropping more
newPiece
not at end, dropping more
newPiece
not at end, dropping more
newPiece
not at end, dropping more
newPiece
not at end, dropping more
newPiece
not at end, dropping more
newPiece
not at end, dropping more
newPiece
not at end, dropping more
newPiece
not at end, dropping more
newPiece
not at end, dropping more
newPiece
not at end, dropping more
newPiece
not at end, dropping more
newPiece
not at end, dropping more
newPiece
not at end, dropping more
newPiece
not at end, dropping more
newPiece
not at end, dropping more
newPiece
not at end, dropping more
newPiece
not at end, dropping more
newPiece
not at end, dropping more
newPiece
not at end, dropping more
newPiece
not at end, dropping more
newPiece
not at end, dropping more
newPiece
not at end, dropping more
newPiece
not at end, dropping more
newPiece
not at end, dropping more
newPiece
not at end, dropping more
newPiece
not at end, dropping more
newPiece
not at end, dropping more
newPiece
not at end, dropping more
newPiece
not at end, dropping more
newPiece
not at end, dropping more
newPiece
not at end, dropping more
newPiece
not at end, dropping more
newPiece
not at end, dropping more
newPiece
not at end, dropping more
newPiece
not at end, dropping more
newPiece
not at end, dropping more
newPiece
not at end, dropping more
newPiece
not at end, dropping more
newPiece
not at end, dropping more
newPiece
not at end, dropping more
newPiece
not at end, dropping more
newPiece
not at end, dropping more
newPiece
not at end, dropping more
newPiece
not at end, dropping more
newPiece
not at end, dropping more
newPiece
not at end, dropping more
newPiece
not at end, dropping more
newPiece
not at end, dropping more
newPiece
not at end, dropping more
newPiece
not at end, dropping more
newPiece
not at end, dropping more
newPiece
not at end, dropping more
newPiece
not at end, dropping more
newPiece
not at end, dropping more
newPiece
not at end, dropping more
newPiece
not at end, dropping more
newPiece
not at end, dropping more
newPiece
not at end, dropping more
newPiece
not at end, dropping more
newPiece
not at end, dropping more
newPiece
not at end, dropping more
newPiece
not at end, dropping more
newPiece
not at end, dropping more
newPiece
not at end, dropping more
newPiece
not at end, dropping more
newPiece
not at end, dropping more
newPiece
not at end, dropping more
newPiece
not at end, dropping more
newPiece
not at end, dropping more
newPiece
not at end, dropping more
newPiece
not at end, dropping more
newPiece
not at end, dropping more
newPiece
not at end, dropping more
newPiece
not at end, dropping more
newPiece
not at end, dropping more
newPiece
not at end, dropping more
newPiece
not at end, dropping more
newPiece
not at end, dropping more
newPiece
not at end, dropping more
newPiece
not at end, dropping more
newPiece
not at end, dropping more
newPiece
not at end, dropping more
newPiece
not at end, dropping more
newPiece
not at end, dropping more
newPiece
not at end, dropping more
newPiece
not at end, dropping more
newPiece
not at end, dropping more
newPiece
not at end, dropping more
newPiece
not at end, dropping more
newPiece
not at end, dropping more
newPiece
not at end, dropping more
newPiece
not at end, dropping more
newPiece
not at end, dropping more
newPiece
not at end, dropping more
newPiece
not at end, dropping more
newPiece
not at end, dropping more
newPiece
not at end, dropping more
newPiece
not at end, dropping more
newPiece
not at end, dropping more
newPiece
not at end, dropping more
newPiece
not at end, dropping more
newPiece
not at end, dropping more
newPiece
not at end, dropping more
newPiece
not at end, dropping more
newPiece
not at end, dropping more
newPiece
not at end, dropping more
newPiece
not at end, dropping more
newPiece
not at end, dropping more
newPiece
not at end, dropping more
newPiece
not at end, dropping more
newPiece
not at end, dropping more
newPiece
not at end, dropping more
newPiece
not at end, dropping more
newPiece
not at end, dropping more
newPiece
not at end, dropping more
newPiece
not at end, dropping more
newPiece
not at end, dropping more
newPiece
not at end, dropping more
newPiece
not at end, dropping more
newPiece
not at end, dropping more
newPiece
not at end, dropping more
newPiece
not at end, dropping more
newPiece
not at end, dropping more
newPiece
not at end, dropping more
newPiece
not at end, dropping more
newPiece
not at end, dropping more
newPiece
not at end, dropping more
newPiece
not at end, dropping more
newPiece
not at end, dropping more
newPiece
not at end, dropping more
newPiece
not at end, dropping more
newPiece
not at end, dropping more
newPiece
not at end, dropping more
newPiece
not at end, dropping more
newPiece
not at end, dropping more
newPiece
not at end, dropping more
newPiece
not at end, dropping more
newPiece
not at end, dropping more
newPiece
not at end, dropping more
newPiece
not at end, dropping more
newPiece
not at end, dropping more
newPiece
not at end, dropping more
newPiece
not at end, dropping more
newPiece
not at end, dropping more
newPiece
not at end, dropping more
newPiece
not at end, dropping more
newPiece
not at end, dropping more
newPiece
not at end, dropping more
newPiece
not at end, dropping more
newPiece
not at end, dropping more
newPiece
not at end, dropping more
newPiece
not at end, dropping more
newPiece
not at end, dropping more
newPiece
not at end, dropping more
newPiece
not at end, dropping more
newPiece
not at end, dropping more
newPiece
not at end, dropping more
newPiece
not at end, dropping more
newPiece
not at end, dropping more
newPiece
not at end, dropping more
newPiece
not at end, dropping more
newPiece
not at end, dropping more
newPiece
not at end, dropping more
newPiece
not at end, dropping more
newPiece
not at end, dropping more
newPiece
not at end, dropping more
newPiece
not at end, dropping more
newPiece
not at end, dropping more
newPiece
not at end, dropping more
newPiece
not at end, dropping more
newPiece
not at end, dropping more
newPiece
not at end, dropping more
newPiece
not at end, dropping more
newPiece
not at end, dropping more
newPiece
not at end, dropping more
newPiece
not at end, dropping more
newPiece
not at end, dropping more
newPiece
not at end, dropping more
newPiece
not at end, dropping more
newPiece
not at end, dropping more
newPiece
not at end, dropping more
newPiece
not at end, dropping more
newPiece
not at end, dropping more
newPiece
not at end, dropping more
newPiece
not at end, dropping more
newPiece
not at end, dropping more
newPiece
not at end, dropping more
newPiece
not at end, dropping more
newPiece
not at end, dropping more
newPiece
not at end, dropping more
newPiece
not at end, dropping more
newPiece
not at end, dropping more
newPiece
not at end, dropping more
newPiece
not at end, dropping more
newPiece
not at end, dropping more
newPiece
not at end, dropping more
newPiece
not at end, dropping more
newPiece
not at end, dropping more
newPiece
not at end, dropping more
newPiece
not at end, dropping more
newPiece
not at end, dropping more
newPiece
not at end, dropping more
newPiece
not at end, dropping more
newPiece
not at end, dropping more
newPiece
not at end, dropping more
newPiece
not at end, dropping more
newPiece
not at end, dropping more
newPiece
not at end, dropping more
newPiece
not at end, dropping more
newPiece
not at end, dropping more
newPiece
not at end, dropping more
newPiece
not at end, dropping more
newPiece
not at end, dropping more
newPiece
not at end, dropping more
newPiece
not at end, dropping more
newPiece
not at end, dropping more
newPiece
not at end, dropping more
newPiece
not at end, dropping more
newPiece
not at end, dropping more
newPiece
not at end, dropping more
newPiece
not at end, dropping more
newPiece
not at end, dropping more
newPiece
not at end, dropping more
newPiece
not at end, dropping more
newPiece
not at end, dropping more
newPiece
not at end, dropping more
newPiece
not at end, dropping more
newPiece
not at end, dropping more
newPiece
not at end, dropping more
newPiece
not at end, dropping more
newPiece
not at end, dropping more
newPiece
not at end, dropping more
newPiece
not at end, dropping more
newPiece
not at end, dropping more
newPiece
not at end, dropping more
newPiece
not at end, dropping more
newPiece
not at end, dropping more
newPiece
not at end, dropping more
newPiece
not at end, dropping more
newPiece
not at end, dropping more
newPiece
not at end, dropping more
newPiece
not at end, dropping more
newPiece
not at end, dropping more
newPiece
not at end, dropping more
newPiece
not at end, dropping more
newPiece
not at end, dropping more
newPiece
not at end, dropping more
newPiece
not at end, dropping more
newPiece
not at end, dropping more
newPiece
not at end, dropping more
newPiece
not at end, dropping more
newPiece
not at end, dropping more
newPiece
not at end, dropping more
newPiece
not at end, dropping more
newPiece
not at end, dropping more
newPiece
not at end, dropping more
newPiece
not at end, dropping more
newPiece
not at end, dropping more
newPiece
not at end, dropping more
newPiece
not at end, dropping more
newPiece
not at end, dropping more
newPiece
not at end, dropping more
newPiece
not at end, dropping more
newPiece
not at end, dropping more
newPiece
not at end, dropping more
newPiece
not at end, dropping more
newPiece
not at end, dropping more
newPiece
not at end, dropping more
newPiece
not at end, dropping more
newPiece
not at end, dropping more
newPiece
not at end, dropping more
newPiece
not at end, dropping more
newPiece
not at end, dropping more
newPiece
not at end, dropping more
newPiece
not at end, dropping more
newPiece
not at end, dropping more
newPiece
not at end, dropping more
newPiece
not at end, dropping more
newPiece
not at end, dropping more
newPiece
not at end, dropping more
newPiece
not at end, dropping more
newPiece
not at end, dropping more
newPiece
not at end, dropping more
newPiece
not at end, dropping more
newPiece
not at end, dropping more
newPiece
not at end, dropping more
newPiece
not at end, dropping more
newPiece
not at end, dropping more
newPiece
not at end, dropping more
newPiece
not at end, dropping more
newPiece
not at end, dropping more
newPiece
not at end, dropping more
newPiece
not at end, dropping more
newPiece
not at end, dropping more
newPiece
not at end, dropping more
newPiece
not at end, dropping more
newPiece
not at end, dropping more
newPiece
not at end, dropping more
newPiece
not at end, dropping more
newPiece
not at end, dropping more
newPiece
not at end, dropping more
newPiece
not at end, dropping more
newPiece
not at end, dropping more
newPiece
not at end, dropping more
newPiece
not at end, dropping more
newPiece
not at end, dropping more
newPiece
not at end, dropping more
newPiece
not at end, dropping more
newPiece
not at end, dropping more
newPiece
not at end, dropping more
newPiece
not at end, dropping more
newPiece
not at end, dropping more
newPiece
not at end, dropping more
newPiece
not at end, dropping more
newPiece
not at end, dropping more
newPiece
]]></system-out>
  <system-err><![CDATA[]]></system-err>
</testsuite>
