<?xml version="1.0" encoding="UTF-8"?>
<testsuite name="tetris.ClearLinesTests" tests="5" skipped="0" failures="0" errors="0" timestamp="2024-10-03T12:32:25" hostname="thinkpad" time="0.03">
  <properties/>
  <testcase name="testClear1Line" classname="tetris.ClearLinesTests" time="0.003"/>
  <testcase name="testClear1LineMiddle" classname="tetris.ClearLinesTests" time="0.008"/>
  <testcase name="testClear2Lines" classname="tetris.ClearLinesTests" time="0.005"/>
  <testcase name="testClear3Lines" classname="tetris.ClearLinesTests" time="0.005"/>
  <testcase name="testClear4Lines" classname="tetris.ClearLinesTests" time="0.006"/>
  <system-out><![CDATA[]]></system-out>
  <system-err><![CDATA[]]></system-err>
</testsuite>
