<?xml version="1.0" encoding="UTF-8"?>
<testsuite name="tetris.PlacementTests" tests="9" skipped="0" failures="0" errors="0" timestamp="2024-10-01T00:22:04" hostname="thinkpad" time="0.135">
  <properties/>
  <testcase name="testPlacementI" classname="tetris.PlacementTests" time="0.104"/>
  <testcase name="testPlacementIEven" classname="tetris.PlacementTests" time="0.003"/>
  <testcase name="testPlacementJ" classname="tetris.PlacementTests" time="0.004"/>
  <testcase name="testPlacementL" classname="tetris.PlacementTests" time="0.005"/>
  <testcase name="testPlacementO" classname="tetris.PlacementTests" time="0.006"/>
  <testcase name="testPlacementOEven" classname="tetris.PlacementTests" time="0.002"/>
  <testcase name="testPlacementS" classname="tetris.PlacementTests" time="0.002"/>
  <testcase name="testPlacementT" classname="tetris.PlacementTests" time="0.001"/>
  <testcase name="testPlacementZ" classname="tetris.PlacementTests" time="0.001"/>
  <system-out><![CDATA[]]></system-out>
  <system-err><![CDATA[]]></system-err>
</testsuite>
