<!DOCTYPE html>
<html>
<head>
<meta http-equiv="Content-Type" content="text/html; charset=utf-8"/>
<meta http-equiv="x-ua-compatible" content="IE=edge"/>
<title>Test results - Class tetris.FullGameTests</title>
<link href="../css/base-style.css" rel="stylesheet" type="text/css"/>
<link href="../css/style.css" rel="stylesheet" type="text/css"/>
<script src="../js/report.js" type="text/javascript"></script>
</head>
<body>
<div id="content">
<h1>Class tetris.FullGameTests</h1>
<div class="breadcrumbs">
<a href="../index.html">all</a> &gt; 
<a href="../packages/tetris.html">tetris</a> &gt; FullGameTests</div>
<div id="summary">
<table>
<tr>
<td>
<div class="summaryGroup">
<table>
<tr>
<td>
<div class="infoBox" id="tests">
<div class="counter">5</div>
<p>tests</p>
</div>
</td>
<td>
<div class="infoBox" id="failures">
<div class="counter">5</div>
<p>failures</p>
</div>
</td>
<td>
<div class="infoBox" id="ignored">
<div class="counter">0</div>
<p>ignored</p>
</div>
</td>
<td>
<div class="infoBox" id="duration">
<div class="counter">0.042s</div>
<p>duration</p>
</div>
</td>
</tr>
</table>
</div>
</td>
<td>
<div class="infoBox failures" id="successRate">
<div class="percent">0%</div>
<p>successful</p>
</div>
</td>
</tr>
</table>
</div>
<div id="tabs">
<ul class="tabLinks">
<li>
<a href="#tab0">Failed tests</a>
</li>
<li>
<a href="#tab1">Tests</a>
</li>
<li>
<a href="#tab2">Standard output</a>
</li>
</ul>
<div id="tab0" class="tab">
<h2>Failed tests</h2>
<div class="test">
<a name="testGame5x9"></a>
<h3 class="failures">testGame5x9</h3>
<span class="code">
<pre>org.scalatest.exceptions.TestFailedException: didPass was false
--------------------------------------------------------------------------------
This is what went wrong:

step=0, rand=0, actions=&lt;&gt;
Want  | Got âœ—                                                                                                                                    
-------------------------------------------------------------------------------------------------------------------------------------------------
..... | LogicFailed(java.util.NoSuchElementException: key not found: (0,5)                                                                       
.IIII | 	at scala.collection.immutable.BitmapIndexedMapNode.apply(HashMap.scala:674)                                                             
..... | 	at scala.collection.immutable.HashMap.apply(HashMap.scala:132)                                                                          
..... | 	at tetris.logic.TetrisLogic.getCellType(TetrisLogic.scala:49)                                                                           
..... | 	at tetris.TetrisLogicWrapper.getCell(TetrisTestSuiteBase.scala:48)                                                                      
..... | 	at tetris.TetrisLogicWrapper.getCell(TetrisTestSuiteBase.scala:34)                                                                      
..... | 	at generic.GameTestSuite.$anonfun$getDisplay$2(GameTestSuite.scala:138)                                                                 
..... | 	at generic.GameTestSuite.$anonfun$getDisplay$2$adapted(GameTestSuite.scala:137)                                                         
..... | 	at scala.collection.immutable.Range.map(Range.scala:59)                                                                                 
      | 	at generic.GameTestSuite.$anonfun$getDisplay$1(GameTestSuite.scala:137)                                                                 
      | 	at generic.GameTestSuite.$anonfun$getDisplay$1$adapted(GameTestSuite.scala:136)                                                         
      | 	at scala.collection.immutable.Range.map(Range.scala:59)                                                                                 
      | 	at generic.GameTestSuite.getGridDisplay$1(GameTestSuite.scala:136)                                                                      
      | 	at generic.GameTestSuite.getDisplay(GameTestSuite.scala:143)                                                                            
      | 	at generic.GameTestSuite$TestRecording.$anonfun$implementationDisplays$1(GameTestSuite.scala:190)                                       
      | 	at generic.GameTestSuite$TestRecording.catchLogicError$1(GameTestSuite.scala:182)                                                       
      | 	at generic.GameTestSuite$TestRecording.liftedTree1$1(GameTestSuite.scala:190)                                                           
      | 	at generic.GameTestSuite$TestRecording.implementationDisplays$lzycompute(GameTestSuite.scala:187)                                       
      | 	at generic.GameTestSuite$TestRecording.implementationDisplays(GameTestSuite.scala:178)                                                  
      | 	at generic.GameTestSuite$TestRecording.passes$lzycompute(GameTestSuite.scala:208)                                                       
      | 	at generic.GameTestSuite$TestRecording.passes(GameTestSuite.scala:207)                                                                  
      | 	at generic.GameTestSuite.checkGame(GameTestSuite.scala:290)                                                                             
      | 	at tetris.TetrisTestSuiteBase.checkGame(TetrisTestSuiteBase.scala:103)                                                                  
      | 	at tetris.FullGameTests.$anonfun$new$1(FullGameTests.scala:5740)                                                                        
      | 	at scala.runtime.java8.JFunction0$mcV$sp.apply(JFunction0$mcV$sp.scala:18)                                                              
      | 	at infrastructure.TestBase.$anonfun$test$1(TestBase.scala:36)                                                                           
      | 	at org.scalatest.OutcomeOf.outcomeOf(OutcomeOf.scala:85)                                                                                
      | 	at org.scalatest.OutcomeOf.outcomeOf$(OutcomeOf.scala:83)                                                                               
      | 	at org.scalatest.OutcomeOf$.outcomeOf(OutcomeOf.scala:104)                                                                              
      | 	at org.scalatest.Transformer.apply(Transformer.scala:22)                                                                                
      | 	at org.scalatest.Transformer.apply(Transformer.scala:20)                                                                                
      | 	at org.scalatest.FunSuiteLike$$anon$1.apply(FunSuiteLike.scala:186)                                                                     
      | 	at org.scalatest.TestSuite.withFixture(TestSuite.scala:196)                                                                             
      | 	at org.scalatest.TestSuite.withFixture$(TestSuite.scala:195)                                                                            
      | 	at infrastructure.TestBase.org$scalatest$concurrent$TimeLimitedTests$$super$withFixture(TestBase.scala:9)                               
      | 	at org.scalatest.concurrent.TimeLimitedTests.$anonfun$withFixture$3(TimeLimitedTests.scala:154)                                         
      | 	at org.scalatest.enablers.Timed$$anon$1.timeoutAfter(Timed.scala:127)                                                                   
      | 	at org.scalatest.concurrent.TimeLimits.failAfterImpl(TimeLimits.scala:239)                                                              
      | 	at org.scalatest.concurrent.TimeLimits.failAfterImpl$(TimeLimits.scala:233)                                                             
      | 	at org.scalatest.concurrent.TimeLimits$.failAfterImpl(TimeLimits.scala:305)                                                             
      | 	at org.scalatest.concurrent.TimeLimitedTests.withFixture(TimeLimitedTests.scala:153)                                                    
      | 	at org.scalatest.concurrent.TimeLimitedTests.withFixture$(TimeLimitedTests.scala:150)                                                   
      | 	at infrastructure.TestBase.withFixture(TestBase.scala:9)                                                                                
      | 	at org.scalatest.FunSuiteLike.invokeWithFixture$1(FunSuiteLike.scala:184)                                                               
      | 	at org.scalatest.FunSuiteLike.$anonfun$runTest$1(FunSuiteLike.scala:196)                                                                
      | 	at org.scalatest.SuperEngine.runTestImpl(Engine.scala:286)                                                                              
      | 	at org.scalatest.FunSuiteLike.runTest(FunSuiteLike.scala:196)                                                                           
      | 	at org.scalatest.FunSuiteLike.runTest$(FunSuiteLike.scala:178)                                                                          
      | 	at org.scalatest.FunSuite.runTest(FunSuite.scala:1560)                                                                                  
      | 	at org.scalatest.FunSuiteLike.$anonfun$runTests$1(FunSuiteLike.scala:229)                                                               
      | 	at org.scalatest.SuperEngine.$anonfun$runTestsInBranch$1(Engine.scala:393)                                                              
      | 	at scala.collection.immutable.List.foreach(List.scala:334)                                                                              
      | 	at org.scalatest.SuperEngine.traverseSubNodes$1(Engine.scala:381)                                                                       
      | 	at org.scalatest.SuperEngine.runTestsInBranch(Engine.scala:376)                                                                         
      | 	at org.scalatest.SuperEngine.runTestsImpl(Engine.scala:458)                                                                             
      | 	at org.scalatest.FunSuiteLike.runTests(FunSuiteLike.scala:229)                                                                          
      | 	at org.scalatest.FunSuiteLike.runTests$(FunSuiteLike.scala:228)                                                                         
      | 	at org.scalatest.FunSuite.runTests(FunSuite.scala:1560)                                                                                 
      | 	at org.scalatest.Suite.run(Suite.scala:1124)                                                                                            
      | 	at org.scalatest.Suite.run$(Suite.scala:1106)                                                                                           
      | 	at org.scalatest.FunSuite.org$scalatest$FunSuiteLike$$super$run(FunSuite.scala:1560)                                                    
      | 	at org.scalatest.FunSuiteLike.$anonfun$run$1(FunSuiteLike.scala:233)                                                                    
      | 	at org.scalatest.SuperEngine.runImpl(Engine.scala:518)                                                                                  
      | 	at org.scalatest.FunSuiteLike.run(FunSuiteLike.scala:233)                                                                               
      | 	at org.scalatest.FunSuiteLike.run$(FunSuiteLike.scala:232)                                                                              
      | 	at infrastructure.TestBase.run(TestBase.scala:26)                                                                                       
      | 	at org.scalatest.Suite.callExecuteOnSuite$1(Suite.scala:1187)                                                                           
      | 	at org.scalatest.Suite.$anonfun$runNestedSuites$1(Suite.scala:1234)                                                                     
      | 	at scala.collection.ArrayOps$.foreach$extension(ArrayOps.scala:1323)                                                                    
      | 	at org.scalatest.Suite.runNestedSuites(Suite.scala:1232)                                                                                
      | 	at org.scalatest.Suite.runNestedSuites$(Suite.scala:1166)                                                                               
      | 	at org.scalatest.Suites.runNestedSuites(Suites.scala:56)                                                                                
      | 	at org.scalatest.Suite.run(Suite.scala:1121)                                                                                            
      | 	at org.scalatest.Suite.run$(Suite.scala:1106)                                                                                           
      | 	at tetris.TetrisTestSuitesBase.runDirect(TetrisTestSuitesBase.scala:20)                                                                 
      | 	at tetris.TetrisTestSuitesBase.runWithScoreCounter(TetrisTestSuitesBase.scala:14)                                                       
      | 	at tetris.TetrisTestSuite3_2.run(TetrisTestSuite3_2.scala:25)                                                                           
      | 	at org.scalatestplus.junit.JUnitRunner.run(JUnitRunner.scala:99)                                                                        
      | 	at org.gradle.api.internal.tasks.testing.junit.JUnitTestClassExecutor.runTestClass(JUnitTestClassExecutor.java:112)                     
      | 	at org.gradle.api.internal.tasks.testing.junit.JUnitTestClassExecutor.execute(JUnitTestClassExecutor.java:58)                           
      | 	at org.gradle.api.internal.tasks.testing.junit.JUnitTestClassExecutor.execute(JUnitTestClassExecutor.java:40)                           
      | 	at org.gradle.api.internal.tasks.testing.junit.AbstractJUnitTestClassProcessor.processTestClass(AbstractJUnitTestClassProcessor.java:54)
      | 	at org.gradle.api.internal.tasks.testing.SuiteTestClassProcessor.processTestClass(SuiteTestClassProcessor.java:53)                      
      | 	at java.base/jdk.internal.reflect.NativeMethodAccessorImpl.invoke0(Native Method)                                                       
      | 	at java.base/jdk.internal.reflect.NativeMethodAccessorImpl.invoke(NativeMethodAccessorImpl.java:62)                                     
      | 	at java.base/jdk.internal.reflect.DelegatingMethodAccessorImpl.invoke(DelegatingMethodAccessorImpl.java:43)                             
      | 	at java.base/java.lang.reflect.Method.invoke(Method.java:566)                                                                           
      | 	at org.gradle.internal.dispatch.ReflectionDispatch.dispatch(ReflectionDispatch.java:36)                                                 
      | 	at org.gradle.internal.dispatch.ReflectionDispatch.dispatch(ReflectionDispatch.java:24)                                                 
      | 	at org.gradle.internal.dispatch.ContextClassLoaderDispatch.dispatch(ContextClassLoaderDispatch.java:33)                                 
      | 	at org.gradle.internal.dispatch.ProxyDispatchAdapter$DispatchingInvocationHandler.invoke(ProxyDispatchAdapter.java:92)                  
      | 	at com.sun.proxy.$Proxy4.processTestClass(Unknown Source)                                                                               
      | 	at org.gradle.api.internal.tasks.testing.worker.TestWorker$2.run(TestWorker.java:183)                                                   
      | 	at org.gradle.api.internal.tasks.testing.worker.TestWorker.executeAndMaintainThreadName(TestWorker.java:132)                            
      | 	at org.gradle.api.internal.tasks.testing.worker.TestWorker.execute(TestWorker.java:103)                                                 
      | 	at org.gradle.api.internal.tasks.testing.worker.TestWorker.execute(TestWorker.java:63)                                                  
      | 	at org.gradle.process.internal.worker.child.ActionExecutionWorker.execute(ActionExecutionWorker.java:56)                                
      | 	at org.gradle.process.internal.worker.child.SystemApplicationClassLoaderWorker.call(SystemApplicationClassLoaderWorker.java:121)        
      | 	at org.gradle.process.internal.worker.child.SystemApplicationClassLoaderWorker.call(SystemApplicationClassLoaderWorker.java:71)         
      | 	at worker.org.gradle.process.internal.worker.GradleWorkerMain.run(GradleWorkerMain.java:69)                                             
      | 	at worker.org.gradle.process.internal.worker.GradleWorkerMain.main(GradleWorkerMain.java:74)                                            
      | )                                                                                                                                        


	at app//org.scalatest.Assertions.newAssertionFailedException(Assertions.scala:530)
	at app//org.scalatest.Assertions.newAssertionFailedException$(Assertions.scala:529)
	at app//org.scalatest.FunSuite.newAssertionFailedException(FunSuite.scala:1560)
	at app//org.scalatest.Assertions$AssertionsHelper.macroAssert(Assertions.scala:503)
	at app//generic.GameTestSuite.checkGame(GameTestSuite.scala:298)
	at app//tetris.TetrisTestSuiteBase.checkGame(TetrisTestSuiteBase.scala:103)
	at app//tetris.FullGameTests.$anonfun$new$1(FullGameTests.scala:5740)
	at app//scala.runtime.java8.JFunction0$mcV$sp.apply(JFunction0$mcV$sp.scala:18)
	at app//infrastructure.TestBase.$anonfun$test$1(TestBase.scala:36)
	at app//org.scalatest.OutcomeOf.outcomeOf(OutcomeOf.scala:85)
	at app//org.scalatest.OutcomeOf.outcomeOf$(OutcomeOf.scala:83)
	at app//org.scalatest.OutcomeOf$.outcomeOf(OutcomeOf.scala:104)
	at app//org.scalatest.Transformer.apply(Transformer.scala:22)
	at app//org.scalatest.Transformer.apply(Transformer.scala:20)
	at app//org.scalatest.FunSuiteLike$$anon$1.apply(FunSuiteLike.scala:186)
	at app//org.scalatest.TestSuite.withFixture(TestSuite.scala:196)
	at app//org.scalatest.TestSuite.withFixture$(TestSuite.scala:195)
	at app//infrastructure.TestBase.org$scalatest$concurrent$TimeLimitedTests$$super$withFixture(TestBase.scala:9)
	at app//org.scalatest.concurrent.TimeLimitedTests.$anonfun$withFixture$3(TimeLimitedTests.scala:154)
	at app//org.scalatest.enablers.Timed$$anon$1.timeoutAfter(Timed.scala:127)
	at app//org.scalatest.concurrent.TimeLimits.failAfterImpl(TimeLimits.scala:239)
	at app//org.scalatest.concurrent.TimeLimits.failAfterImpl$(TimeLimits.scala:233)
	at app//org.scalatest.concurrent.TimeLimits$.failAfterImpl(TimeLimits.scala:305)
	at app//org.scalatest.concurrent.TimeLimitedTests.withFixture(TimeLimitedTests.scala:153)
	at app//org.scalatest.concurrent.TimeLimitedTests.withFixture$(TimeLimitedTests.scala:150)
	at app//infrastructure.TestBase.withFixture(TestBase.scala:9)
	at app//org.scalatest.FunSuiteLike.invokeWithFixture$1(FunSuiteLike.scala:184)
	at app//org.scalatest.FunSuiteLike.$anonfun$runTest$1(FunSuiteLike.scala:196)
	at app//org.scalatest.SuperEngine.runTestImpl(Engine.scala:286)
	at app//org.scalatest.FunSuiteLike.runTest(FunSuiteLike.scala:196)
	at app//org.scalatest.FunSuiteLike.runTest$(FunSuiteLike.scala:178)
	at app//org.scalatest.FunSuite.runTest(FunSuite.scala:1560)
	at app//org.scalatest.FunSuiteLike.$anonfun$runTests$1(FunSuiteLike.scala:229)
	at app//org.scalatest.SuperEngine.$anonfun$runTestsInBranch$1(Engine.scala:393)
	at app//scala.collection.immutable.List.foreach(List.scala:334)
	at app//org.scalatest.SuperEngine.traverseSubNodes$1(Engine.scala:381)
	at app//org.scalatest.SuperEngine.runTestsInBranch(Engine.scala:376)
	at app//org.scalatest.SuperEngine.runTestsImpl(Engine.scala:458)
	at app//org.scalatest.FunSuiteLike.runTests(FunSuiteLike.scala:229)
	at app//org.scalatest.FunSuiteLike.runTests$(FunSuiteLike.scala:228)
	at app//org.scalatest.FunSuite.runTests(FunSuite.scala:1560)
	at app//org.scalatest.Suite.run(Suite.scala:1124)
	at app//org.scalatest.Suite.run$(Suite.scala:1106)
	at app//org.scalatest.FunSuite.org$scalatest$FunSuiteLike$$super$run(FunSuite.scala:1560)
	at app//org.scalatest.FunSuiteLike.$anonfun$run$1(FunSuiteLike.scala:233)
	at app//org.scalatest.SuperEngine.runImpl(Engine.scala:518)
	at app//org.scalatest.FunSuiteLike.run(FunSuiteLike.scala:233)
	at app//org.scalatest.FunSuiteLike.run$(FunSuiteLike.scala:232)
	at app//infrastructure.TestBase.run(TestBase.scala:26)
	at app//org.scalatest.Suite.callExecuteOnSuite$1(Suite.scala:1187)
	at app//org.scalatest.Suite.$anonfun$runNestedSuites$1(Suite.scala:1234)
	at app//scala.collection.ArrayOps$.foreach$extension(ArrayOps.scala:1323)
	at app//org.scalatest.Suite.runNestedSuites(Suite.scala:1232)
	at app//org.scalatest.Suite.runNestedSuites$(Suite.scala:1166)
	at app//org.scalatest.Suites.runNestedSuites(Suites.scala:56)
	at app//org.scalatest.Suite.run(Suite.scala:1121)
	at app//org.scalatest.Suite.run$(Suite.scala:1106)
	at app//tetris.TetrisTestSuitesBase.runDirect(TetrisTestSuitesBase.scala:20)
	at app//tetris.TetrisTestSuitesBase.runWithScoreCounter(TetrisTestSuitesBase.scala:14)
	at app//tetris.TetrisTestSuite3_2.run(TetrisTestSuite3_2.scala:25)
	at app//org.scalatestplus.junit.JUnitRunner.run(JUnitRunner.scala:99)
	at org.gradle.api.internal.tasks.testing.junit.JUnitTestClassExecutor.runTestClass(JUnitTestClassExecutor.java:112)
	at org.gradle.api.internal.tasks.testing.junit.JUnitTestClassExecutor.execute(JUnitTestClassExecutor.java:58)
	at org.gradle.api.internal.tasks.testing.junit.JUnitTestClassExecutor.execute(JUnitTestClassExecutor.java:40)
	at org.gradle.api.internal.tasks.testing.junit.AbstractJUnitTestClassProcessor.processTestClass(AbstractJUnitTestClassProcessor.java:54)
	at org.gradle.api.internal.tasks.testing.SuiteTestClassProcessor.processTestClass(SuiteTestClassProcessor.java:53)
	at java.base@11.0.24/jdk.internal.reflect.NativeMethodAccessorImpl.invoke0(Native Method)
	at java.base@11.0.24/jdk.internal.reflect.NativeMethodAccessorImpl.invoke(NativeMethodAccessorImpl.java:62)
	at java.base@11.0.24/jdk.internal.reflect.DelegatingMethodAccessorImpl.invoke(DelegatingMethodAccessorImpl.java:43)
	at java.base@11.0.24/java.lang.reflect.Method.invoke(Method.java:566)
	at org.gradle.internal.dispatch.ReflectionDispatch.dispatch(ReflectionDispatch.java:36)
	at org.gradle.internal.dispatch.ReflectionDispatch.dispatch(ReflectionDispatch.java:24)
	at org.gradle.internal.dispatch.ContextClassLoaderDispatch.dispatch(ContextClassLoaderDispatch.java:33)
	at org.gradle.internal.dispatch.ProxyDispatchAdapter$DispatchingInvocationHandler.invoke(ProxyDispatchAdapter.java:92)
	at com.sun.proxy.$Proxy4.processTestClass(Unknown Source)
	at org.gradle.api.internal.tasks.testing.worker.TestWorker$2.run(TestWorker.java:183)
	at org.gradle.api.internal.tasks.testing.worker.TestWorker.executeAndMaintainThreadName(TestWorker.java:132)
	at org.gradle.api.internal.tasks.testing.worker.TestWorker.execute(TestWorker.java:103)
	at org.gradle.api.internal.tasks.testing.worker.TestWorker.execute(TestWorker.java:63)
	at org.gradle.process.internal.worker.child.ActionExecutionWorker.execute(ActionExecutionWorker.java:56)
	at org.gradle.process.internal.worker.child.SystemApplicationClassLoaderWorker.call(SystemApplicationClassLoaderWorker.java:121)
	at org.gradle.process.internal.worker.child.SystemApplicationClassLoaderWorker.call(SystemApplicationClassLoaderWorker.java:71)
	at app//worker.org.gradle.process.internal.worker.GradleWorkerMain.run(GradleWorkerMain.java:69)
	at app//worker.org.gradle.process.internal.worker.GradleWorkerMain.main(GradleWorkerMain.java:74)
</pre>
</span>
</div>
<div class="test">
<a name="testGame6x10"></a>
<h3 class="failures">testGame6x10</h3>
<span class="code">
<pre>org.scalatest.exceptions.TestFailedException: didPass was false
--------------------------------------------------------------------------------
This is what went wrong:

step=0, rand=1, actions=&lt;&gt;
Want   | Got âœ—                                                                                                                                    
--------------------------------------------------------------------------------------------------------------------------------------------------
.J.... | LogicFailed(java.util.NoSuchElementException: key not found: (0,6)                                                                       
.JJJ.. | 	at scala.collection.immutable.BitmapIndexedMapNode.apply(HashMap.scala:670)                                                             
...... | 	at scala.collection.immutable.HashMap.apply(HashMap.scala:132)                                                                          
...... | 	at tetris.logic.TetrisLogic.getCellType(TetrisLogic.scala:49)                                                                           
...... | 	at tetris.TetrisLogicWrapper.getCell(TetrisTestSuiteBase.scala:48)                                                                      
...... | 	at tetris.TetrisLogicWrapper.getCell(TetrisTestSuiteBase.scala:34)                                                                      
...... | 	at generic.GameTestSuite.$anonfun$getDisplay$2(GameTestSuite.scala:138)                                                                 
...... | 	at generic.GameTestSuite.$anonfun$getDisplay$2$adapted(GameTestSuite.scala:137)                                                         
...... | 	at scala.collection.immutable.Range.map(Range.scala:59)                                                                                 
...... | 	at generic.GameTestSuite.$anonfun$getDisplay$1(GameTestSuite.scala:137)                                                                 
       | 	at generic.GameTestSuite.$anonfun$getDisplay$1$adapted(GameTestSuite.scala:136)                                                         
       | 	at scala.collection.immutable.Range.map(Range.scala:59)                                                                                 
       | 	at generic.GameTestSuite.getGridDisplay$1(GameTestSuite.scala:136)                                                                      
       | 	at generic.GameTestSuite.getDisplay(GameTestSuite.scala:143)                                                                            
       | 	at generic.GameTestSuite$TestRecording.$anonfun$implementationDisplays$1(GameTestSuite.scala:190)                                       
       | 	at generic.GameTestSuite$TestRecording.catchLogicError$1(GameTestSuite.scala:182)                                                       
       | 	at generic.GameTestSuite$TestRecording.liftedTree1$1(GameTestSuite.scala:190)                                                           
       | 	at generic.GameTestSuite$TestRecording.implementationDisplays$lzycompute(GameTestSuite.scala:187)                                       
       | 	at generic.GameTestSuite$TestRecording.implementationDisplays(GameTestSuite.scala:178)                                                  
       | 	at generic.GameTestSuite$TestRecording.passes$lzycompute(GameTestSuite.scala:208)                                                       
       | 	at generic.GameTestSuite$TestRecording.passes(GameTestSuite.scala:207)                                                                  
       | 	at generic.GameTestSuite.checkGame(GameTestSuite.scala:290)                                                                             
       | 	at tetris.TetrisTestSuiteBase.checkGame(TetrisTestSuiteBase.scala:103)                                                                  
       | 	at tetris.FullGameTests.$anonfun$new$3(FullGameTests.scala:5748)                                                                        
       | 	at scala.runtime.java8.JFunction0$mcV$sp.apply(JFunction0$mcV$sp.scala:18)                                                              
       | 	at infrastructure.TestBase.$anonfun$test$1(TestBase.scala:36)                                                                           
       | 	at org.scalatest.OutcomeOf.outcomeOf(OutcomeOf.scala:85)                                                                                
       | 	at org.scalatest.OutcomeOf.outcomeOf$(OutcomeOf.scala:83)                                                                               
       | 	at org.scalatest.OutcomeOf$.outcomeOf(OutcomeOf.scala:104)                                                                              
       | 	at org.scalatest.Transformer.apply(Transformer.scala:22)                                                                                
       | 	at org.scalatest.Transformer.apply(Transformer.scala:20)                                                                                
       | 	at org.scalatest.FunSuiteLike$$anon$1.apply(FunSuiteLike.scala:186)                                                                     
       | 	at org.scalatest.TestSuite.withFixture(TestSuite.scala:196)                                                                             
       | 	at org.scalatest.TestSuite.withFixture$(TestSuite.scala:195)                                                                            
       | 	at infrastructure.TestBase.org$scalatest$concurrent$TimeLimitedTests$$super$withFixture(TestBase.scala:9)                               
       | 	at org.scalatest.concurrent.TimeLimitedTests.$anonfun$withFixture$3(TimeLimitedTests.scala:154)                                         
       | 	at org.scalatest.enablers.Timed$$anon$1.timeoutAfter(Timed.scala:127)                                                                   
       | 	at org.scalatest.concurrent.TimeLimits.failAfterImpl(TimeLimits.scala:239)                                                              
       | 	at org.scalatest.concurrent.TimeLimits.failAfterImpl$(TimeLimits.scala:233)                                                             
       | 	at org.scalatest.concurrent.TimeLimits$.failAfterImpl(TimeLimits.scala:305)                                                             
       | 	at org.scalatest.concurrent.TimeLimitedTests.withFixture(TimeLimitedTests.scala:153)                                                    
       | 	at org.scalatest.concurrent.TimeLimitedTests.withFixture$(TimeLimitedTests.scala:150)                                                   
       | 	at infrastructure.TestBase.withFixture(TestBase.scala:9)                                                                                
       | 	at org.scalatest.FunSuiteLike.invokeWithFixture$1(FunSuiteLike.scala:184)                                                               
       | 	at org.scalatest.FunSuiteLike.$anonfun$runTest$1(FunSuiteLike.scala:196)                                                                
       | 	at org.scalatest.SuperEngine.runTestImpl(Engine.scala:286)                                                                              
       | 	at org.scalatest.FunSuiteLike.runTest(FunSuiteLike.scala:196)                                                                           
       | 	at org.scalatest.FunSuiteLike.runTest$(FunSuiteLike.scala:178)                                                                          
       | 	at org.scalatest.FunSuite.runTest(FunSuite.scala:1560)                                                                                  
       | 	at org.scalatest.FunSuiteLike.$anonfun$runTests$1(FunSuiteLike.scala:229)                                                               
       | 	at org.scalatest.SuperEngine.$anonfun$runTestsInBranch$1(Engine.scala:393)                                                              
       | 	at scala.collection.immutable.List.foreach(List.scala:334)                                                                              
       | 	at org.scalatest.SuperEngine.traverseSubNodes$1(Engine.scala:381)                                                                       
       | 	at org.scalatest.SuperEngine.runTestsInBranch(Engine.scala:376)                                                                         
       | 	at org.scalatest.SuperEngine.runTestsImpl(Engine.scala:458)                                                                             
       | 	at org.scalatest.FunSuiteLike.runTests(FunSuiteLike.scala:229)                                                                          
       | 	at org.scalatest.FunSuiteLike.runTests$(FunSuiteLike.scala:228)                                                                         
       | 	at org.scalatest.FunSuite.runTests(FunSuite.scala:1560)                                                                                 
       | 	at org.scalatest.Suite.run(Suite.scala:1124)                                                                                            
       | 	at org.scalatest.Suite.run$(Suite.scala:1106)                                                                                           
       | 	at org.scalatest.FunSuite.org$scalatest$FunSuiteLike$$super$run(FunSuite.scala:1560)                                                    
       | 	at org.scalatest.FunSuiteLike.$anonfun$run$1(FunSuiteLike.scala:233)                                                                    
       | 	at org.scalatest.SuperEngine.runImpl(Engine.scala:518)                                                                                  
       | 	at org.scalatest.FunSuiteLike.run(FunSuiteLike.scala:233)                                                                               
       | 	at org.scalatest.FunSuiteLike.run$(FunSuiteLike.scala:232)                                                                              
       | 	at infrastructure.TestBase.run(TestBase.scala:26)                                                                                       
       | 	at org.scalatest.Suite.callExecuteOnSuite$1(Suite.scala:1187)                                                                           
       | 	at org.scalatest.Suite.$anonfun$runNestedSuites$1(Suite.scala:1234)                                                                     
       | 	at scala.collection.ArrayOps$.foreach$extension(ArrayOps.scala:1323)                                                                    
       | 	at org.scalatest.Suite.runNestedSuites(Suite.scala:1232)                                                                                
       | 	at org.scalatest.Suite.runNestedSuites$(Suite.scala:1166)                                                                               
       | 	at org.scalatest.Suites.runNestedSuites(Suites.scala:56)                                                                                
       | 	at org.scalatest.Suite.run(Suite.scala:1121)                                                                                            
       | 	at org.scalatest.Suite.run$(Suite.scala:1106)                                                                                           
       | 	at tetris.TetrisTestSuitesBase.runDirect(TetrisTestSuitesBase.scala:20)                                                                 
       | 	at tetris.TetrisTestSuitesBase.runWithScoreCounter(TetrisTestSuitesBase.scala:14)                                                       
       | 	at tetris.TetrisTestSuite3_2.run(TetrisTestSuite3_2.scala:25)                                                                           
       | 	at org.scalatestplus.junit.JUnitRunner.run(JUnitRunner.scala:99)                                                                        
       | 	at org.gradle.api.internal.tasks.testing.junit.JUnitTestClassExecutor.runTestClass(JUnitTestClassExecutor.java:112)                     
       | 	at org.gradle.api.internal.tasks.testing.junit.JUnitTestClassExecutor.execute(JUnitTestClassExecutor.java:58)                           
       | 	at org.gradle.api.internal.tasks.testing.junit.JUnitTestClassExecutor.execute(JUnitTestClassExecutor.java:40)                           
       | 	at org.gradle.api.internal.tasks.testing.junit.AbstractJUnitTestClassProcessor.processTestClass(AbstractJUnitTestClassProcessor.java:54)
       | 	at org.gradle.api.internal.tasks.testing.SuiteTestClassProcessor.processTestClass(SuiteTestClassProcessor.java:53)                      
       | 	at java.base/jdk.internal.reflect.NativeMethodAccessorImpl.invoke0(Native Method)                                                       
       | 	at java.base/jdk.internal.reflect.NativeMethodAccessorImpl.invoke(NativeMethodAccessorImpl.java:62)                                     
       | 	at java.base/jdk.internal.reflect.DelegatingMethodAccessorImpl.invoke(DelegatingMethodAccessorImpl.java:43)                             
       | 	at java.base/java.lang.reflect.Method.invoke(Method.java:566)                                                                           
       | 	at org.gradle.internal.dispatch.ReflectionDispatch.dispatch(ReflectionDispatch.java:36)                                                 
       | 	at org.gradle.internal.dispatch.ReflectionDispatch.dispatch(ReflectionDispatch.java:24)                                                 
       | 	at org.gradle.internal.dispatch.ContextClassLoaderDispatch.dispatch(ContextClassLoaderDispatch.java:33)                                 
       | 	at org.gradle.internal.dispatch.ProxyDispatchAdapter$DispatchingInvocationHandler.invoke(ProxyDispatchAdapter.java:92)                  
       | 	at com.sun.proxy.$Proxy4.processTestClass(Unknown Source)                                                                               
       | 	at org.gradle.api.internal.tasks.testing.worker.TestWorker$2.run(TestWorker.java:183)                                                   
       | 	at org.gradle.api.internal.tasks.testing.worker.TestWorker.executeAndMaintainThreadName(TestWorker.java:132)                            
       | 	at org.gradle.api.internal.tasks.testing.worker.TestWorker.execute(TestWorker.java:103)                                                 
       | 	at org.gradle.api.internal.tasks.testing.worker.TestWorker.execute(TestWorker.java:63)                                                  
       | 	at org.gradle.process.internal.worker.child.ActionExecutionWorker.execute(ActionExecutionWorker.java:56)                                
       | 	at org.gradle.process.internal.worker.child.SystemApplicationClassLoaderWorker.call(SystemApplicationClassLoaderWorker.java:121)        
       | 	at org.gradle.process.internal.worker.child.SystemApplicationClassLoaderWorker.call(SystemApplicationClassLoaderWorker.java:71)         
       | 	at worker.org.gradle.process.internal.worker.GradleWorkerMain.run(GradleWorkerMain.java:69)                                             
       | 	at worker.org.gradle.process.internal.worker.GradleWorkerMain.main(GradleWorkerMain.java:74)                                            
       | )                                                                                                                                        


	at app//org.scalatest.Assertions.newAssertionFailedException(Assertions.scala:530)
	at app//org.scalatest.Assertions.newAssertionFailedException$(Assertions.scala:529)
	at app//org.scalatest.FunSuite.newAssertionFailedException(FunSuite.scala:1560)
	at app//org.scalatest.Assertions$AssertionsHelper.macroAssert(Assertions.scala:503)
	at app//generic.GameTestSuite.checkGame(GameTestSuite.scala:298)
	at app//tetris.TetrisTestSuiteBase.checkGame(TetrisTestSuiteBase.scala:103)
	at app//tetris.FullGameTests.$anonfun$new$3(FullGameTests.scala:5748)
	at app//scala.runtime.java8.JFunction0$mcV$sp.apply(JFunction0$mcV$sp.scala:18)
	at app//infrastructure.TestBase.$anonfun$test$1(TestBase.scala:36)
	at app//org.scalatest.OutcomeOf.outcomeOf(OutcomeOf.scala:85)
	at app//org.scalatest.OutcomeOf.outcomeOf$(OutcomeOf.scala:83)
	at app//org.scalatest.OutcomeOf$.outcomeOf(OutcomeOf.scala:104)
	at app//org.scalatest.Transformer.apply(Transformer.scala:22)
	at app//org.scalatest.Transformer.apply(Transformer.scala:20)
	at app//org.scalatest.FunSuiteLike$$anon$1.apply(FunSuiteLike.scala:186)
	at app//org.scalatest.TestSuite.withFixture(TestSuite.scala:196)
	at app//org.scalatest.TestSuite.withFixture$(TestSuite.scala:195)
	at app//infrastructure.TestBase.org$scalatest$concurrent$TimeLimitedTests$$super$withFixture(TestBase.scala:9)
	at app//org.scalatest.concurrent.TimeLimitedTests.$anonfun$withFixture$3(TimeLimitedTests.scala:154)
	at app//org.scalatest.enablers.Timed$$anon$1.timeoutAfter(Timed.scala:127)
	at app//org.scalatest.concurrent.TimeLimits.failAfterImpl(TimeLimits.scala:239)
	at app//org.scalatest.concurrent.TimeLimits.failAfterImpl$(TimeLimits.scala:233)
	at app//org.scalatest.concurrent.TimeLimits$.failAfterImpl(TimeLimits.scala:305)
	at app//org.scalatest.concurrent.TimeLimitedTests.withFixture(TimeLimitedTests.scala:153)
	at app//org.scalatest.concurrent.TimeLimitedTests.withFixture$(TimeLimitedTests.scala:150)
	at app//infrastructure.TestBase.withFixture(TestBase.scala:9)
	at app//org.scalatest.FunSuiteLike.invokeWithFixture$1(FunSuiteLike.scala:184)
	at app//org.scalatest.FunSuiteLike.$anonfun$runTest$1(FunSuiteLike.scala:196)
	at app//org.scalatest.SuperEngine.runTestImpl(Engine.scala:286)
	at app//org.scalatest.FunSuiteLike.runTest(FunSuiteLike.scala:196)
	at app//org.scalatest.FunSuiteLike.runTest$(FunSuiteLike.scala:178)
	at app//org.scalatest.FunSuite.runTest(FunSuite.scala:1560)
	at app//org.scalatest.FunSuiteLike.$anonfun$runTests$1(FunSuiteLike.scala:229)
	at app//org.scalatest.SuperEngine.$anonfun$runTestsInBranch$1(Engine.scala:393)
	at app//scala.collection.immutable.List.foreach(List.scala:334)
	at app//org.scalatest.SuperEngine.traverseSubNodes$1(Engine.scala:381)
	at app//org.scalatest.SuperEngine.runTestsInBranch(Engine.scala:376)
	at app//org.scalatest.SuperEngine.runTestsImpl(Engine.scala:458)
	at app//org.scalatest.FunSuiteLike.runTests(FunSuiteLike.scala:229)
	at app//org.scalatest.FunSuiteLike.runTests$(FunSuiteLike.scala:228)
	at app//org.scalatest.FunSuite.runTests(FunSuite.scala:1560)
	at app//org.scalatest.Suite.run(Suite.scala:1124)
	at app//org.scalatest.Suite.run$(Suite.scala:1106)
	at app//org.scalatest.FunSuite.org$scalatest$FunSuiteLike$$super$run(FunSuite.scala:1560)
	at app//org.scalatest.FunSuiteLike.$anonfun$run$1(FunSuiteLike.scala:233)
	at app//org.scalatest.SuperEngine.runImpl(Engine.scala:518)
	at app//org.scalatest.FunSuiteLike.run(FunSuiteLike.scala:233)
	at app//org.scalatest.FunSuiteLike.run$(FunSuiteLike.scala:232)
	at app//infrastructure.TestBase.run(TestBase.scala:26)
	at app//org.scalatest.Suite.callExecuteOnSuite$1(Suite.scala:1187)
	at app//org.scalatest.Suite.$anonfun$runNestedSuites$1(Suite.scala:1234)
	at app//scala.collection.ArrayOps$.foreach$extension(ArrayOps.scala:1323)
	at app//org.scalatest.Suite.runNestedSuites(Suite.scala:1232)
	at app//org.scalatest.Suite.runNestedSuites$(Suite.scala:1166)
	at app//org.scalatest.Suites.runNestedSuites(Suites.scala:56)
	at app//org.scalatest.Suite.run(Suite.scala:1121)
	at app//org.scalatest.Suite.run$(Suite.scala:1106)
	at app//tetris.TetrisTestSuitesBase.runDirect(TetrisTestSuitesBase.scala:20)
	at app//tetris.TetrisTestSuitesBase.runWithScoreCounter(TetrisTestSuitesBase.scala:14)
	at app//tetris.TetrisTestSuite3_2.run(TetrisTestSuite3_2.scala:25)
	at app//org.scalatestplus.junit.JUnitRunner.run(JUnitRunner.scala:99)
	at org.gradle.api.internal.tasks.testing.junit.JUnitTestClassExecutor.runTestClass(JUnitTestClassExecutor.java:112)
	at org.gradle.api.internal.tasks.testing.junit.JUnitTestClassExecutor.execute(JUnitTestClassExecutor.java:58)
	at org.gradle.api.internal.tasks.testing.junit.JUnitTestClassExecutor.execute(JUnitTestClassExecutor.java:40)
	at org.gradle.api.internal.tasks.testing.junit.AbstractJUnitTestClassProcessor.processTestClass(AbstractJUnitTestClassProcessor.java:54)
	at org.gradle.api.internal.tasks.testing.SuiteTestClassProcessor.processTestClass(SuiteTestClassProcessor.java:53)
	at java.base@11.0.24/jdk.internal.reflect.NativeMethodAccessorImpl.invoke0(Native Method)
	at java.base@11.0.24/jdk.internal.reflect.NativeMethodAccessorImpl.invoke(NativeMethodAccessorImpl.java:62)
	at java.base@11.0.24/jdk.internal.reflect.DelegatingMethodAccessorImpl.invoke(DelegatingMethodAccessorImpl.java:43)
	at java.base@11.0.24/java.lang.reflect.Method.invoke(Method.java:566)
	at org.gradle.internal.dispatch.ReflectionDispatch.dispatch(ReflectionDispatch.java:36)
	at org.gradle.internal.dispatch.ReflectionDispatch.dispatch(ReflectionDispatch.java:24)
	at org.gradle.internal.dispatch.ContextClassLoaderDispatch.dispatch(ContextClassLoaderDispatch.java:33)
	at org.gradle.internal.dispatch.ProxyDispatchAdapter$DispatchingInvocationHandler.invoke(ProxyDispatchAdapter.java:92)
	at com.sun.proxy.$Proxy4.processTestClass(Unknown Source)
	at org.gradle.api.internal.tasks.testing.worker.TestWorker$2.run(TestWorker.java:183)
	at org.gradle.api.internal.tasks.testing.worker.TestWorker.executeAndMaintainThreadName(TestWorker.java:132)
	at org.gradle.api.internal.tasks.testing.worker.TestWorker.execute(TestWorker.java:103)
	at org.gradle.api.internal.tasks.testing.worker.TestWorker.execute(TestWorker.java:63)
	at org.gradle.process.internal.worker.child.ActionExecutionWorker.execute(ActionExecutionWorker.java:56)
	at org.gradle.process.internal.worker.child.SystemApplicationClassLoaderWorker.call(SystemApplicationClassLoaderWorker.java:121)
	at org.gradle.process.internal.worker.child.SystemApplicationClassLoaderWorker.call(SystemApplicationClassLoaderWorker.java:71)
	at app//worker.org.gradle.process.internal.worker.GradleWorkerMain.run(GradleWorkerMain.java:69)
	at app//worker.org.gradle.process.internal.worker.GradleWorkerMain.main(GradleWorkerMain.java:74)
</pre>
</span>
</div>
<div class="test">
<a name="testGame8x11"></a>
<h3 class="failures">testGame8x11</h3>
<span class="code">
<pre>org.scalatest.exceptions.TestFailedException: didPass was false
--------------------------------------------------------------------------------
This is what went wrong:

step=0, rand=2, actions=&lt;&gt;
Want     | Got âœ—                                                                                                                                    
----------------------------------------------------------------------------------------------------------------------------------------------------
....L... | LogicFailed(java.util.NoSuchElementException: key not found: (0,8)                                                                       
..LLL... | 	at scala.collection.immutable.BitmapIndexedMapNode.apply(HashMap.scala:674)                                                             
........ | 	at scala.collection.immutable.BitmapIndexedMapNode.apply(HashMap.scala:672)                                                             
........ | 	at scala.collection.immutable.HashMap.apply(HashMap.scala:132)                                                                          
........ | 	at tetris.logic.TetrisLogic.getCellType(TetrisLogic.scala:49)                                                                           
........ | 	at tetris.TetrisLogicWrapper.getCell(TetrisTestSuiteBase.scala:48)                                                                      
........ | 	at tetris.TetrisLogicWrapper.getCell(TetrisTestSuiteBase.scala:34)                                                                      
........ | 	at generic.GameTestSuite.$anonfun$getDisplay$2(GameTestSuite.scala:138)                                                                 
........ | 	at generic.GameTestSuite.$anonfun$getDisplay$2$adapted(GameTestSuite.scala:137)                                                         
........ | 	at scala.collection.immutable.Range.map(Range.scala:59)                                                                                 
........ | 	at generic.GameTestSuite.$anonfun$getDisplay$1(GameTestSuite.scala:137)                                                                 
         | 	at generic.GameTestSuite.$anonfun$getDisplay$1$adapted(GameTestSuite.scala:136)                                                         
         | 	at scala.collection.immutable.Range.map(Range.scala:59)                                                                                 
         | 	at generic.GameTestSuite.getGridDisplay$1(GameTestSuite.scala:136)                                                                      
         | 	at generic.GameTestSuite.getDisplay(GameTestSuite.scala:143)                                                                            
         | 	at generic.GameTestSuite$TestRecording.$anonfun$implementationDisplays$1(GameTestSuite.scala:190)                                       
         | 	at generic.GameTestSuite$TestRecording.catchLogicError$1(GameTestSuite.scala:182)                                                       
         | 	at generic.GameTestSuite$TestRecording.liftedTree1$1(GameTestSuite.scala:190)                                                           
         | 	at generic.GameTestSuite$TestRecording.implementationDisplays$lzycompute(GameTestSuite.scala:187)                                       
         | 	at generic.GameTestSuite$TestRecording.implementationDisplays(GameTestSuite.scala:178)                                                  
         | 	at generic.GameTestSuite$TestRecording.passes$lzycompute(GameTestSuite.scala:208)                                                       
         | 	at generic.GameTestSuite$TestRecording.passes(GameTestSuite.scala:207)                                                                  
         | 	at generic.GameTestSuite.checkGame(GameTestSuite.scala:290)                                                                             
         | 	at tetris.TetrisTestSuiteBase.checkGame(TetrisTestSuiteBase.scala:103)                                                                  
         | 	at tetris.FullGameTests.$anonfun$new$2(FullGameTests.scala:5744)                                                                        
         | 	at scala.runtime.java8.JFunction0$mcV$sp.apply(JFunction0$mcV$sp.scala:18)                                                              
         | 	at infrastructure.TestBase.$anonfun$test$1(TestBase.scala:36)                                                                           
         | 	at org.scalatest.OutcomeOf.outcomeOf(OutcomeOf.scala:85)                                                                                
         | 	at org.scalatest.OutcomeOf.outcomeOf$(OutcomeOf.scala:83)                                                                               
         | 	at org.scalatest.OutcomeOf$.outcomeOf(OutcomeOf.scala:104)                                                                              
         | 	at org.scalatest.Transformer.apply(Transformer.scala:22)                                                                                
         | 	at org.scalatest.Transformer.apply(Transformer.scala:20)                                                                                
         | 	at org.scalatest.FunSuiteLike$$anon$1.apply(FunSuiteLike.scala:186)                                                                     
         | 	at org.scalatest.TestSuite.withFixture(TestSuite.scala:196)                                                                             
         | 	at org.scalatest.TestSuite.withFixture$(TestSuite.scala:195)                                                                            
         | 	at infrastructure.TestBase.org$scalatest$concurrent$TimeLimitedTests$$super$withFixture(TestBase.scala:9)                               
         | 	at org.scalatest.concurrent.TimeLimitedTests.$anonfun$withFixture$3(TimeLimitedTests.scala:154)                                         
         | 	at org.scalatest.enablers.Timed$$anon$1.timeoutAfter(Timed.scala:127)                                                                   
         | 	at org.scalatest.concurrent.TimeLimits.failAfterImpl(TimeLimits.scala:239)                                                              
         | 	at org.scalatest.concurrent.TimeLimits.failAfterImpl$(TimeLimits.scala:233)                                                             
         | 	at org.scalatest.concurrent.TimeLimits$.failAfterImpl(TimeLimits.scala:305)                                                             
         | 	at org.scalatest.concurrent.TimeLimitedTests.withFixture(TimeLimitedTests.scala:153)                                                    
         | 	at org.scalatest.concurrent.TimeLimitedTests.withFixture$(TimeLimitedTests.scala:150)                                                   
         | 	at infrastructure.TestBase.withFixture(TestBase.scala:9)                                                                                
         | 	at org.scalatest.FunSuiteLike.invokeWithFixture$1(FunSuiteLike.scala:184)                                                               
         | 	at org.scalatest.FunSuiteLike.$anonfun$runTest$1(FunSuiteLike.scala:196)                                                                
         | 	at org.scalatest.SuperEngine.runTestImpl(Engine.scala:286)                                                                              
         | 	at org.scalatest.FunSuiteLike.runTest(FunSuiteLike.scala:196)                                                                           
         | 	at org.scalatest.FunSuiteLike.runTest$(FunSuiteLike.scala:178)                                                                          
         | 	at org.scalatest.FunSuite.runTest(FunSuite.scala:1560)                                                                                  
         | 	at org.scalatest.FunSuiteLike.$anonfun$runTests$1(FunSuiteLike.scala:229)                                                               
         | 	at org.scalatest.SuperEngine.$anonfun$runTestsInBranch$1(Engine.scala:393)                                                              
         | 	at scala.collection.immutable.List.foreach(List.scala:334)                                                                              
         | 	at org.scalatest.SuperEngine.traverseSubNodes$1(Engine.scala:381)                                                                       
         | 	at org.scalatest.SuperEngine.runTestsInBranch(Engine.scala:376)                                                                         
         | 	at org.scalatest.SuperEngine.runTestsImpl(Engine.scala:458)                                                                             
         | 	at org.scalatest.FunSuiteLike.runTests(FunSuiteLike.scala:229)                                                                          
         | 	at org.scalatest.FunSuiteLike.runTests$(FunSuiteLike.scala:228)                                                                         
         | 	at org.scalatest.FunSuite.runTests(FunSuite.scala:1560)                                                                                 
         | 	at org.scalatest.Suite.run(Suite.scala:1124)                                                                                            
         | 	at org.scalatest.Suite.run$(Suite.scala:1106)                                                                                           
         | 	at org.scalatest.FunSuite.org$scalatest$FunSuiteLike$$super$run(FunSuite.scala:1560)                                                    
         | 	at org.scalatest.FunSuiteLike.$anonfun$run$1(FunSuiteLike.scala:233)                                                                    
         | 	at org.scalatest.SuperEngine.runImpl(Engine.scala:518)                                                                                  
         | 	at org.scalatest.FunSuiteLike.run(FunSuiteLike.scala:233)                                                                               
         | 	at org.scalatest.FunSuiteLike.run$(FunSuiteLike.scala:232)                                                                              
         | 	at infrastructure.TestBase.run(TestBase.scala:26)                                                                                       
         | 	at org.scalatest.Suite.callExecuteOnSuite$1(Suite.scala:1187)                                                                           
         | 	at org.scalatest.Suite.$anonfun$runNestedSuites$1(Suite.scala:1234)                                                                     
         | 	at scala.collection.ArrayOps$.foreach$extension(ArrayOps.scala:1323)                                                                    
         | 	at org.scalatest.Suite.runNestedSuites(Suite.scala:1232)                                                                                
         | 	at org.scalatest.Suite.runNestedSuites$(Suite.scala:1166)                                                                               
         | 	at org.scalatest.Suites.runNestedSuites(Suites.scala:56)                                                                                
         | 	at org.scalatest.Suite.run(Suite.scala:1121)                                                                                            
         | 	at org.scalatest.Suite.run$(Suite.scala:1106)                                                                                           
         | 	at tetris.TetrisTestSuitesBase.runDirect(TetrisTestSuitesBase.scala:20)                                                                 
         | 	at tetris.TetrisTestSuitesBase.runWithScoreCounter(TetrisTestSuitesBase.scala:14)                                                       
         | 	at tetris.TetrisTestSuite3_2.run(TetrisTestSuite3_2.scala:25)                                                                           
         | 	at org.scalatestplus.junit.JUnitRunner.run(JUnitRunner.scala:99)                                                                        
         | 	at org.gradle.api.internal.tasks.testing.junit.JUnitTestClassExecutor.runTestClass(JUnitTestClassExecutor.java:112)                     
         | 	at org.gradle.api.internal.tasks.testing.junit.JUnitTestClassExecutor.execute(JUnitTestClassExecutor.java:58)                           
         | 	at org.gradle.api.internal.tasks.testing.junit.JUnitTestClassExecutor.execute(JUnitTestClassExecutor.java:40)                           
         | 	at org.gradle.api.internal.tasks.testing.junit.AbstractJUnitTestClassProcessor.processTestClass(AbstractJUnitTestClassProcessor.java:54)
         | 	at org.gradle.api.internal.tasks.testing.SuiteTestClassProcessor.processTestClass(SuiteTestClassProcessor.java:53)                      
         | 	at java.base/jdk.internal.reflect.NativeMethodAccessorImpl.invoke0(Native Method)                                                       
         | 	at java.base/jdk.internal.reflect.NativeMethodAccessorImpl.invoke(NativeMethodAccessorImpl.java:62)                                     
         | 	at java.base/jdk.internal.reflect.DelegatingMethodAccessorImpl.invoke(DelegatingMethodAccessorImpl.java:43)                             
         | 	at java.base/java.lang.reflect.Method.invoke(Method.java:566)                                                                           
         | 	at org.gradle.internal.dispatch.ReflectionDispatch.dispatch(ReflectionDispatch.java:36)                                                 
         | 	at org.gradle.internal.dispatch.ReflectionDispatch.dispatch(ReflectionDispatch.java:24)                                                 
         | 	at org.gradle.internal.dispatch.ContextClassLoaderDispatch.dispatch(ContextClassLoaderDispatch.java:33)                                 
         | 	at org.gradle.internal.dispatch.ProxyDispatchAdapter$DispatchingInvocationHandler.invoke(ProxyDispatchAdapter.java:92)                  
         | 	at com.sun.proxy.$Proxy4.processTestClass(Unknown Source)                                                                               
         | 	at org.gradle.api.internal.tasks.testing.worker.TestWorker$2.run(TestWorker.java:183)                                                   
         | 	at org.gradle.api.internal.tasks.testing.worker.TestWorker.executeAndMaintainThreadName(TestWorker.java:132)                            
         | 	at org.gradle.api.internal.tasks.testing.worker.TestWorker.execute(TestWorker.java:103)                                                 
         | 	at org.gradle.api.internal.tasks.testing.worker.TestWorker.execute(TestWorker.java:63)                                                  
         | 	at org.gradle.process.internal.worker.child.ActionExecutionWorker.execute(ActionExecutionWorker.java:56)                                
         | 	at org.gradle.process.internal.worker.child.SystemApplicationClassLoaderWorker.call(SystemApplicationClassLoaderWorker.java:121)        
         | 	at org.gradle.process.internal.worker.child.SystemApplicationClassLoaderWorker.call(SystemApplicationClassLoaderWorker.java:71)         
         | 	at worker.org.gradle.process.internal.worker.GradleWorkerMain.run(GradleWorkerMain.java:69)                                             
         | 	at worker.org.gradle.process.internal.worker.GradleWorkerMain.main(GradleWorkerMain.java:74)                                            
         | )                                                                                                                                        


	at app//org.scalatest.Assertions.newAssertionFailedException(Assertions.scala:530)
	at app//org.scalatest.Assertions.newAssertionFailedException$(Assertions.scala:529)
	at app//org.scalatest.FunSuite.newAssertionFailedException(FunSuite.scala:1560)
	at app//org.scalatest.Assertions$AssertionsHelper.macroAssert(Assertions.scala:503)
	at app//generic.GameTestSuite.checkGame(GameTestSuite.scala:298)
	at app//tetris.TetrisTestSuiteBase.checkGame(TetrisTestSuiteBase.scala:103)
	at app//tetris.FullGameTests.$anonfun$new$2(FullGameTests.scala:5744)
	at app//scala.runtime.java8.JFunction0$mcV$sp.apply(JFunction0$mcV$sp.scala:18)
	at app//infrastructure.TestBase.$anonfun$test$1(TestBase.scala:36)
	at app//org.scalatest.OutcomeOf.outcomeOf(OutcomeOf.scala:85)
	at app//org.scalatest.OutcomeOf.outcomeOf$(OutcomeOf.scala:83)
	at app//org.scalatest.OutcomeOf$.outcomeOf(OutcomeOf.scala:104)
	at app//org.scalatest.Transformer.apply(Transformer.scala:22)
	at app//org.scalatest.Transformer.apply(Transformer.scala:20)
	at app//org.scalatest.FunSuiteLike$$anon$1.apply(FunSuiteLike.scala:186)
	at app//org.scalatest.TestSuite.withFixture(TestSuite.scala:196)
	at app//org.scalatest.TestSuite.withFixture$(TestSuite.scala:195)
	at app//infrastructure.TestBase.org$scalatest$concurrent$TimeLimitedTests$$super$withFixture(TestBase.scala:9)
	at app//org.scalatest.concurrent.TimeLimitedTests.$anonfun$withFixture$3(TimeLimitedTests.scala:154)
	at app//org.scalatest.enablers.Timed$$anon$1.timeoutAfter(Timed.scala:127)
	at app//org.scalatest.concurrent.TimeLimits.failAfterImpl(TimeLimits.scala:239)
	at app//org.scalatest.concurrent.TimeLimits.failAfterImpl$(TimeLimits.scala:233)
	at app//org.scalatest.concurrent.TimeLimits$.failAfterImpl(TimeLimits.scala:305)
	at app//org.scalatest.concurrent.TimeLimitedTests.withFixture(TimeLimitedTests.scala:153)
	at app//org.scalatest.concurrent.TimeLimitedTests.withFixture$(TimeLimitedTests.scala:150)
	at app//infrastructure.TestBase.withFixture(TestBase.scala:9)
	at app//org.scalatest.FunSuiteLike.invokeWithFixture$1(FunSuiteLike.scala:184)
	at app//org.scalatest.FunSuiteLike.$anonfun$runTest$1(FunSuiteLike.scala:196)
	at app//org.scalatest.SuperEngine.runTestImpl(Engine.scala:286)
	at app//org.scalatest.FunSuiteLike.runTest(FunSuiteLike.scala:196)
	at app//org.scalatest.FunSuiteLike.runTest$(FunSuiteLike.scala:178)
	at app//org.scalatest.FunSuite.runTest(FunSuite.scala:1560)
	at app//org.scalatest.FunSuiteLike.$anonfun$runTests$1(FunSuiteLike.scala:229)
	at app//org.scalatest.SuperEngine.$anonfun$runTestsInBranch$1(Engine.scala:393)
	at app//scala.collection.immutable.List.foreach(List.scala:334)
	at app//org.scalatest.SuperEngine.traverseSubNodes$1(Engine.scala:381)
	at app//org.scalatest.SuperEngine.runTestsInBranch(Engine.scala:376)
	at app//org.scalatest.SuperEngine.runTestsImpl(Engine.scala:458)
	at app//org.scalatest.FunSuiteLike.runTests(FunSuiteLike.scala:229)
	at app//org.scalatest.FunSuiteLike.runTests$(FunSuiteLike.scala:228)
	at app//org.scalatest.FunSuite.runTests(FunSuite.scala:1560)
	at app//org.scalatest.Suite.run(Suite.scala:1124)
	at app//org.scalatest.Suite.run$(Suite.scala:1106)
	at app//org.scalatest.FunSuite.org$scalatest$FunSuiteLike$$super$run(FunSuite.scala:1560)
	at app//org.scalatest.FunSuiteLike.$anonfun$run$1(FunSuiteLike.scala:233)
	at app//org.scalatest.SuperEngine.runImpl(Engine.scala:518)
	at app//org.scalatest.FunSuiteLike.run(FunSuiteLike.scala:233)
	at app//org.scalatest.FunSuiteLike.run$(FunSuiteLike.scala:232)
	at app//infrastructure.TestBase.run(TestBase.scala:26)
	at app//org.scalatest.Suite.callExecuteOnSuite$1(Suite.scala:1187)
	at app//org.scalatest.Suite.$anonfun$runNestedSuites$1(Suite.scala:1234)
	at app//scala.collection.ArrayOps$.foreach$extension(ArrayOps.scala:1323)
	at app//org.scalatest.Suite.runNestedSuites(Suite.scala:1232)
	at app//org.scalatest.Suite.runNestedSuites$(Suite.scala:1166)
	at app//org.scalatest.Suites.runNestedSuites(Suites.scala:56)
	at app//org.scalatest.Suite.run(Suite.scala:1121)
	at app//org.scalatest.Suite.run$(Suite.scala:1106)
	at app//tetris.TetrisTestSuitesBase.runDirect(TetrisTestSuitesBase.scala:20)
	at app//tetris.TetrisTestSuitesBase.runWithScoreCounter(TetrisTestSuitesBase.scala:14)
	at app//tetris.TetrisTestSuite3_2.run(TetrisTestSuite3_2.scala:25)
	at app//org.scalatestplus.junit.JUnitRunner.run(JUnitRunner.scala:99)
	at org.gradle.api.internal.tasks.testing.junit.JUnitTestClassExecutor.runTestClass(JUnitTestClassExecutor.java:112)
	at org.gradle.api.internal.tasks.testing.junit.JUnitTestClassExecutor.execute(JUnitTestClassExecutor.java:58)
	at org.gradle.api.internal.tasks.testing.junit.JUnitTestClassExecutor.execute(JUnitTestClassExecutor.java:40)
	at org.gradle.api.internal.tasks.testing.junit.AbstractJUnitTestClassProcessor.processTestClass(AbstractJUnitTestClassProcessor.java:54)
	at org.gradle.api.internal.tasks.testing.SuiteTestClassProcessor.processTestClass(SuiteTestClassProcessor.java:53)
	at java.base@11.0.24/jdk.internal.reflect.NativeMethodAccessorImpl.invoke0(Native Method)
	at java.base@11.0.24/jdk.internal.reflect.NativeMethodAccessorImpl.invoke(NativeMethodAccessorImpl.java:62)
	at java.base@11.0.24/jdk.internal.reflect.DelegatingMethodAccessorImpl.invoke(DelegatingMethodAccessorImpl.java:43)
	at java.base@11.0.24/java.lang.reflect.Method.invoke(Method.java:566)
	at org.gradle.internal.dispatch.ReflectionDispatch.dispatch(ReflectionDispatch.java:36)
	at org.gradle.internal.dispatch.ReflectionDispatch.dispatch(ReflectionDispatch.java:24)
	at org.gradle.internal.dispatch.ContextClassLoaderDispatch.dispatch(ContextClassLoaderDispatch.java:33)
	at org.gradle.internal.dispatch.ProxyDispatchAdapter$DispatchingInvocationHandler.invoke(ProxyDispatchAdapter.java:92)
	at com.sun.proxy.$Proxy4.processTestClass(Unknown Source)
	at org.gradle.api.internal.tasks.testing.worker.TestWorker$2.run(TestWorker.java:183)
	at org.gradle.api.internal.tasks.testing.worker.TestWorker.executeAndMaintainThreadName(TestWorker.java:132)
	at org.gradle.api.internal.tasks.testing.worker.TestWorker.execute(TestWorker.java:103)
	at org.gradle.api.internal.tasks.testing.worker.TestWorker.execute(TestWorker.java:63)
	at org.gradle.process.internal.worker.child.ActionExecutionWorker.execute(ActionExecutionWorker.java:56)
	at org.gradle.process.internal.worker.child.SystemApplicationClassLoaderWorker.call(SystemApplicationClassLoaderWorker.java:121)
	at org.gradle.process.internal.worker.child.SystemApplicationClassLoaderWorker.call(SystemApplicationClassLoaderWorker.java:71)
	at app//worker.org.gradle.process.internal.worker.GradleWorkerMain.run(GradleWorkerMain.java:69)
	at app//worker.org.gradle.process.internal.worker.GradleWorkerMain.main(GradleWorkerMain.java:74)
</pre>
</span>
</div>
<div class="test">
<a name="testInterleave5x9and8x11"></a>
<h3 class="failures">testInterleave5x9and8x11</h3>
<span class="code">
<pre>java.util.NoSuchElementException: key not found: (0,5)
	at scala.collection.immutable.BitmapIndexedMapNode.apply(HashMap.scala:674)
	at scala.collection.immutable.HashMap.apply(HashMap.scala:132)
	at tetris.logic.TetrisLogic.getCellType(TetrisLogic.scala:49)
	at tetris.TetrisLogicWrapper.getCell(TetrisTestSuiteBase.scala:48)
	at tetris.TetrisLogicWrapper.getCell(TetrisTestSuiteBase.scala:34)
	at generic.GameTestSuite.$anonfun$getDisplay$2(GameTestSuite.scala:138)
	at generic.GameTestSuite.$anonfun$getDisplay$2$adapted(GameTestSuite.scala:137)
	at scala.collection.immutable.Range.map(Range.scala:59)
	at generic.GameTestSuite.$anonfun$getDisplay$1(GameTestSuite.scala:137)
	at generic.GameTestSuite.$anonfun$getDisplay$1$adapted(GameTestSuite.scala:136)
	at scala.collection.immutable.Range.map(Range.scala:59)
	at generic.GameTestSuite.getGridDisplay$1(GameTestSuite.scala:136)
	at generic.GameTestSuite.getDisplay(GameTestSuite.scala:143)
	at generic.GameTestSuite.canInterleave(GameTestSuite.scala:160)
	at generic.GameTestSuite.checkInterleave(GameTestSuite.scala:301)
	at tetris.TetrisTestSuiteBase.checkInterleave(TetrisTestSuiteBase.scala:109)
	at tetris.FullGameTests.$anonfun$new$4(FullGameTests.scala:5752)
	at scala.runtime.java8.JFunction0$mcV$sp.apply(JFunction0$mcV$sp.scala:18)
	at infrastructure.TestBase.$anonfun$test$1(TestBase.scala:36)
	at org.scalatest.OutcomeOf.outcomeOf(OutcomeOf.scala:85)
	at org.scalatest.OutcomeOf.outcomeOf$(OutcomeOf.scala:83)
	at org.scalatest.OutcomeOf$.outcomeOf(OutcomeOf.scala:104)
	at org.scalatest.Transformer.apply(Transformer.scala:22)
	at org.scalatest.Transformer.apply(Transformer.scala:20)
	at org.scalatest.FunSuiteLike$$anon$1.apply(FunSuiteLike.scala:186)
	at org.scalatest.TestSuite.withFixture(TestSuite.scala:196)
	at org.scalatest.TestSuite.withFixture$(TestSuite.scala:195)
	at infrastructure.TestBase.org$scalatest$concurrent$TimeLimitedTests$$super$withFixture(TestBase.scala:9)
	at org.scalatest.concurrent.TimeLimitedTests.$anonfun$withFixture$3(TimeLimitedTests.scala:154)
	at org.scalatest.enablers.Timed$$anon$1.timeoutAfter(Timed.scala:127)
	at org.scalatest.concurrent.TimeLimits.failAfterImpl(TimeLimits.scala:239)
	at org.scalatest.concurrent.TimeLimits.failAfterImpl$(TimeLimits.scala:233)
	at org.scalatest.concurrent.TimeLimits$.failAfterImpl(TimeLimits.scala:305)
	at org.scalatest.concurrent.TimeLimitedTests.withFixture(TimeLimitedTests.scala:153)
	at org.scalatest.concurrent.TimeLimitedTests.withFixture$(TimeLimitedTests.scala:150)
	at infrastructure.TestBase.withFixture(TestBase.scala:9)
	at org.scalatest.FunSuiteLike.invokeWithFixture$1(FunSuiteLike.scala:184)
	at org.scalatest.FunSuiteLike.$anonfun$runTest$1(FunSuiteLike.scala:196)
	at org.scalatest.SuperEngine.runTestImpl(Engine.scala:286)
	at org.scalatest.FunSuiteLike.runTest(FunSuiteLike.scala:196)
	at org.scalatest.FunSuiteLike.runTest$(FunSuiteLike.scala:178)
	at org.scalatest.FunSuite.runTest(FunSuite.scala:1560)
	at org.scalatest.FunSuiteLike.$anonfun$runTests$1(FunSuiteLike.scala:229)
	at org.scalatest.SuperEngine.$anonfun$runTestsInBranch$1(Engine.scala:393)
	at scala.collection.immutable.List.foreach(List.scala:334)
	at org.scalatest.SuperEngine.traverseSubNodes$1(Engine.scala:381)
	at org.scalatest.SuperEngine.runTestsInBranch(Engine.scala:376)
	at org.scalatest.SuperEngine.runTestsImpl(Engine.scala:458)
	at org.scalatest.FunSuiteLike.runTests(FunSuiteLike.scala:229)
	at org.scalatest.FunSuiteLike.runTests$(FunSuiteLike.scala:228)
	at org.scalatest.FunSuite.runTests(FunSuite.scala:1560)
	at org.scalatest.Suite.run(Suite.scala:1124)
	at org.scalatest.Suite.run$(Suite.scala:1106)
	at org.scalatest.FunSuite.org$scalatest$FunSuiteLike$$super$run(FunSuite.scala:1560)
	at org.scalatest.FunSuiteLike.$anonfun$run$1(FunSuiteLike.scala:233)
	at org.scalatest.SuperEngine.runImpl(Engine.scala:518)
	at org.scalatest.FunSuiteLike.run(FunSuiteLike.scala:233)
	at org.scalatest.FunSuiteLike.run$(FunSuiteLike.scala:232)
	at infrastructure.TestBase.run(TestBase.scala:26)
	at org.scalatest.Suite.callExecuteOnSuite$1(Suite.scala:1187)
	at org.scalatest.Suite.$anonfun$runNestedSuites$1(Suite.scala:1234)
	at scala.collection.ArrayOps$.foreach$extension(ArrayOps.scala:1323)
	at org.scalatest.Suite.runNestedSuites(Suite.scala:1232)
	at org.scalatest.Suite.runNestedSuites$(Suite.scala:1166)
	at org.scalatest.Suites.runNestedSuites(Suites.scala:56)
	at org.scalatest.Suite.run(Suite.scala:1121)
	at org.scalatest.Suite.run$(Suite.scala:1106)
	at tetris.TetrisTestSuitesBase.runDirect(TetrisTestSuitesBase.scala:20)
	at tetris.TetrisTestSuitesBase.runWithScoreCounter(TetrisTestSuitesBase.scala:14)
	at tetris.TetrisTestSuite3_2.run(TetrisTestSuite3_2.scala:25)
	at org.scalatestplus.junit.JUnitRunner.run(JUnitRunner.scala:99)
	at org.gradle.api.internal.tasks.testing.junit.JUnitTestClassExecutor.runTestClass(JUnitTestClassExecutor.java:112)
	at org.gradle.api.internal.tasks.testing.junit.JUnitTestClassExecutor.execute(JUnitTestClassExecutor.java:58)
	at org.gradle.api.internal.tasks.testing.junit.JUnitTestClassExecutor.execute(JUnitTestClassExecutor.java:40)
	at org.gradle.api.internal.tasks.testing.junit.AbstractJUnitTestClassProcessor.processTestClass(AbstractJUnitTestClassProcessor.java:54)
	at org.gradle.api.internal.tasks.testing.SuiteTestClassProcessor.processTestClass(SuiteTestClassProcessor.java:53)
	at java.base/jdk.internal.reflect.NativeMethodAccessorImpl.invoke0(Native Method)
	at java.base/jdk.internal.reflect.NativeMethodAccessorImpl.invoke(NativeMethodAccessorImpl.java:62)
	at java.base/jdk.internal.reflect.DelegatingMethodAccessorImpl.invoke(DelegatingMethodAccessorImpl.java:43)
	at java.base/java.lang.reflect.Method.invoke(Method.java:566)
	at org.gradle.internal.dispatch.ReflectionDispatch.dispatch(ReflectionDispatch.java:36)
	at org.gradle.internal.dispatch.ReflectionDispatch.dispatch(ReflectionDispatch.java:24)
	at org.gradle.internal.dispatch.ContextClassLoaderDispatch.dispatch(ContextClassLoaderDispatch.java:33)
	at org.gradle.internal.dispatch.ProxyDispatchAdapter$DispatchingInvocationHandler.invoke(ProxyDispatchAdapter.java:92)
	at com.sun.proxy.$Proxy4.processTestClass(Unknown Source)
	at org.gradle.api.internal.tasks.testing.worker.TestWorker$2.run(TestWorker.java:183)
	at org.gradle.api.internal.tasks.testing.worker.TestWorker.executeAndMaintainThreadName(TestWorker.java:132)
	at org.gradle.api.internal.tasks.testing.worker.TestWorker.execute(TestWorker.java:103)
	at org.gradle.api.internal.tasks.testing.worker.TestWorker.execute(TestWorker.java:63)
	at org.gradle.process.internal.worker.child.ActionExecutionWorker.execute(ActionExecutionWorker.java:56)
	at org.gradle.process.internal.worker.child.SystemApplicationClassLoaderWorker.call(SystemApplicationClassLoaderWorker.java:121)
	at org.gradle.process.internal.worker.child.SystemApplicationClassLoaderWorker.call(SystemApplicationClassLoaderWorker.java:71)
	at worker.org.gradle.process.internal.worker.GradleWorkerMain.run(GradleWorkerMain.java:69)
	at worker.org.gradle.process.internal.worker.GradleWorkerMain.main(GradleWorkerMain.java:74)
</pre>
</span>
</div>
<div class="test">
<a name="testInterleave8x11and6x10"></a>
<h3 class="failures">testInterleave8x11and6x10</h3>
<span class="code">
<pre>java.util.NoSuchElementException: key not found: (0,8)
	at scala.collection.immutable.BitmapIndexedMapNode.apply(HashMap.scala:674)
	at scala.collection.immutable.BitmapIndexedMapNode.apply(HashMap.scala:672)
	at scala.collection.immutable.HashMap.apply(HashMap.scala:132)
	at tetris.logic.TetrisLogic.getCellType(TetrisLogic.scala:49)
	at tetris.TetrisLogicWrapper.getCell(TetrisTestSuiteBase.scala:48)
	at tetris.TetrisLogicWrapper.getCell(TetrisTestSuiteBase.scala:34)
	at generic.GameTestSuite.$anonfun$getDisplay$2(GameTestSuite.scala:138)
	at generic.GameTestSuite.$anonfun$getDisplay$2$adapted(GameTestSuite.scala:137)
	at scala.collection.immutable.Range.map(Range.scala:59)
	at generic.GameTestSuite.$anonfun$getDisplay$1(GameTestSuite.scala:137)
	at generic.GameTestSuite.$anonfun$getDisplay$1$adapted(GameTestSuite.scala:136)
	at scala.collection.immutable.Range.map(Range.scala:59)
	at generic.GameTestSuite.getGridDisplay$1(GameTestSuite.scala:136)
	at generic.GameTestSuite.getDisplay(GameTestSuite.scala:143)
	at generic.GameTestSuite.canInterleave(GameTestSuite.scala:160)
	at generic.GameTestSuite.checkInterleave(GameTestSuite.scala:301)
	at tetris.TetrisTestSuiteBase.checkInterleave(TetrisTestSuiteBase.scala:109)
	at tetris.FullGameTests.$anonfun$new$5(FullGameTests.scala:5757)
	at scala.runtime.java8.JFunction0$mcV$sp.apply(JFunction0$mcV$sp.scala:18)
	at infrastructure.TestBase.$anonfun$test$1(TestBase.scala:36)
	at org.scalatest.OutcomeOf.outcomeOf(OutcomeOf.scala:85)
	at org.scalatest.OutcomeOf.outcomeOf$(OutcomeOf.scala:83)
	at org.scalatest.OutcomeOf$.outcomeOf(OutcomeOf.scala:104)
	at org.scalatest.Transformer.apply(Transformer.scala:22)
	at org.scalatest.Transformer.apply(Transformer.scala:20)
	at org.scalatest.FunSuiteLike$$anon$1.apply(FunSuiteLike.scala:186)
	at org.scalatest.TestSuite.withFixture(TestSuite.scala:196)
	at org.scalatest.TestSuite.withFixture$(TestSuite.scala:195)
	at infrastructure.TestBase.org$scalatest$concurrent$TimeLimitedTests$$super$withFixture(TestBase.scala:9)
	at org.scalatest.concurrent.TimeLimitedTests.$anonfun$withFixture$3(TimeLimitedTests.scala:154)
	at org.scalatest.enablers.Timed$$anon$1.timeoutAfter(Timed.scala:127)
	at org.scalatest.concurrent.TimeLimits.failAfterImpl(TimeLimits.scala:239)
	at org.scalatest.concurrent.TimeLimits.failAfterImpl$(TimeLimits.scala:233)
	at org.scalatest.concurrent.TimeLimits$.failAfterImpl(TimeLimits.scala:305)
	at org.scalatest.concurrent.TimeLimitedTests.withFixture(TimeLimitedTests.scala:153)
	at org.scalatest.concurrent.TimeLimitedTests.withFixture$(TimeLimitedTests.scala:150)
	at infrastructure.TestBase.withFixture(TestBase.scala:9)
	at org.scalatest.FunSuiteLike.invokeWithFixture$1(FunSuiteLike.scala:184)
	at org.scalatest.FunSuiteLike.$anonfun$runTest$1(FunSuiteLike.scala:196)
	at org.scalatest.SuperEngine.runTestImpl(Engine.scala:286)
	at org.scalatest.FunSuiteLike.runTest(FunSuiteLike.scala:196)
	at org.scalatest.FunSuiteLike.runTest$(FunSuiteLike.scala:178)
	at org.scalatest.FunSuite.runTest(FunSuite.scala:1560)
	at org.scalatest.FunSuiteLike.$anonfun$runTests$1(FunSuiteLike.scala:229)
	at org.scalatest.SuperEngine.$anonfun$runTestsInBranch$1(Engine.scala:393)
	at scala.collection.immutable.List.foreach(List.scala:334)
	at org.scalatest.SuperEngine.traverseSubNodes$1(Engine.scala:381)
	at org.scalatest.SuperEngine.runTestsInBranch(Engine.scala:376)
	at org.scalatest.SuperEngine.runTestsImpl(Engine.scala:458)
	at org.scalatest.FunSuiteLike.runTests(FunSuiteLike.scala:229)
	at org.scalatest.FunSuiteLike.runTests$(FunSuiteLike.scala:228)
	at org.scalatest.FunSuite.runTests(FunSuite.scala:1560)
	at org.scalatest.Suite.run(Suite.scala:1124)
	at org.scalatest.Suite.run$(Suite.scala:1106)
	at org.scalatest.FunSuite.org$scalatest$FunSuiteLike$$super$run(FunSuite.scala:1560)
	at org.scalatest.FunSuiteLike.$anonfun$run$1(FunSuiteLike.scala:233)
	at org.scalatest.SuperEngine.runImpl(Engine.scala:518)
	at org.scalatest.FunSuiteLike.run(FunSuiteLike.scala:233)
	at org.scalatest.FunSuiteLike.run$(FunSuiteLike.scala:232)
	at infrastructure.TestBase.run(TestBase.scala:26)
	at org.scalatest.Suite.callExecuteOnSuite$1(Suite.scala:1187)
	at org.scalatest.Suite.$anonfun$runNestedSuites$1(Suite.scala:1234)
	at scala.collection.ArrayOps$.foreach$extension(ArrayOps.scala:1323)
	at org.scalatest.Suite.runNestedSuites(Suite.scala:1232)
	at org.scalatest.Suite.runNestedSuites$(Suite.scala:1166)
	at org.scalatest.Suites.runNestedSuites(Suites.scala:56)
	at org.scalatest.Suite.run(Suite.scala:1121)
	at org.scalatest.Suite.run$(Suite.scala:1106)
	at tetris.TetrisTestSuitesBase.runDirect(TetrisTestSuitesBase.scala:20)
	at tetris.TetrisTestSuitesBase.runWithScoreCounter(TetrisTestSuitesBase.scala:14)
	at tetris.TetrisTestSuite3_2.run(TetrisTestSuite3_2.scala:25)
	at org.scalatestplus.junit.JUnitRunner.run(JUnitRunner.scala:99)
	at org.gradle.api.internal.tasks.testing.junit.JUnitTestClassExecutor.runTestClass(JUnitTestClassExecutor.java:112)
	at org.gradle.api.internal.tasks.testing.junit.JUnitTestClassExecutor.execute(JUnitTestClassExecutor.java:58)
	at org.gradle.api.internal.tasks.testing.junit.JUnitTestClassExecutor.execute(JUnitTestClassExecutor.java:40)
	at org.gradle.api.internal.tasks.testing.junit.AbstractJUnitTestClassProcessor.processTestClass(AbstractJUnitTestClassProcessor.java:54)
	at org.gradle.api.internal.tasks.testing.SuiteTestClassProcessor.processTestClass(SuiteTestClassProcessor.java:53)
	at java.base/jdk.internal.reflect.NativeMethodAccessorImpl.invoke0(Native Method)
	at java.base/jdk.internal.reflect.NativeMethodAccessorImpl.invoke(NativeMethodAccessorImpl.java:62)
	at java.base/jdk.internal.reflect.DelegatingMethodAccessorImpl.invoke(DelegatingMethodAccessorImpl.java:43)
	at java.base/java.lang.reflect.Method.invoke(Method.java:566)
	at org.gradle.internal.dispatch.ReflectionDispatch.dispatch(ReflectionDispatch.java:36)
	at org.gradle.internal.dispatch.ReflectionDispatch.dispatch(ReflectionDispatch.java:24)
	at org.gradle.internal.dispatch.ContextClassLoaderDispatch.dispatch(ContextClassLoaderDispatch.java:33)
	at org.gradle.internal.dispatch.ProxyDispatchAdapter$DispatchingInvocationHandler.invoke(ProxyDispatchAdapter.java:92)
	at com.sun.proxy.$Proxy4.processTestClass(Unknown Source)
	at org.gradle.api.internal.tasks.testing.worker.TestWorker$2.run(TestWorker.java:183)
	at org.gradle.api.internal.tasks.testing.worker.TestWorker.executeAndMaintainThreadName(TestWorker.java:132)
	at org.gradle.api.internal.tasks.testing.worker.TestWorker.execute(TestWorker.java:103)
	at org.gradle.api.internal.tasks.testing.worker.TestWorker.execute(TestWorker.java:63)
	at org.gradle.process.internal.worker.child.ActionExecutionWorker.execute(ActionExecutionWorker.java:56)
	at org.gradle.process.internal.worker.child.SystemApplicationClassLoaderWorker.call(SystemApplicationClassLoaderWorker.java:121)
	at org.gradle.process.internal.worker.child.SystemApplicationClassLoaderWorker.call(SystemApplicationClassLoaderWorker.java:71)
	at worker.org.gradle.process.internal.worker.GradleWorkerMain.run(GradleWorkerMain.java:69)
	at worker.org.gradle.process.internal.worker.GradleWorkerMain.main(GradleWorkerMain.java:74)
</pre>
</span>
</div>
</div>
<div id="tab1" class="tab">
<h2>Tests</h2>
<table>
<thead>
<tr>
<th>Test</th>
<th>Duration</th>
<th>Result</th>
</tr>
</thead>
<tr>
<td class="failures">testGame5x9</td>
<td class="failures">0.010s</td>
<td class="failures">failed</td>
</tr>
<tr>
<td class="failures">testGame6x10</td>
<td class="failures">0.007s</td>
<td class="failures">failed</td>
</tr>
<tr>
<td class="failures">testGame8x11</td>
<td class="failures">0.007s</td>
<td class="failures">failed</td>
</tr>
<tr>
<td class="failures">testInterleave5x9and8x11</td>
<td class="failures">0.006s</td>
<td class="failures">failed</td>
</tr>
<tr>
<td class="failures">testInterleave8x11and6x10</td>
<td class="failures">0.012s</td>
<td class="failures">failed</td>
</tr>
</table>
</div>
<div id="tab2" class="tab">
<h2>Standard output</h2>
<span class="code">
<pre>HashMap((2,2) -&gt; Empty, (5,4) -&gt; Empty, (4,1) -&gt; Empty, (5,2) -&gt; Empty, (0,4) -&gt; Empty, (8,1) -&gt; Empty, (6,4) -&gt; Empty, (3,2) -&gt; Empty, (4,3) -&gt; Empty, (8,0) -&gt; Empty, (1,3) -&gt; Empty, (0,3) -&gt; Empty, (3,4) -&gt; Empty, (2,1) -&gt; Empty, (6,1) -&gt; Empty, (4,2) -&gt; Empty, (4,4) -&gt; Empty, (2,0) -&gt; Empty, (6,0) -&gt; Empty, (8,4) -&gt; Empty, (6,2) -&gt; Empty, (1,2) -&gt; Empty, (8,2) -&gt; Empty, (1,4) -&gt; Empty, (0,1) -&gt; Empty, (1,1) -&gt; Empty, (3,0) -&gt; Empty, (8,3) -&gt; Empty, (2,4) -&gt; Empty, (6,3) -&gt; Empty, (1,0) -&gt; Empty, (3,1) -&gt; Empty, (7,2) -&gt; Empty, (7,1) -&gt; Empty, (0,0) -&gt; Empty, (5,0) -&gt; Empty, (4,0) -&gt; Empty, (3,3) -&gt; Empty, (5,1) -&gt; Empty, (2,3) -&gt; Empty, (7,3) -&gt; Empty, (7,0) -&gt; Empty, (5,3) -&gt; Empty, (7,4) -&gt; Empty, (0,2) -&gt; Empty)
HashMap((4,1) -&gt; Empty, (5,2) -&gt; Empty, (6,4) -&gt; Empty, (8,0) -&gt; Empty, (5,6) -&gt; Empty, (2,2) -&gt; Empty, (5,4) -&gt; Empty, (8,5) -&gt; Empty, (10,5) -&gt; Empty, (3,4) -&gt; Empty, (2,1) -&gt; Empty, (9,3) -&gt; Empty, (4,7) -&gt; Empty, (7,5) -&gt; Empty, (6,1) -&gt; Empty, (2,5) -&gt; Empty, (4,2) -&gt; Empty, (4,4) -&gt; Empty, (2,0) -&gt; Empty, (2,6) -&gt; Empty, (6,0) -&gt; Empty, (8,4) -&gt; Empty, (9,7) -&gt; Empty, (9,1) -&gt; Empty, (1,2) -&gt; Empty, (6,5) -&gt; Empty, (6,2) -&gt; Empty, (8,2) -&gt; Empty, (1,4) -&gt; Empty, (4,6) -&gt; Empty, (4,5) -&gt; Empty, (10,2) -&gt; Empty, (0,1) -&gt; Empty, (1,1) -&gt; Empty, (9,0) -&gt; Empty, (6,7) -&gt; Empty, (0,4) -&gt; Empty, (2,7) -&gt; Empty, (10,4) -&gt; Empty, (9,4) -&gt; Empty, (8,1) -&gt; Empty, (1,6) -&gt; Empty, (7,7) -&gt; Empty, (3,0) -&gt; Empty, (8,3) -&gt; Empty, (10,0) -&gt; Empty, (0,5) -&gt; Empty, (2,4) -&gt; Empty, (3,7) -&gt; Empty, (9,2) -&gt; Empty, (6,3) -&gt; Empty, (3,2) -&gt; Empty, (9,6) -&gt; Empty, (10,7) -&gt; Empty, (8,6) -&gt; Empty, (1,0) -&gt; Empty, (3,1) -&gt; Empty, (1,5) -&gt; Empty, (10,6) -&gt; Empty, (7,2) -&gt; Empty, (7,1) -&gt; Empty, (10,3) -&gt; Empty, (0,0) -&gt; Empty, (5,0) -&gt; Empty, (8,7) -&gt; Empty, (4,0) -&gt; Empty, (3,3) -&gt; Empty, (0,7) -&gt; Empty, (4,3) -&gt; Empty, (1,7) -&gt; Empty, (10,1) -&gt; Empty, (9,5) -&gt; Empty, (5,1) -&gt; Empty, (3,6) -&gt; Empty, (2,3) -&gt; Empty, (3,5) -&gt; Empty, (7,3) -&gt; Empty, (7,0) -&gt; Empty, (1,3) -&gt; Empty, (5,5) -&gt; Empty, (0,6) -&gt; Empty, (0,3) -&gt; Empty, (5,7) -&gt; Empty, (5,3) -&gt; Empty, (7,4) -&gt; Empty, (6,6) -&gt; Empty, (0,2) -&gt; Empty, (7,6) -&gt; Empty)
HashMap((2,2) -&gt; Empty, (7,5) -&gt; Empty, (4,1) -&gt; Empty, (9,1) -&gt; Empty, (5,2) -&gt; Empty, (0,4) -&gt; Empty, (0,5) -&gt; Empty, (6,4) -&gt; Empty, (3,2) -&gt; Empty, (4,3) -&gt; Empty, (9,5) -&gt; Empty, (8,0) -&gt; Empty, (0,3) -&gt; Empty, (5,4) -&gt; Empty, (8,5) -&gt; Empty, (3,4) -&gt; Empty, (2,1) -&gt; Empty, (9,3) -&gt; Empty, (6,1) -&gt; Empty, (2,5) -&gt; Empty, (4,2) -&gt; Empty, (4,4) -&gt; Empty, (2,0) -&gt; Empty, (6,0) -&gt; Empty, (8,4) -&gt; Empty, (1,2) -&gt; Empty, (6,5) -&gt; Empty, (6,2) -&gt; Empty, (8,2) -&gt; Empty, (1,4) -&gt; Empty, (4,5) -&gt; Empty, (0,1) -&gt; Empty, (1,1) -&gt; Empty, (9,0) -&gt; Empty, (9,4) -&gt; Empty, (8,1) -&gt; Empty, (3,0) -&gt; Empty, (8,3) -&gt; Empty, (2,4) -&gt; Empty, (9,2) -&gt; Empty, (6,3) -&gt; Empty, (1,5) -&gt; Empty, (1,0) -&gt; Empty, (3,1) -&gt; Empty, (7,2) -&gt; Empty, (7,1) -&gt; Empty, (0,0) -&gt; Empty, (5,0) -&gt; Empty, (4,0) -&gt; Empty, (3,3) -&gt; Empty, (5,1) -&gt; Empty, (2,3) -&gt; Empty, (3,5) -&gt; Empty, (7,3) -&gt; Empty, (7,0) -&gt; Empty, (1,3) -&gt; Empty, (5,5) -&gt; Empty, (5,3) -&gt; Empty, (7,4) -&gt; Empty, (0,2) -&gt; Empty)
HashMap((2,2) -&gt; Empty, (5,4) -&gt; Empty, (4,1) -&gt; Empty, (5,2) -&gt; Empty, (0,4) -&gt; Empty, (8,1) -&gt; Empty, (6,4) -&gt; Empty, (3,2) -&gt; Empty, (4,3) -&gt; Empty, (8,0) -&gt; Empty, (1,3) -&gt; Empty, (0,3) -&gt; Empty, (3,4) -&gt; Empty, (2,1) -&gt; Empty, (6,1) -&gt; Empty, (4,2) -&gt; Empty, (4,4) -&gt; Empty, (2,0) -&gt; Empty, (6,0) -&gt; Empty, (8,4) -&gt; Empty, (6,2) -&gt; Empty, (1,2) -&gt; Empty, (8,2) -&gt; Empty, (1,4) -&gt; Empty, (0,1) -&gt; Empty, (1,1) -&gt; Empty, (3,0) -&gt; Empty, (8,3) -&gt; Empty, (2,4) -&gt; Empty, (6,3) -&gt; Empty, (1,0) -&gt; Empty, (3,1) -&gt; Empty, (7,2) -&gt; Empty, (7,1) -&gt; Empty, (0,0) -&gt; Empty, (5,0) -&gt; Empty, (4,0) -&gt; Empty, (3,3) -&gt; Empty, (5,1) -&gt; Empty, (2,3) -&gt; Empty, (7,3) -&gt; Empty, (7,0) -&gt; Empty, (5,3) -&gt; Empty, (7,4) -&gt; Empty, (0,2) -&gt; Empty)
HashMap((4,1) -&gt; Empty, (5,2) -&gt; Empty, (6,4) -&gt; Empty, (8,0) -&gt; Empty, (5,6) -&gt; Empty, (2,2) -&gt; Empty, (5,4) -&gt; Empty, (8,5) -&gt; Empty, (10,5) -&gt; Empty, (3,4) -&gt; Empty, (2,1) -&gt; Empty, (9,3) -&gt; Empty, (4,7) -&gt; Empty, (7,5) -&gt; Empty, (6,1) -&gt; Empty, (2,5) -&gt; Empty, (4,2) -&gt; Empty, (4,4) -&gt; Empty, (2,0) -&gt; Empty, (2,6) -&gt; Empty, (6,0) -&gt; Empty, (8,4) -&gt; Empty, (9,7) -&gt; Empty, (9,1) -&gt; Empty, (1,2) -&gt; Empty, (6,5) -&gt; Empty, (6,2) -&gt; Empty, (8,2) -&gt; Empty, (1,4) -&gt; Empty, (4,6) -&gt; Empty, (4,5) -&gt; Empty, (10,2) -&gt; Empty, (0,1) -&gt; Empty, (1,1) -&gt; Empty, (9,0) -&gt; Empty, (6,7) -&gt; Empty, (0,4) -&gt; Empty, (2,7) -&gt; Empty, (10,4) -&gt; Empty, (9,4) -&gt; Empty, (8,1) -&gt; Empty, (1,6) -&gt; Empty, (7,7) -&gt; Empty, (3,0) -&gt; Empty, (8,3) -&gt; Empty, (10,0) -&gt; Empty, (0,5) -&gt; Empty, (2,4) -&gt; Empty, (3,7) -&gt; Empty, (9,2) -&gt; Empty, (6,3) -&gt; Empty, (3,2) -&gt; Empty, (9,6) -&gt; Empty, (10,7) -&gt; Empty, (8,6) -&gt; Empty, (1,0) -&gt; Empty, (3,1) -&gt; Empty, (1,5) -&gt; Empty, (10,6) -&gt; Empty, (7,2) -&gt; Empty, (7,1) -&gt; Empty, (10,3) -&gt; Empty, (0,0) -&gt; Empty, (5,0) -&gt; Empty, (8,7) -&gt; Empty, (4,0) -&gt; Empty, (3,3) -&gt; Empty, (0,7) -&gt; Empty, (4,3) -&gt; Empty, (1,7) -&gt; Empty, (10,1) -&gt; Empty, (9,5) -&gt; Empty, (5,1) -&gt; Empty, (3,6) -&gt; Empty, (2,3) -&gt; Empty, (3,5) -&gt; Empty, (7,3) -&gt; Empty, (7,0) -&gt; Empty, (1,3) -&gt; Empty, (5,5) -&gt; Empty, (0,6) -&gt; Empty, (0,3) -&gt; Empty, (5,7) -&gt; Empty, (5,3) -&gt; Empty, (7,4) -&gt; Empty, (6,6) -&gt; Empty, (0,2) -&gt; Empty, (7,6) -&gt; Empty)
HashMap((4,1) -&gt; Empty, (5,2) -&gt; Empty, (6,4) -&gt; Empty, (8,0) -&gt; Empty, (5,6) -&gt; Empty, (2,2) -&gt; Empty, (5,4) -&gt; Empty, (8,5) -&gt; Empty, (10,5) -&gt; Empty, (3,4) -&gt; Empty, (2,1) -&gt; Empty, (9,3) -&gt; Empty, (4,7) -&gt; Empty, (7,5) -&gt; Empty, (6,1) -&gt; Empty, (2,5) -&gt; Empty, (4,2) -&gt; Empty, (4,4) -&gt; Empty, (2,0) -&gt; Empty, (2,6) -&gt; Empty, (6,0) -&gt; Empty, (8,4) -&gt; Empty, (9,7) -&gt; Empty, (9,1) -&gt; Empty, (1,2) -&gt; Empty, (6,5) -&gt; Empty, (6,2) -&gt; Empty, (8,2) -&gt; Empty, (1,4) -&gt; Empty, (4,6) -&gt; Empty, (4,5) -&gt; Empty, (10,2) -&gt; Empty, (0,1) -&gt; Empty, (1,1) -&gt; Empty, (9,0) -&gt; Empty, (6,7) -&gt; Empty, (0,4) -&gt; Empty, (2,7) -&gt; Empty, (10,4) -&gt; Empty, (9,4) -&gt; Empty, (8,1) -&gt; Empty, (1,6) -&gt; Empty, (7,7) -&gt; Empty, (3,0) -&gt; Empty, (8,3) -&gt; Empty, (10,0) -&gt; Empty, (0,5) -&gt; Empty, (2,4) -&gt; Empty, (3,7) -&gt; Empty, (9,2) -&gt; Empty, (6,3) -&gt; Empty, (3,2) -&gt; Empty, (9,6) -&gt; Empty, (10,7) -&gt; Empty, (8,6) -&gt; Empty, (1,0) -&gt; Empty, (3,1) -&gt; Empty, (1,5) -&gt; Empty, (10,6) -&gt; Empty, (7,2) -&gt; Empty, (7,1) -&gt; Empty, (10,3) -&gt; Empty, (0,0) -&gt; Empty, (5,0) -&gt; Empty, (8,7) -&gt; Empty, (4,0) -&gt; Empty, (3,3) -&gt; Empty, (0,7) -&gt; Empty, (4,3) -&gt; Empty, (1,7) -&gt; Empty, (10,1) -&gt; Empty, (9,5) -&gt; Empty, (5,1) -&gt; Empty, (3,6) -&gt; Empty, (2,3) -&gt; Empty, (3,5) -&gt; Empty, (7,3) -&gt; Empty, (7,0) -&gt; Empty, (1,3) -&gt; Empty, (5,5) -&gt; Empty, (0,6) -&gt; Empty, (0,3) -&gt; Empty, (5,7) -&gt; Empty, (5,3) -&gt; Empty, (7,4) -&gt; Empty, (6,6) -&gt; Empty, (0,2) -&gt; Empty, (7,6) -&gt; Empty)
HashMap((2,2) -&gt; Empty, (7,5) -&gt; Empty, (4,1) -&gt; Empty, (9,1) -&gt; Empty, (5,2) -&gt; Empty, (0,4) -&gt; Empty, (0,5) -&gt; Empty, (6,4) -&gt; Empty, (3,2) -&gt; Empty, (4,3) -&gt; Empty, (9,5) -&gt; Empty, (8,0) -&gt; Empty, (0,3) -&gt; Empty, (5,4) -&gt; Empty, (8,5) -&gt; Empty, (3,4) -&gt; Empty, (2,1) -&gt; Empty, (9,3) -&gt; Empty, (6,1) -&gt; Empty, (2,5) -&gt; Empty, (4,2) -&gt; Empty, (4,4) -&gt; Empty, (2,0) -&gt; Empty, (6,0) -&gt; Empty, (8,4) -&gt; Empty, (1,2) -&gt; Empty, (6,5) -&gt; Empty, (6,2) -&gt; Empty, (8,2) -&gt; Empty, (1,4) -&gt; Empty, (4,5) -&gt; Empty, (0,1) -&gt; Empty, (1,1) -&gt; Empty, (9,0) -&gt; Empty, (9,4) -&gt; Empty, (8,1) -&gt; Empty, (3,0) -&gt; Empty, (8,3) -&gt; Empty, (2,4) -&gt; Empty, (9,2) -&gt; Empty, (6,3) -&gt; Empty, (1,5) -&gt; Empty, (1,0) -&gt; Empty, (3,1) -&gt; Empty, (7,2) -&gt; Empty, (7,1) -&gt; Empty, (0,0) -&gt; Empty, (5,0) -&gt; Empty, (4,0) -&gt; Empty, (3,3) -&gt; Empty, (5,1) -&gt; Empty, (2,3) -&gt; Empty, (3,5) -&gt; Empty, (7,3) -&gt; Empty, (7,0) -&gt; Empty, (1,3) -&gt; Empty, (5,5) -&gt; Empty, (5,3) -&gt; Empty, (7,4) -&gt; Empty, (0,2) -&gt; Empty)
</pre>
</span>
</div>
</div>
<div id="footer">
<p>
<div>
<label class="hidden" id="label-for-line-wrapping-toggle" for="line-wrapping-toggle">Wrap lines
<input id="line-wrapping-toggle" type="checkbox" autocomplete="off"/>
</label>
</div>Generated by 
<a href="http://www.gradle.org">Gradle 8.10</a> at Sep 21, 2024, 4:25:02 PM</p>
</div>
</div>
</body>
</html>
